2026-03-07 00:00:47 | WARNING  | RabAI_AutoClick | keyboard模块未安装，全局热键不可用
2026-03-07 00:00:47 | INFO     | RabAI_AutoClick | RabAI AutoClick v22 增强版启动
2026-03-07 00:01:08 | INFO     | RabAI_AutoClick | 添加步骤: 查找图像
2026-03-07 00:01:10 | INFO     | RabAI_AutoClick | 添加步骤: 截图
2026-03-07 00:01:16 | INFO     | RabAI_AutoClick | 添加步骤: 查找图像
2026-03-07 00:01:22 | INFO     | RabAI_AutoClick | 添加步骤: 查找图像
2026-03-07 00:01:25 | INFO     | RabAI_AutoClick | 执行第 1/1 次循环
2026-03-07 00:01:25 | INFO     | RabAI_AutoClick | 执行步骤 [1]: find_image
2026-03-07 00:01:26 | INFO     | RabAI_AutoClick | ✓ 步骤 [1] 完成: 未找到匹配图像 (1.07秒)
2026-03-07 00:01:26 | INFO     | RabAI_AutoClick | 执行步骤 [2]: screenshot
2026-03-07 00:01:28 | INFO     | RabAI_AutoClick | ✓ 步骤 [2] 完成: 截图已保存: /Users/guige876/gram/rabai-autoclick-v22/screenshots/screenshot_20260307_000127.png (1.09秒)
2026-03-07 00:01:28 | INFO     | RabAI_AutoClick | 执行步骤 [3]: find_image
2026-03-07 00:01:28 | INFO     | RabAI_AutoClick | ✓ 步骤 [3] 完成: 找到图像: (3705, 1046) (0.66秒)
2026-03-07 00:01:28 | INFO     | RabAI_AutoClick | 执行步骤 [4]: find_image
2026-03-07 00:01:29 | INFO     | RabAI_AutoClick | ✓ 步骤 [4] 完成: 找到图像: (3705, 1046) (0.81秒)
2026-03-07 00:01:29 | INFO     | RabAI_AutoClick | ✓ 工作流执行完成 | 总耗时: 3.7秒
2026-03-07 00:02:04 | INFO     | RabAI_AutoClick | 添加步骤: 鼠标点击
2026-03-07 00:02:13 | INFO     | RabAI_AutoClick | 添加步骤: 鼠标点击
2026-03-07 00:02:16 | INFO     | RabAI_AutoClick | 删除步骤 [6]
2026-03-07 00:02:17 | INFO     | RabAI_AutoClick | 删除步骤 [5]
2026-03-07 00:03:10 | INFO     | RabAI_AutoClick | 程序退出
2026-03-07 00:06:18 | WARNING  | RabAI_AutoClick | keyboard模块未安装，全局热键不可用
2026-03-07 00:06:18 | INFO     | RabAI_AutoClick | RabAI AutoClick v22 增强版启动
2026-03-07 00:06:20 | INFO     | RabAI_AutoClick | ✓ 辅助功能权限已授权
2026-03-07 00:09:17 | INFO     | RabAI_AutoClick | 添加步骤: 查找图像
2026-03-07 00:09:32 | INFO     | RabAI_AutoClick | 添加步骤: 查找图像
2026-03-07 00:09:50 | INFO     | RabAI_AutoClick | 添加步骤: 鼠标点击
2026-03-07 00:09:58 | INFO     | RabAI_AutoClick | 添加步骤: 鼠标点击
2026-03-07 00:11:29 | INFO     | RabAI_AutoClick | 执行第 1/1 次循环
2026-03-07 00:11:29 | INFO     | RabAI_AutoClick | 执行步骤 [1]: find_image
2026-03-07 00:11:30 | INFO     | RabAI_AutoClick | ✓ 步骤 [1] 完成: 未找到匹配图像 (1.12秒)
2026-03-07 00:11:30 | INFO     | RabAI_AutoClick | 执行步骤 [2]: find_image
2026-03-07 00:11:31 | INFO     | RabAI_AutoClick | ✓ 步骤 [2] 完成: 未找到匹配图像 (0.88秒)
2026-03-07 00:11:31 | INFO     | RabAI_AutoClick | 执行步骤 [3]: click
2026-03-07 00:11:32 | INFO     | RabAI_AutoClick | ✓ 步骤 [3] 完成: 点击成功: (1612, 664) | 实际位置: Point(x=1612, y=664) (0.94秒)
2026-03-07 00:11:32 | INFO     | RabAI_AutoClick | 执行步骤 [4]: click
2026-03-07 00:11:33 | INFO     | RabAI_AutoClick | ✓ 步骤 [4] 完成: 点击成功: (1612, 664) | 实际位置: Point(x=1612, y=664) (1.05秒)
2026-03-07 00:11:33 | INFO     | RabAI_AutoClick | ✓ 工作流执行完成 | 总耗时: 4.0秒
2026-03-07 00:12:24 | INFO     | RabAI_AutoClick | 执行第 1/1 次循环
2026-03-07 00:12:24 | INFO     | RabAI_AutoClick | 执行步骤 [1]: find_image
2026-03-07 00:12:26 | INFO     | RabAI_AutoClick | ✓ 步骤 [1] 完成: 找到图像: (3705, 1046) (1.64秒)
2026-03-07 00:12:26 | INFO     | RabAI_AutoClick | 执行步骤 [2]: find_image
2026-03-07 00:12:28 | INFO     | RabAI_AutoClick | ✓ 步骤 [2] 完成: 未找到匹配图像 (1.85秒)
2026-03-07 00:12:28 | INFO     | RabAI_AutoClick | 执行步骤 [3]: click
2026-03-07 00:12:29 | INFO     | RabAI_AutoClick | ✓ 步骤 [3] 完成: 点击成功: (1594, 533) | 实际位置: Point(x=1594, y=533) (0.94秒)
2026-03-07 00:12:29 | INFO     | RabAI_AutoClick | 执行步骤 [4]: click
2026-03-07 00:12:30 | INFO     | RabAI_AutoClick | ✓ 步骤 [4] 完成: 点击成功: (1612, 664) | 实际位置: Point(x=1612, y=664) (0.95秒)
2026-03-07 00:12:30 | INFO     | RabAI_AutoClick | ✓ 工作流执行完成 | 总耗时: 5.4秒
2026-03-07 00:15:44 | WARNING  | RabAI_AutoClick | keyboard模块未安装，全局热键不可用
2026-03-07 00:15:44 | INFO     | RabAI_AutoClick | RabAI AutoClick v22 增强版启动
2026-03-07 00:15:46 | INFO     | RabAI_AutoClick | ✓ 辅助功能权限已授权
2026-03-07 00:16:03 | INFO     | RabAI_AutoClick | 程序退出
2026-03-07 00:16:22 | INFO     | RabAI_AutoClick | 添加步骤: 鼠标点击
2026-03-07 00:16:28 | INFO     | RabAI_AutoClick | 添加步骤: 鼠标点击
2026-03-07 00:19:04 | WARNING  | RabAI_AutoClick | keyboard模块未安装，全局热键不可用
2026-03-07 00:19:04 | INFO     | RabAI_AutoClick | RabAI AutoClick v22 增强版启动
2026-03-07 00:19:23 | INFO     | RabAI_AutoClick | 程序退出
2026-03-07 00:19:33 | INFO     | RabAI_AutoClick | 添加步骤: 鼠标点击
2026-03-07 00:19:41 | INFO     | RabAI_AutoClick | 添加步骤: 鼠标点击
2026-03-07 00:19:53 | INFO     | RabAI_AutoClick | 添加步骤: 查找图像
2026-03-07 00:19:59 | INFO     | RabAI_AutoClick | 添加步骤: 查找图像
2026-03-07 00:20:05 | INFO     | RabAI_AutoClick | 执行第 1/1 次循环
2026-03-07 00:20:05 | INFO     | RabAI_AutoClick | 执行步骤 [1]: click
2026-03-07 00:20:06 | INFO     | RabAI_AutoClick | ✓ 步骤 [1] 完成: 点击成功: (1733, 544) | 实际位置: Point(x=1733, y=544) (0.95秒)
2026-03-07 00:20:06 | INFO     | RabAI_AutoClick | 执行步骤 [2]: click
2026-03-07 00:20:07 | INFO     | RabAI_AutoClick | ✓ 步骤 [2] 完成: 点击成功: (1733, 544) | 实际位置: Point(x=1733, y=544) (0.94秒)
2026-03-07 00:20:07 | INFO     | RabAI_AutoClick | 执行步骤 [3]: find_image
2026-03-07 00:20:08 | INFO     | RabAI_AutoClick | ✓ 步骤 [3] 完成: 找到图像: (3705, 1046) (0.74秒)
2026-03-07 00:20:08 | INFO     | RabAI_AutoClick | 执行步骤 [4]: find_image
2026-03-07 00:20:08 | INFO     | RabAI_AutoClick | ✓ 步骤 [4] 完成: 找到图像: (3705, 1046) (0.59秒)
2026-03-07 00:20:08 | INFO     | RabAI_AutoClick | ✓ 工作流执行完成 | 总耗时: 3.2秒
2026-03-07 00:22:39 | WARNING  | RabAI_AutoClick | keyboard模块未安装，全局热键不可用
2026-03-07 00:22:39 | INFO     | RabAI_AutoClick | RabAI AutoClick v22 增强版启动
2026-03-07 00:22:40 | INFO     | RabAI_AutoClick | ✓ 辅助功能权限已授权
2026-03-07 00:22:45 | INFO     | RabAI_AutoClick | 程序退出
2026-03-07 00:22:57 | INFO     | RabAI_AutoClick | 添加步骤: 鼠标点击
2026-03-07 00:23:06 | INFO     | RabAI_AutoClick | 添加步骤: 鼠标点击
2026-03-07 00:23:22 | INFO     | RabAI_AutoClick | 添加步骤: 查找图像
2026-03-07 00:23:35 | INFO     | RabAI_AutoClick | 添加步骤: 查找图像
2026-03-07 00:23:41 | INFO     | RabAI_AutoClick | 程序退出
2026-03-07 00:26:55 | WARNING  | RabAI_AutoClick | keyboard模块未安装，全局热键不可用
2026-03-07 00:26:55 | INFO     | RabAI_AutoClick | RabAI AutoClick v22 增强版启动
2026-03-07 00:27:56 | WARNING  | RabAI_AutoClick | keyboard模块未安装，全局热键不可用
2026-03-07 00:27:56 | INFO     | RabAI_AutoClick | RabAI AutoClick v22 增强版启动
2026-03-07 00:28:12 | INFO     | RabAI_AutoClick | 添加步骤: 鼠标点击
2026-03-07 00:28:17 | INFO     | RabAI_AutoClick | 添加步骤: 鼠标点击
2026-03-07 00:28:31 | INFO     | RabAI_AutoClick | 添加步骤: 查找图像
2026-03-07 00:28:49 | INFO     | RabAI_AutoClick | 添加步骤: 查找图像
2026-03-07 00:29:04 | INFO     | RabAI_AutoClick | 添加步骤: 查找图像
2026-03-07 00:29:12 | INFO     | RabAI_AutoClick | 添加步骤: 鼠标点击
2026-03-07 00:33:08 | INFO     | RabAI_AutoClick | 执行第 1/1 次循环
2026-03-07 00:33:08 | INFO     | RabAI_AutoClick | 执行步骤 [1]: click
2026-03-07 00:33:09 | INFO     | RabAI_AutoClick | ✓ 步骤 [1] 完成: 点击成功: (1015, 762) | 实际位置: Point(x=1032, y=766) (0.98秒)
2026-03-07 00:33:09 | INFO     | RabAI_AutoClick | 执行步骤 [2]: click
2026-03-07 00:33:10 | INFO     | RabAI_AutoClick | ✓ 步骤 [2] 完成: 点击成功: (None, None) | 实际位置: Point(x=1032, y=766) (0.94秒)
2026-03-07 00:33:10 | INFO     | RabAI_AutoClick | 执行步骤 [3]: find_image
2026-03-07 00:33:12 | INFO     | RabAI_AutoClick | ✓ 步骤 [3] 完成: 未找到匹配图像 (1.59秒)
2026-03-07 00:33:12 | INFO     | RabAI_AutoClick | 执行步骤 [4]: find_image
2026-03-07 00:33:12 | INFO     | RabAI_AutoClick | ✓ 步骤 [4] 完成: 未找到匹配图像 (0.60秒)
2026-03-07 00:33:12 | INFO     | RabAI_AutoClick | 执行步骤 [5]: find_image
2026-03-07 00:33:13 | INFO     | RabAI_AutoClick | ✓ 步骤 [5] 完成: 未找到匹配图像 (0.76秒)
2026-03-07 00:33:13 | INFO     | RabAI_AutoClick | 执行步骤 [6]: click
2026-03-07 00:33:14 | INFO     | RabAI_AutoClick | ✓ 步骤 [6] 完成: 点击成功: (1117, 402) | 实际位置: Point(x=1117, y=402) (0.94秒)
2026-03-07 00:33:14 | INFO     | RabAI_AutoClick | ✓ 工作流执行完成 | 总耗时: 5.8秒
2026-03-07 00:33:28 | INFO     | RabAI_AutoClick | 删除步骤 [2]
2026-03-07 00:33:31 | INFO     | RabAI_AutoClick | 删除步骤 [1]
2026-03-07 00:33:37 | INFO     | RabAI_AutoClick | 删除步骤 [6]
2026-03-07 00:33:39 | INFO     | RabAI_AutoClick | 执行第 1/1 次循环
2026-03-07 00:33:39 | INFO     | RabAI_AutoClick | 执行步骤 [3]: find_image
2026-03-07 00:33:39 | INFO     | RabAI_AutoClick | ✓ 步骤 [3] 完成: 找到图像: (3705, 1046) (0.58秒)
2026-03-07 00:33:39 | INFO     | RabAI_AutoClick | 执行步骤 [4]: find_image
2026-03-07 00:33:40 | INFO     | RabAI_AutoClick | ✓ 步骤 [4] 完成: 未找到匹配图像 (0.60秒)
2026-03-07 00:33:40 | INFO     | RabAI_AutoClick | 执行步骤 [5]: find_image
2026-03-07 00:33:40 | INFO     | RabAI_AutoClick | ✓ 步骤 [5] 完成: 找到图像: (3705, 1046) (0.57秒)
2026-03-07 00:33:40 | INFO     | RabAI_AutoClick | ✓ 工作流执行完成 | 总耗时: 1.8秒
2026-03-07 00:35:22 | WARNING  | RabAI_AutoClick | keyboard模块未安装，全局热键不可用
2026-03-07 00:35:22 | INFO     | RabAI_AutoClick | RabAI AutoClick v22 增强版启动
2026-03-07 00:35:23 | INFO     | RabAI_AutoClick | ✓ 辅助功能权限已授权
2026-03-07 00:35:27 | INFO     | RabAI_AutoClick | 程序退出
2026-03-07 00:35:36 | INFO     | RabAI_AutoClick | 添加步骤: 鼠标点击
2026-03-07 00:35:49 | INFO     | RabAI_AutoClick | 添加步骤: 鼠标点击
2026-03-07 00:35:54 | INFO     | RabAI_AutoClick | 添加步骤: 鼠标点击
2026-03-07 00:36:18 | INFO     | RabAI_AutoClick | 添加步骤: 查找图像
2026-03-07 00:36:29 | INFO     | RabAI_AutoClick | 添加步骤: 查找图像
2026-03-07 00:36:56 | INFO     | RabAI_AutoClick | 添加步骤: 截图
2026-03-07 00:37:06 | INFO     | RabAI_AutoClick | 添加步骤: 截图
2026-03-07 00:37:10 | INFO     | RabAI_AutoClick | 删除步骤 [7]
2026-03-07 00:37:13 | INFO     | RabAI_AutoClick | 添加步骤: 查找图像
2026-03-07 00:37:22 | INFO     | RabAI_AutoClick | 执行第 1/1 次循环
2026-03-07 00:37:22 | INFO     | RabAI_AutoClick | 执行步骤 [1]: click
2026-03-07 00:37:23 | INFO     | RabAI_AutoClick | ✓ 步骤 [1] 完成: 点击成功: (630, 131) | 实际位置: Point(x=707, y=138) (1.00秒)
2026-03-07 00:37:23 | INFO     | RabAI_AutoClick | 执行步骤 [2]: click
2026-03-07 00:37:24 | INFO     | RabAI_AutoClick | ✓ 步骤 [2] 完成: 点击成功: (784, 300) | 实际位置: Point(x=784, y=300) (1.15秒)
2026-03-07 00:37:24 | INFO     | RabAI_AutoClick | 执行步骤 [3]: click
2026-03-07 00:37:25 | INFO     | RabAI_AutoClick | ✓ 步骤 [3] 完成: 点击成功: (1350, 215) | 实际位置: Point(x=1346, y=208) (0.98秒)
2026-03-07 00:37:25 | INFO     | RabAI_AutoClick | 执行步骤 [4]: find_image
2026-03-07 00:37:26 | INFO     | RabAI_AutoClick | ✓ 步骤 [4] 完成: 找到图像: (3705, 1046) (0.94秒)
2026-03-07 00:37:26 | INFO     | RabAI_AutoClick | 执行步骤 [5]: find_image
2026-03-07 00:37:27 | INFO     | RabAI_AutoClick | ✓ 步骤 [5] 完成: 未找到匹配图像 (0.85秒)
2026-03-07 00:37:27 | INFO     | RabAI_AutoClick | 执行步骤 [6]: screenshot
2026-03-07 00:37:27 | INFO     | RabAI_AutoClick | ✓ 步骤 [6] 完成: 截图已保存: /Users/guige876/gram/rabai-autoclick-v22/screenshots/screenshot_20260307_003727.png (0.79秒)
2026-03-07 00:37:27 | INFO     | RabAI_AutoClick | 执行步骤 [8]: find_image
2026-03-07 00:37:28 | INFO     | RabAI_AutoClick | ✓ 步骤 [8] 完成: 找到图像: (3705, 1046) (0.59秒)
2026-03-07 00:37:28 | INFO     | RabAI_AutoClick | ✓ 工作流执行完成 | 总耗时: 6.3秒
2026-03-07 00:38:01 | INFO     | RabAI_AutoClick | 设置OCR区域: (1526, 263, 378x548)
2026-03-07 00:43:03 | INFO     | RabAI_AutoClick | 程序退出
2026-03-07 00:43:12 | WARNING  | RabAI_AutoClick | keyboard模块未安装，全局热键不可用
2026-03-07 00:43:12 | INFO     | RabAI_AutoClick | RabAI AutoClick v22 增强版启动
2026-03-07 00:43:25 | INFO     | RabAI_AutoClick | 添加步骤: 查找图像
2026-03-07 00:43:27 | INFO     | RabAI_AutoClick | 添加步骤: 查找图像
2026-03-07 00:43:34 | INFO     | RabAI_AutoClick | 执行第 1/1 次循环
2026-03-07 00:43:34 | INFO     | RabAI_AutoClick | 执行步骤 [1]: find_image
2026-03-07 00:43:35 | INFO     | RabAI_AutoClick | ✓ 步骤 [1] 完成: 找到图像: (3705, 1046) (1.18秒)
2026-03-07 00:43:35 | INFO     | RabAI_AutoClick | 执行步骤 [2]: find_image
2026-03-07 00:43:36 | INFO     | RabAI_AutoClick | ✓ 步骤 [2] 完成: 未找到匹配图像 (0.96秒)
2026-03-07 00:43:36 | INFO     | RabAI_AutoClick | ✓ 工作流执行完成 | 总耗时: 2.2秒
2026-03-07 00:44:16 | INFO     | RabAI_AutoClick | 设置OCR区域: (1494, 283, 411x441)
2026-03-07 00:45:04 | WARNING  | RabAI_AutoClick | keyboard模块未安装，全局热键不可用
2026-03-07 00:45:04 | INFO     | RabAI_AutoClick | RabAI AutoClick v22 增强版启动
2026-03-07 00:45:05 | INFO     | RabAI_AutoClick | ✓ 辅助功能权限已授权
2026-03-07 00:46:05 | INFO     | RabAI_AutoClick | 添加步骤: 查找图像
2026-03-07 00:46:09 | INFO     | RabAI_AutoClick | 添加步骤: 查找图像
2026-03-07 00:46:15 | INFO     | RabAI_AutoClick | 添加步骤: 查找图像
2026-03-07 00:46:16 | INFO     | RabAI_AutoClick | 执行第 1/1 次循环
2026-03-07 00:46:16 | INFO     | RabAI_AutoClick | 执行步骤 [1]: find_image
2026-03-07 00:46:17 | INFO     | RabAI_AutoClick | ✓ 步骤 [1] 完成: 未找到匹配图像 (0.91秒)
2026-03-07 00:46:17 | INFO     | RabAI_AutoClick | 执行步骤 [2]: find_image
2026-03-07 00:46:17 | INFO     | RabAI_AutoClick | ✓ 步骤 [2] 完成: 找到图像: (3705, 1046) (0.64秒)
2026-03-07 00:46:17 | INFO     | RabAI_AutoClick | 执行步骤 [3]: find_image
2026-03-07 00:46:18 | INFO     | RabAI_AutoClick | ✓ 步骤 [3] 完成: 找到图像: (3705, 1046) (0.56秒)
2026-03-07 00:46:18 | INFO     | RabAI_AutoClick | ✓ 工作流执行完成 | 总耗时: 2.1秒
2026-03-07 00:46:38 | INFO     | RabAI_AutoClick | 添加步骤: 查找图像
2026-03-07 00:46:49 | INFO     | RabAI_AutoClick | 添加步骤: 查找图像
2026-03-07 00:46:55 | INFO     | RabAI_AutoClick | 执行第 1/1 次循环
2026-03-07 00:46:55 | INFO     | RabAI_AutoClick | 执行步骤 [1]: find_image
2026-03-07 00:46:56 | INFO     | RabAI_AutoClick | ✓ 步骤 [1] 完成: 未找到匹配图像 (0.80秒)
2026-03-07 00:46:56 | INFO     | RabAI_AutoClick | 执行步骤 [2]: find_image
2026-03-07 00:46:56 | INFO     | RabAI_AutoClick | ✓ 步骤 [2] 完成: 找到图像: (3705, 1046) (0.53秒)
2026-03-07 00:46:56 | INFO     | RabAI_AutoClick | 执行步骤 [3]: find_image
2026-03-07 00:46:57 | INFO     | RabAI_AutoClick | ✓ 步骤 [3] 完成: 找到图像: (3705, 1046) (0.58秒)
2026-03-07 00:46:57 | INFO     | RabAI_AutoClick | 执行步骤 [4]: find_image
2026-03-07 00:46:57 | INFO     | RabAI_AutoClick | ✓ 步骤 [4] 完成: 未找到匹配图像 (0.54秒)
2026-03-07 00:46:57 | INFO     | RabAI_AutoClick | 执行步骤 [5]: find_image
2026-03-07 00:46:58 | INFO     | RabAI_AutoClick | ✓ 步骤 [5] 完成: 找到图像: (3705, 1046) (0.51秒)
2026-03-07 00:46:58 | INFO     | RabAI_AutoClick | ✓ 工作流执行完成 | 总耗时: 3.0秒
2026-03-07 00:47:41 | INFO     | RabAI_AutoClick | 执行第 1/1 次循环
2026-03-07 00:47:41 | INFO     | RabAI_AutoClick | 执行步骤 [1]: find_image
2026-03-07 00:47:41 | INFO     | RabAI_AutoClick | ✓ 步骤 [1] 完成: 找到图像: (3455, 1037) (0.81秒)
2026-03-07 00:47:41 | INFO     | RabAI_AutoClick | 执行步骤 [2]: find_image
2026-03-07 00:47:42 | INFO     | RabAI_AutoClick | ✓ 步骤 [2] 完成: 找到图像: (3705, 1046) (0.56秒)
2026-03-07 00:47:42 | INFO     | RabAI_AutoClick | 执行步骤 [3]: find_image
2026-03-07 00:47:43 | INFO     | RabAI_AutoClick | ✓ 步骤 [3] 完成: 找到图像: (3705, 1046) (0.60秒)
2026-03-07 00:47:43 | INFO     | RabAI_AutoClick | 执行步骤 [4]: find_image
2026-03-07 00:47:43 | INFO     | RabAI_AutoClick | ✓ 步骤 [4] 完成: 找到图像: (3455, 1037) (0.64秒)
2026-03-07 00:47:43 | INFO     | RabAI_AutoClick | 执行步骤 [5]: find_image
2026-03-07 00:47:44 | INFO     | RabAI_AutoClick | ✓ 步骤 [5] 完成: 找到图像: (3705, 1046) (0.52秒)
2026-03-07 00:47:44 | INFO     | RabAI_AutoClick | ✓ 工作流执行完成 | 总耗时: 3.1秒
2026-03-07 00:49:38 | INFO     | RabAI_AutoClick | 程序退出
2026-03-07 00:49:41 | INFO     | RabAI_AutoClick | 程序退出
2026-03-07 00:52:36 | WARNING  | RabAI_AutoClick | keyboard模块未安装，全局热键不可用
2026-03-07 00:52:36 | INFO     | RabAI_AutoClick | RabAI AutoClick v22 增强版启动
2026-03-07 00:52:38 | INFO     | RabAI_AutoClick | ✓ 辅助功能权限已授权
2026-03-07 00:52:48 | INFO     | RabAI_AutoClick | 设置OCR区域: (1263, 52, 637x876)
2026-03-07 00:53:12 | INFO     | RabAI_AutoClick | 添加步骤: 查找图像
2026-03-07 00:53:14 | INFO     | RabAI_AutoClick | 添加步骤: 查找图像
2026-03-07 00:53:18 | INFO     | RabAI_AutoClick | 添加步骤: 查找图像
2026-03-07 00:53:23 | INFO     | RabAI_AutoClick | 添加步骤: 查找图像
2026-03-07 00:53:31 | INFO     | RabAI_AutoClick | 使用识别区域: (1263, 52, 637, 876)
2026-03-07 00:53:31 | INFO     | RabAI_AutoClick | 执行第 1/1 次循环
2026-03-07 00:53:31 | INFO     | RabAI_AutoClick | 执行步骤 [1]: find_image
2026-03-07 00:53:31 | INFO     | RabAI_AutoClick | ✓ 步骤 [1] 完成: 未找到匹配图像 (0.79秒)
2026-03-07 00:53:31 | INFO     | RabAI_AutoClick | 执行步骤 [2]: find_image
2026-03-07 00:53:32 | INFO     | RabAI_AutoClick | ✓ 步骤 [2] 完成: 未找到匹配图像 (0.26秒)
2026-03-07 00:53:32 | INFO     | RabAI_AutoClick | 执行步骤 [3]: find_image
2026-03-07 00:53:32 | INFO     | RabAI_AutoClick | ✓ 步骤 [3] 完成: 未找到匹配图像 (0.25秒)
2026-03-07 00:53:32 | INFO     | RabAI_AutoClick | 执行步骤 [4]: find_image
2026-03-07 00:53:32 | INFO     | RabAI_AutoClick | ✓ 步骤 [4] 完成: 未找到匹配图像 (0.25秒)
2026-03-07 00:53:32 | INFO     | RabAI_AutoClick | ✓ 工作流执行完成 | 总耗时: 1.6秒
2026-03-07 00:53:40 | INFO     | RabAI_AutoClick | 使用识别区域: (1263, 52, 637, 876)
2026-03-07 00:53:40 | INFO     | RabAI_AutoClick | 执行第 1/1 次循环
2026-03-07 00:53:40 | INFO     | RabAI_AutoClick | 执行步骤 [1]: find_image
2026-03-07 00:53:41 | INFO     | RabAI_AutoClick | ✓ 步骤 [1] 完成: 未找到匹配图像 (0.40秒)
2026-03-07 00:53:41 | INFO     | RabAI_AutoClick | 执行步骤 [2]: find_image
2026-03-07 00:53:41 | INFO     | RabAI_AutoClick | ✓ 步骤 [2] 完成: 未找到匹配图像 (0.23秒)
2026-03-07 00:53:41 | INFO     | RabAI_AutoClick | 执行步骤 [3]: find_image
2026-03-07 00:53:41 | INFO     | RabAI_AutoClick | ✓ 步骤 [3] 完成: 未找到匹配图像 (0.23秒)
2026-03-07 00:53:41 | INFO     | RabAI_AutoClick | 执行步骤 [4]: find_image
2026-03-07 00:53:41 | INFO     | RabAI_AutoClick | ✓ 步骤 [4] 完成: 未找到匹配图像 (0.21秒)
2026-03-07 00:53:41 | INFO     | RabAI_AutoClick | ✓ 工作流执行完成 | 总耗时: 1.1秒
2026-03-07 00:53:53 | INFO     | RabAI_AutoClick | 使用识别区域: (1263, 52, 637, 876)
2026-03-07 00:53:53 | INFO     | RabAI_AutoClick | 执行第 1/1 次循环
2026-03-07 00:53:53 | INFO     | RabAI_AutoClick | 执行步骤 [1]: find_image
2026-03-07 00:53:54 | INFO     | RabAI_AutoClick | ✓ 步骤 [1] 完成: 未找到匹配图像 (0.38秒)
2026-03-07 00:53:54 | INFO     | RabAI_AutoClick | 执行步骤 [2]: find_image
2026-03-07 00:53:54 | INFO     | RabAI_AutoClick | ✓ 步骤 [2] 完成: 未找到匹配图像 (0.23秒)
2026-03-07 00:53:54 | INFO     | RabAI_AutoClick | 执行步骤 [3]: find_image
2026-03-07 00:53:54 | INFO     | RabAI_AutoClick | ✓ 步骤 [3] 完成: 未找到匹配图像 (0.24秒)
2026-03-07 00:53:54 | INFO     | RabAI_AutoClick | 执行步骤 [4]: find_image
2026-03-07 00:53:54 | INFO     | RabAI_AutoClick | ✓ 步骤 [4] 完成: 未找到匹配图像 (0.18秒)
2026-03-07 00:53:54 | INFO     | RabAI_AutoClick | ✓ 工作流执行完成 | 总耗时: 1.0秒
2026-03-07 00:55:16 | INFO     | RabAI_AutoClick | 程序退出
2026-03-07 00:58:28 | WARNING  | RabAI_AutoClick | keyboard模块未安装，全局热键不可用
2026-03-07 00:58:28 | INFO     | RabAI_AutoClick | RabAI AutoClick v22 增强版启动
2026-03-07 00:58:29 | INFO     | RabAI_AutoClick | ✓ 辅助功能权限已授权
2026-03-07 00:58:38 | INFO     | RabAI_AutoClick | 设置OCR区域: (1283, 40, 635x907)
2026-03-07 00:58:44 | INFO     | RabAI_AutoClick | 添加步骤: 查找图像
2026-03-07 00:58:55 | INFO     | RabAI_AutoClick | 添加步骤: 查找图像
2026-03-07 00:59:00 | INFO     | RabAI_AutoClick | 添加步骤: 查找图像
2026-03-07 00:59:07 | INFO     | RabAI_AutoClick | 使用识别区域: (1283, 40, 635, 907)
2026-03-07 00:59:07 | INFO     | RabAI_AutoClick | 执行第 1/1 次循环
2026-03-07 00:59:07 | INFO     | RabAI_AutoClick | 执行步骤 [1]: find_image
2026-03-07 00:59:07 | INFO     | RabAI_AutoClick | ✓ 步骤 [1] 完成: 未找到匹配图像 (0.45秒)
2026-03-07 00:59:07 | INFO     | RabAI_AutoClick | 执行步骤 [2]: find_image
2026-03-07 00:59:07 | INFO     | RabAI_AutoClick | ✓ 步骤 [2] 完成: 未找到匹配图像 (0.24秒)
2026-03-07 00:59:07 | INFO     | RabAI_AutoClick | 执行步骤 [3]: find_image
2026-03-07 00:59:07 | INFO     | RabAI_AutoClick | ✓ 步骤 [3] 完成: 未找到匹配图像 (0.20秒)
2026-03-07 00:59:07 | INFO     | RabAI_AutoClick | ✓ 工作流执行完成 | 总耗时: 0.9秒
2026-03-07 00:59:12 | WARNING  | RabAI_AutoClick | keyboard模块未安装，全局热键不可用
2026-03-07 00:59:12 | INFO     | RabAI_AutoClick | RabAI AutoClick v22 增强版启动
2026-03-07 00:59:13 | INFO     | RabAI_AutoClick | ✓ 辅助功能权限已授权
2026-03-07 00:59:21 | INFO     | RabAI_AutoClick | 程序退出
2026-03-07 00:59:32 | INFO     | RabAI_AutoClick | 设置OCR区域: (1298, 26, 602x913)
2026-03-07 00:59:40 | INFO     | RabAI_AutoClick | 添加步骤: 查找图像
2026-03-07 00:59:45 | INFO     | RabAI_AutoClick | 添加步骤: 查找图像
2026-03-07 00:59:49 | INFO     | RabAI_AutoClick | 添加步骤: 查找图像
2026-03-07 00:59:50 | INFO     | RabAI_AutoClick | 使用识别区域: (1298, 26, 602, 913)
2026-03-07 00:59:50 | INFO     | RabAI_AutoClick | 执行第 1/1 次循环
2026-03-07 00:59:50 | INFO     | RabAI_AutoClick | 执行步骤 [1]: find_image
2026-03-07 00:59:51 | INFO     | RabAI_AutoClick | ✓ 步骤 [1] 完成: 未找到匹配图像 (0.43秒)
2026-03-07 00:59:51 | INFO     | RabAI_AutoClick | 执行步骤 [2]: find_image
2026-03-07 00:59:51 | INFO     | RabAI_AutoClick | ✓ 步骤 [2] 完成: 未找到匹配图像 (0.21秒)
2026-03-07 00:59:51 | INFO     | RabAI_AutoClick | 执行步骤 [3]: find_image
2026-03-07 00:59:51 | INFO     | RabAI_AutoClick | ✓ 步骤 [3] 完成: 未找到匹配图像 (0.19秒)
2026-03-07 00:59:51 | INFO     | RabAI_AutoClick | ✓ 工作流执行完成 | 总耗时: 0.9秒
2026-03-07 01:00:02 | INFO     | RabAI_AutoClick | 执行第 1/1 次循环
2026-03-07 01:00:02 | INFO     | RabAI_AutoClick | 执行步骤 [1]: find_image
2026-03-07 01:00:03 | INFO     | RabAI_AutoClick | ✓ 步骤 [1] 完成: 找到图像: (3705, 1046) (0.77秒)
2026-03-07 01:00:03 | INFO     | RabAI_AutoClick | 执行步骤 [2]: find_image
2026-03-07 01:00:03 | INFO     | RabAI_AutoClick | ✓ 步骤 [2] 完成: 未找到匹配图像 (0.60秒)
2026-03-07 01:00:03 | INFO     | RabAI_AutoClick | 执行步骤 [3]: find_image
2026-03-07 01:00:04 | INFO     | RabAI_AutoClick | ✓ 步骤 [3] 完成: 未找到匹配图像 (0.60秒)
2026-03-07 01:00:04 | INFO     | RabAI_AutoClick | ✓ 工作流执行完成 | 总耗时: 2.0秒
2026-03-07 01:02:03 | INFO     | RabAI_AutoClick | 程序退出
2026-03-07 01:03:12 | WARNING  | RabAI_AutoClick | keyboard模块未安装，全局热键不可用
2026-03-07 01:03:12 | INFO     | RabAI_AutoClick | RabAI AutoClick v22 增强版启动
2026-03-07 01:03:32 | INFO     | RabAI_AutoClick | 添加步骤: 查找图像
2026-03-07 01:03:37 | INFO     | RabAI_AutoClick | 添加步骤: 查找图像
2026-03-07 01:03:44 | INFO     | RabAI_AutoClick | 添加步骤: 查找图像
2026-03-07 01:04:06 | INFO     | RabAI_AutoClick | 执行第 1/1 次循环
2026-03-07 01:04:06 | INFO     | RabAI_AutoClick | 执行步骤 [1]: find_image
2026-03-07 01:04:07 | INFO     | RabAI_AutoClick | ✓ 步骤 [1] 完成: 未找到匹配图像 (1.10秒)
2026-03-07 01:04:07 | INFO     | RabAI_AutoClick | 执行步骤 [2]: find_image
2026-03-07 01:04:08 | INFO     | RabAI_AutoClick | ✓ 步骤 [2] 完成: 找到图像: (3705, 1046) (0.69秒)
2026-03-07 01:04:08 | INFO     | RabAI_AutoClick | 执行步骤 [3]: find_image
2026-03-07 01:04:09 | INFO     | RabAI_AutoClick | ✓ 步骤 [3] 完成: 找到图像: (3455, 1037) (0.66秒)
2026-03-07 01:04:09 | INFO     | RabAI_AutoClick | ✓ 工作流执行完成 | 总耗时: 2.5秒
2026-03-07 01:04:26 | INFO     | RabAI_AutoClick | 设置OCR区域: (1280, 37, 627x911)
2026-03-07 01:04:29 | INFO     | RabAI_AutoClick | 使用识别区域: (1280, 37, 627, 911)
2026-03-07 01:04:29 | INFO     | RabAI_AutoClick | 执行第 1/1 次循环
2026-03-07 01:04:29 | INFO     | RabAI_AutoClick | 执行步骤 [1]: find_image
2026-03-07 01:04:29 | INFO     | RabAI_AutoClick | ✓ 步骤 [1] 完成: 未找到匹配图像 (0.39秒)
2026-03-07 01:04:29 | INFO     | RabAI_AutoClick | 执行步骤 [2]: find_image
2026-03-07 01:04:30 | INFO     | RabAI_AutoClick | ✓ 步骤 [2] 完成: 未找到匹配图像 (0.21秒)
2026-03-07 01:04:30 | INFO     | RabAI_AutoClick | 执行步骤 [3]: find_image
2026-03-07 01:04:30 | INFO     | RabAI_AutoClick | ✓ 步骤 [3] 完成: 未找到匹配图像 (0.19秒)
2026-03-07 01:04:30 | INFO     | RabAI_AutoClick | ✓ 工作流执行完成 | 总耗时: 0.8秒
2026-03-07 01:06:53 | INFO     | RabAI_AutoClick | 程序退出
2026-03-07 01:07:47 | WARNING  | RabAI_AutoClick | keyboard模块未安装，全局热键不可用
2026-03-07 01:07:47 | INFO     | RabAI_AutoClick | RabAI AutoClick v22 增强版启动
2026-03-07 01:08:02 | INFO     | RabAI_AutoClick | 设置OCR区域: (1302, 19, 618x911)
2026-03-07 01:08:14 | INFO     | RabAI_AutoClick | 添加步骤: 查找图像
2026-03-07 01:08:15 | INFO     | RabAI_AutoClick | 添加步骤: 查找图像
2026-03-07 01:08:15 | INFO     | RabAI_AutoClick | 添加步骤: 查找图像
2026-03-07 01:08:38 | INFO     | RabAI_AutoClick | 使用识别区域: (1302, 19, 618, 911)
2026-03-07 01:08:38 | INFO     | RabAI_AutoClick | 执行第 1/1 次循环
2026-03-07 01:08:39 | INFO     | RabAI_AutoClick | 执行步骤 [1]: find_image
2026-03-07 01:08:39 | INFO     | RabAI_AutoClick | ✓ 步骤 [1] 完成: 找到图像: (1436, 812) (0.57秒)
2026-03-07 01:08:39 | INFO     | RabAI_AutoClick | 执行步骤 [2]: find_image
2026-03-07 01:08:39 | INFO     | RabAI_AutoClick | ✓ 步骤 [2] 完成: 找到图像: (1419, 810) (0.23秒)
2026-03-07 01:08:39 | INFO     | RabAI_AutoClick | 执行步骤 [3]: find_image
2026-03-07 01:08:40 | INFO     | RabAI_AutoClick | ✓ 步骤 [3] 完成: 未找到匹配图像 (0.22秒)
2026-03-07 01:08:40 | INFO     | RabAI_AutoClick | ✓ 工作流执行完成 | 总耗时: 1.0秒
2026-03-07 01:09:08 | INFO     | RabAI_AutoClick | 使用识别区域: (1302, 19, 618, 911)
2026-03-07 01:09:08 | INFO     | RabAI_AutoClick | 执行第 1/1 次循环
2026-03-07 01:09:08 | INFO     | RabAI_AutoClick | 执行步骤 [1]: find_image
2026-03-07 01:09:09 | INFO     | RabAI_AutoClick | ✓ 步骤 [1] 完成: 找到图像: (1403, 755) (0.35秒)
2026-03-07 01:09:09 | INFO     | RabAI_AutoClick | 执行步骤 [2]: find_image
2026-03-07 01:09:09 | INFO     | RabAI_AutoClick | ✓ 步骤 [2] 完成: 找到图像: (1402, 777) (0.19秒)
2026-03-07 01:09:09 | INFO     | RabAI_AutoClick | 执行步骤 [3]: find_image
2026-03-07 01:09:09 | INFO     | RabAI_AutoClick | ✓ 步骤 [3] 完成: 找到图像: (1418, 792) (0.22秒)
2026-03-07 01:09:09 | INFO     | RabAI_AutoClick | ✓ 工作流执行完成 | 总耗时: 0.8秒
2026-03-07 01:09:27 | INFO     | RabAI_AutoClick | 添加步骤: 图像识别点击
2026-03-07 01:09:30 | INFO     | RabAI_AutoClick | 删除步骤 [3]
2026-03-07 01:09:33 | INFO     | RabAI_AutoClick | 删除步骤 [1]
2026-03-07 01:09:34 | INFO     | RabAI_AutoClick | 删除步骤 [2]
2026-03-07 01:09:41 | INFO     | RabAI_AutoClick | 添加步骤: 图像识别点击
2026-03-07 01:09:53 | INFO     | RabAI_AutoClick | 添加步骤: 图像识别点击
2026-03-07 01:10:04 | INFO     | RabAI_AutoClick | 使用识别区域: (1302, 19, 618, 911)
2026-03-07 01:10:04 | INFO     | RabAI_AutoClick | 执行第 1/1 次循环
2026-03-07 01:10:04 | INFO     | RabAI_AutoClick | 执行步骤 [4]: click_image
2026-03-07 01:10:04 | ERROR    | RabAI_AutoClick | 步骤 [4] 失败: 图像匹配失败: unsupported operand type(s) for +=: 'int' and 'str'
2026-03-07 01:10:04 | ERROR    | RabAI_AutoClick | 步骤 [4] 错误: 图像匹配失败: unsupported operand type(s) for +=: 'int' and 'str'
2026-03-07 01:10:04 | INFO     | RabAI_AutoClick | ✓ 工作流执行完成 | 总耗时: 0.4秒
2026-03-07 01:11:36 | WARNING  | RabAI_AutoClick | keyboard模块未安装，全局热键不可用
2026-03-07 01:11:36 | INFO     | RabAI_AutoClick | RabAI AutoClick v22 增强版启动
2026-03-07 01:11:38 | INFO     | RabAI_AutoClick | ✓ 辅助功能权限已授权
2026-03-07 01:11:41 | INFO     | RabAI_AutoClick | 程序退出
2026-03-07 01:11:52 | WARNING  | RabAI_AutoClick | keyboard模块未安装，全局热键不可用
2026-03-07 01:11:52 | INFO     | RabAI_AutoClick | RabAI AutoClick v22 增强版启动
2026-03-07 01:11:53 | INFO     | RabAI_AutoClick | ✓ 辅助功能权限已授权
2026-03-07 01:11:59 | INFO     | RabAI_AutoClick | 程序退出
2026-03-07 01:12:15 | INFO     | RabAI_AutoClick | 添加步骤: 图像识别点击
2026-03-07 01:12:16 | INFO     | RabAI_AutoClick | 执行第 1/1 次循环
2026-03-07 01:12:16 | INFO     | RabAI_AutoClick | 执行步骤 [1]: click_image
2026-03-07 01:12:16 | ERROR    | RabAI_AutoClick | 步骤 [1] 错误: 执行步骤失败: invalid literal for int() with base 10: '(0'
2026-03-07 01:12:16 | INFO     | RabAI_AutoClick | ✓ 工作流执行完成 | 总耗时: 0.0秒
2026-03-07 01:12:50 | INFO     | RabAI_AutoClick | 程序退出
2026-03-07 01:13:06 | WARNING  | RabAI_AutoClick | keyboard模块未安装，全局热键不可用
2026-03-07 01:13:06 | INFO     | RabAI_AutoClick | RabAI AutoClick v22 增强版启动
2026-03-07 01:13:07 | INFO     | RabAI_AutoClick | ✓ 辅助功能权限已授权
2026-03-07 01:13:23 | INFO     | RabAI_AutoClick | 添加步骤: 图像识别点击
2026-03-07 01:13:24 | INFO     | RabAI_AutoClick | 执行第 1/1 次循环
2026-03-07 01:13:24 | INFO     | RabAI_AutoClick | 执行步骤 [1]: click_image
2026-03-07 01:13:26 | INFO     | RabAI_AutoClick | ✓ 步骤 [1] 完成: 图像点击成功: (3706, 1252) (1.75秒)
2026-03-07 01:13:26 | INFO     | RabAI_AutoClick | ✓ 工作流执行完成 | 总耗时: 1.8秒
2026-03-07 01:13:37 | INFO     | RabAI_AutoClick | 执行第 1/1 次循环
2026-03-07 01:13:37 | INFO     | RabAI_AutoClick | 执行步骤 [1]: click_image
2026-03-07 01:13:38 | INFO     | RabAI_AutoClick | ✓ 步骤 [1] 完成: 图像点击成功: (3706, 1252) (1.42秒)
2026-03-07 01:13:38 | INFO     | RabAI_AutoClick | ✓ 工作流执行完成 | 总耗时: 1.4秒
2026-03-07 01:13:48 | INFO     | RabAI_AutoClick | 添加步骤: 图像识别点击
2026-03-07 01:13:51 | INFO     | RabAI_AutoClick | 删除步骤 [1]
2026-03-07 01:13:52 | INFO     | RabAI_AutoClick | 执行第 1/1 次循环
2026-03-07 01:13:52 | INFO     | RabAI_AutoClick | 执行步骤 [2]: click_image
2026-03-07 01:13:53 | INFO     | RabAI_AutoClick | ✓ 步骤 [2] 完成: 图像点击成功: (3706, 1252) (1.31秒)
2026-03-07 01:13:53 | INFO     | RabAI_AutoClick | ✓ 工作流执行完成 | 总耗时: 1.3秒
2026-03-07 01:14:09 | INFO     | RabAI_AutoClick | 添加步骤: 图像识别点击
2026-03-07 01:14:11 | INFO     | RabAI_AutoClick | 删除步骤 [2]
2026-03-07 01:14:12 | INFO     | RabAI_AutoClick | 执行第 1/1 次循环
2026-03-07 01:14:12 | INFO     | RabAI_AutoClick | 执行步骤 [3]: click_image
2026-03-07 01:14:13 | INFO     | RabAI_AutoClick | ✓ 步骤 [3] 完成: 图像点击成功: (3455, 1037) (1.65秒)
2026-03-07 01:14:13 | INFO     | RabAI_AutoClick | ✓ 工作流执行完成 | 总耗时: 1.7秒
2026-03-07 01:14:28 | INFO     | RabAI_AutoClick | 执行第 1/1 次循环
2026-03-07 01:14:28 | INFO     | RabAI_AutoClick | 执行步骤 [3]: click_image
2026-03-07 01:14:30 | INFO     | RabAI_AutoClick | ✓ 步骤 [3] 完成: 图像点击成功: (3455, 1037) (1.89秒)
2026-03-07 01:14:30 | INFO     | RabAI_AutoClick | ✓ 工作流执行完成 | 总耗时: 1.9秒
2026-03-07 01:15:32 | INFO     | RabAI_AutoClick | 设置OCR区域: (1283, 31, 617x891)
2026-03-07 01:15:40 | INFO     | RabAI_AutoClick | 添加步骤: OCR文字识别
2026-03-07 01:15:42 | INFO     | RabAI_AutoClick | 删除步骤 [3]
2026-03-07 01:15:43 | INFO     | RabAI_AutoClick | 使用识别区域: (1283, 31, 617, 891)
2026-03-07 01:15:43 | INFO     | RabAI_AutoClick | 执行第 1/1 次循环
2026-03-07 01:15:43 | INFO     | RabAI_AutoClick | 执行步骤 [4]: ocr
2026-03-07 01:15:46 | INFO     | RabAI_AutoClick | ✓ 步骤 [4] 完成: 点击成功: '扩展盘' [第1个匹配项(共1个)] (3.40秒)
2026-03-07 01:15:46 | INFO     | RabAI_AutoClick | ✓ 工作流执行完成 | 总耗时: 3.4秒
2026-03-07 01:16:33 | WARNING  | RabAI_AutoClick | keyboard模块未安装，全局热键不可用
2026-03-07 01:16:33 | INFO     | RabAI_AutoClick | RabAI AutoClick v22 增强版启动
2026-03-07 01:16:34 | INFO     | RabAI_AutoClick | ✓ 辅助功能权限已授权
2026-03-07 01:16:38 | INFO     | RabAI_AutoClick | 程序退出
2026-03-07 01:17:57 | INFO     | RabAI_AutoClick | 添加步骤: 鼠标滚轮
2026-03-07 01:19:18 | WARNING  | RabAI_AutoClick | keyboard模块未安装，全局热键不可用
2026-03-07 01:19:18 | INFO     | RabAI_AutoClick | RabAI AutoClick v22 增强版启动
2026-03-07 01:19:19 | INFO     | RabAI_AutoClick | ✓ 辅助功能权限已授权
2026-03-07 01:19:59 | INFO     | RabAI_AutoClick | 添加步骤: 鼠标拖拽
2026-03-07 01:20:00 | INFO     | RabAI_AutoClick | 执行第 1/1 次循环
2026-03-07 01:20:00 | INFO     | RabAI_AutoClick | 执行步骤 [1]: drag
2026-03-07 01:20:01 | INFO     | RabAI_AutoClick | ✓ 步骤 [1] 完成: 拖拽成功: (667, 255) -> (1420, 730) (1.01秒)
2026-03-07 01:20:01 | INFO     | RabAI_AutoClick | ✓ 工作流执行完成 | 总耗时: 1.0秒
2026-03-07 01:20:29 | INFO     | RabAI_AutoClick | 添加步骤: 鼠标移动
2026-03-07 01:20:35 | INFO     | RabAI_AutoClick | 执行第 1/1 次循环
2026-03-07 01:20:35 | INFO     | RabAI_AutoClick | 执行步骤 [1]: drag
2026-03-07 01:20:36 | INFO     | RabAI_AutoClick | ✓ 步骤 [1] 完成: 拖拽成功: (667, 255) -> (1420, 730) (0.99秒)
2026-03-07 01:20:36 | INFO     | RabAI_AutoClick | 执行步骤 [2]: mouse_move
2026-03-07 01:20:37 | INFO     | RabAI_AutoClick | ✓ 步骤 [2] 完成: 移动成功: (1331, 524) (0.42秒)
2026-03-07 01:20:37 | INFO     | RabAI_AutoClick | ✓ 工作流执行完成 | 总耗时: 1.4秒
2026-03-07 01:20:41 | INFO     | RabAI_AutoClick | 删除步骤 [1]
2026-03-07 01:20:42 | INFO     | RabAI_AutoClick | 执行第 1/1 次循环
2026-03-07 01:20:42 | INFO     | RabAI_AutoClick | 执行步骤 [2]: mouse_move
2026-03-07 01:20:42 | INFO     | RabAI_AutoClick | ✓ 步骤 [2] 完成: 移动成功: (1331, 524) (0.42秒)
2026-03-07 01:20:42 | INFO     | RabAI_AutoClick | ✓ 工作流执行完成 | 总耗时: 0.8秒
2026-03-07 01:20:46 | INFO     | RabAI_AutoClick | 添加步骤: 截图
2026-03-07 01:20:49 | INFO     | RabAI_AutoClick | 删除步骤 [3]
2026-03-07 01:20:56 | INFO     | RabAI_AutoClick | 添加步骤: 鼠标移动
2026-03-07 01:21:01 | INFO     | RabAI_AutoClick | 执行第 1/1 次循环
2026-03-07 01:21:01 | INFO     | RabAI_AutoClick | 执行步骤 [2]: mouse_move
2026-03-07 01:21:02 | INFO     | RabAI_AutoClick | ✓ 步骤 [2] 完成: 移动成功: (1331, 524) (0.43秒)
2026-03-07 01:21:02 | INFO     | RabAI_AutoClick | 执行步骤 [4]: mouse_move
2026-03-07 01:21:02 | INFO     | RabAI_AutoClick | ✓ 步骤 [4] 完成: 移动成功: (537, 868) (0.43秒)
2026-03-07 01:21:02 | INFO     | RabAI_AutoClick | ✓ 工作流执行完成 | 总耗时: 0.9秒
2026-03-07 01:21:15 | INFO     | RabAI_AutoClick | 程序退出
2026-03-07 01:21:18 | INFO     | RabAI_AutoClick | 程序退出
2026-03-07 01:40:30 | WARNING  | RabAI_AutoClick | keyboard模块未安装，全局热键不可用
2026-03-07 01:40:30 | INFO     | RabAI_AutoClick | RabAI AutoClick v22 增强版启动
2026-03-07 01:40:32 | INFO     | RabAI_AutoClick | ✓ 辅助功能权限已授权
2026-03-07 02:00:46 | WARNING  | RabAI_AutoClick | keyboard模块未安装，全局热键不可用
2026-03-07 02:00:46 | INFO     | RabAI_AutoClick | RabAI AutoClick v22 增强版启动
2026-03-07 02:03:07 | WARNING  | RabAI_AutoClick | keyboard模块未安装，全局热键不可用
2026-03-07 02:03:07 | INFO     | RabAI_AutoClick | RabAI AutoClick v22 增强版启动
2026-03-07 02:03:08 | INFO     | RabAI_AutoClick | ✓ 辅助功能权限已授权
2026-03-07 02:04:00 | WARNING  | RabAI_AutoClick | keyboard模块未安装，全局热键不可用
2026-03-07 02:04:00 | INFO     | RabAI_AutoClick | RabAI AutoClick v22 增强版启动
2026-03-07 02:05:22 | WARNING  | RabAI_AutoClick | keyboard模块未安装，全局热键不可用
2026-03-07 02:05:22 | INFO     | RabAI_AutoClick | RabAI AutoClick v22 增强版启动
2026-03-07 02:06:13 | WARNING  | RabAI_AutoClick | keyboard模块未安装，全局热键不可用
2026-03-07 02:06:13 | INFO     | RabAI_AutoClick | RabAI AutoClick v22 增强版启动
2026-03-07 02:06:14 | INFO     | RabAI_AutoClick | ✓ 辅助功能权限已授权
2026-03-07 02:07:01 | WARNING  | RabAI_AutoClick | keyboard模块未安装，全局热键不可用
2026-03-07 02:07:01 | INFO     | RabAI_AutoClick | RabAI AutoClick v22 增强版启动
2026-03-07 02:08:12 | WARNING  | RabAI_AutoClick | keyboard模块未安装，全局热键不可用
2026-03-07 02:08:12 | INFO     | RabAI_AutoClick | RabAI AutoClick v22 增强版启动
2026-03-07 02:08:43 | WARNING  | RabAI_AutoClick | keyboard模块未安装，全局热键不可用
2026-03-07 02:08:43 | INFO     | RabAI_AutoClick | RabAI AutoClick v22 增强版启动
2026-03-07 02:08:44 | INFO     | RabAI_AutoClick | ✓ 辅助功能权限已授权
2026-03-07 02:09:53 | WARNING  | RabAI_AutoClick | keyboard模块未安装，全局热键不可用
2026-03-07 02:09:53 | INFO     | RabAI_AutoClick | RabAI AutoClick v22 增强版启动
2026-03-07 02:10:01 | WARNING  | RabAI_AutoClick | keyboard模块未安装，全局热键不可用
2026-03-07 02:10:01 | INFO     | RabAI_AutoClick | RabAI AutoClick v22 增强版启动
2026-03-07 02:10:03 | INFO     | RabAI_AutoClick | ✓ 辅助功能权限已授权
2026-03-07 02:10:08 | INFO     | RabAI_AutoClick | 程序退出
2026-03-07 02:10:23 | WARNING  | RabAI_AutoClick | keyboard模块未安装，全局热键不可用
2026-03-07 02:10:23 | INFO     | RabAI_AutoClick | RabAI AutoClick v22 增强版启动
2026-03-07 02:14:30 | WARNING  | RabAI_AutoClick | keyboard模块未安装，全局热键不可用
2026-03-07 02:14:30 | INFO     | RabAI_AutoClick | RabAI AutoClick v22 增强版启动
2026-03-07 02:15:28 | WARNING  | RabAI_AutoClick | keyboard模块未安装，全局热键不可用
2026-03-07 02:15:28 | INFO     | RabAI_AutoClick | RabAI AutoClick v22 增强版启动
2026-03-07 02:16:02 | INFO     | RabAI_AutoClick | 程序退出
2026-03-07 02:16:10 | WARNING  | RabAI_AutoClick | keyboard模块未安装，全局热键不可用
2026-03-07 02:16:10 | INFO     | RabAI_AutoClick | RabAI AutoClick v22 增强版启动
2026-03-07 02:16:18 | INFO     | RabAI_AutoClick | 程序退出
2026-03-07 02:18:33 | WARNING  | RabAI_AutoClick | keyboard模块未安装，全局热键不可用
2026-03-07 02:18:33 | INFO     | RabAI_AutoClick | RabAI AutoClick v22 增强版启动
2026-03-07 02:18:35 | INFO     | RabAI_AutoClick | ✓ 辅助功能权限已授权
2026-03-07 02:19:18 | WARNING  | RabAI_AutoClick | keyboard模块未安装，全局热键不可用
2026-03-07 02:19:18 | INFO     | RabAI_AutoClick | RabAI AutoClick v22 增强版启动
2026-03-07 02:20:39 | WARNING  | RabAI_AutoClick | keyboard模块未安装，全局热键不可用
2026-03-07 02:20:39 | INFO     | RabAI_AutoClick | RabAI AutoClick v22 增强版启动
2026-03-07 02:20:40 | INFO     | RabAI_AutoClick | ✓ 辅助功能权限已授权
2026-03-07 02:20:56 | WARNING  | RabAI_AutoClick | keyboard模块未安装，全局热键不可用
2026-03-07 02:20:56 | INFO     | RabAI_AutoClick | RabAI AutoClick v22 增强版启动
2026-03-07 02:20:57 | INFO     | RabAI_AutoClick | ✓ 辅助功能权限已授权
2026-03-07 02:22:09 | WARNING  | RabAI_AutoClick | keyboard模块未安装，全局热键不可用
2026-03-07 02:22:09 | INFO     | RabAI_AutoClick | RabAI AutoClick v22 增强版启动
2026-03-07 02:22:10 | INFO     | RabAI_AutoClick | ✓ 辅助功能权限已授权
2026-03-07 02:22:25 | WARNING  | RabAI_AutoClick | keyboard模块未安装，全局热键不可用
2026-03-07 02:22:25 | INFO     | RabAI_AutoClick | RabAI AutoClick v22 增强版启动
2026-03-07 02:22:43 | WARNING  | RabAI_AutoClick | keyboard模块未安装，全局热键不可用
2026-03-07 02:22:43 | INFO     | RabAI_AutoClick | RabAI AutoClick v22 增强版启动
2026-03-07 02:26:08 | WARNING  | RabAI_AutoClick | keyboard模块未安装，全局热键不可用
2026-03-07 02:26:08 | INFO     | RabAI_AutoClick | RabAI AutoClick v22 增强版启动
2026-03-07 02:27:05 | WARNING  | RabAI_AutoClick | keyboard模块未安装，全局热键不可用
2026-03-07 02:27:05 | INFO     | RabAI_AutoClick | RabAI AutoClick v22 增强版启动
2026-03-07 02:27:33 | WARNING  | RabAI_AutoClick | keyboard模块未安装，全局热键不可用
2026-03-07 02:27:33 | INFO     | RabAI_AutoClick | RabAI AutoClick v22 增强版启动
2026-03-07 13:11:19 | WARNING  | RabAI_AutoClick | keyboard模块未安装，全局热键不可用
2026-03-07 13:11:19 | INFO     | RabAI_AutoClick | RabAI AutoClick v22 增强版启动
2026-03-07 13:11:21 | INFO     | RabAI_AutoClick | ✓ 辅助功能权限已授权
2026-03-07 13:11:23 | INFO     | RabAI_AutoClick | 新建工作流
2026-03-07 13:14:51 | WARNING  | RabAI_AutoClick | keyboard模块未安装，全局热键不可用
2026-03-07 13:14:51 | INFO     | RabAI_AutoClick | RabAI AutoClick v22 增强版启动
2026-03-07 13:14:54 | INFO     | RabAI_AutoClick | ✓ 辅助功能权限已授权
2026-03-07 13:25:51 | WARNING  | RabAI_AutoClick | keyboard模块未安装，全局热键不可用
2026-03-07 13:25:51 | INFO     | RabAI_AutoClick | RabAI AutoClick v22 增强版启动
2026-03-07 13:25:52 | INFO     | RabAI_AutoClick | ✓ 辅助功能权限已授权
2026-03-07 13:26:44 | INFO     | RabAI_AutoClick | 开始录制操作
2026-03-07 13:26:46 | INFO     | RabAI_AutoClick | 录屏动作: click - {'x': 224, 'y': 462, 'button': 'left', 'clicks': 1}
2026-03-07 13:33:31 | WARNING  | RabAI_AutoClick | keyboard模块未安装，全局热键不可用
2026-03-07 13:33:31 | INFO     | RabAI_AutoClick | RabAI AutoClick v22 增强版启动
2026-03-07 13:33:48 | INFO     | RabAI_AutoClick | 开始录制操作
2026-03-07 13:33:50 | INFO     | RabAI_AutoClick | 录屏动作: click - {'x': 737, 'y': 444, 'button': 'left', 'clicks': 1}
2026-03-07 13:34:58 | WARNING  | RabAI_AutoClick | keyboard模块未安装，全局热键不可用
2026-03-07 13:34:58 | INFO     | RabAI_AutoClick | RabAI AutoClick v22 增强版启动
2026-03-07 13:35:00 | INFO     | RabAI_AutoClick | ✓ 辅助功能权限已授权
2026-03-07 13:35:04 | INFO     | RabAI_AutoClick | 开始录制操作
2026-03-07 13:35:05 | INFO     | RabAI_AutoClick | 录屏动作: click - {'x': 782, 'y': 450, 'button': 'left', 'clicks': 1}
2026-03-07 13:35:08 | INFO     | RabAI_AutoClick | 录屏动作: click - {'x': 982, 'y': 1015, 'button': 'left', 'clicks': 1, 'pre_delay': 2.654}
2026-03-07 13:35:08 | INFO     | RabAI_AutoClick | 录屏动作: click - {'x': 926, 'y': 569, 'button': 'left', 'clicks': 1, 'pre_delay': 0.805}
2026-03-07 13:35:09 | INFO     | RabAI_AutoClick | 录屏动作: click - {'x': 1004, 'y': 540, 'button': 'left', 'clicks': 1, 'pre_delay': 0.913}
2026-03-07 13:35:11 | INFO     | RabAI_AutoClick | 录屏动作: click - {'x': 1158, 'y': 1010, 'button': 'left', 'clicks': 1, 'pre_delay': 1.303}
2026-03-07 13:35:12 | INFO     | RabAI_AutoClick | 录屏动作: click - {'x': 1723, 'y': 646, 'button': 'left', 'clicks': 1, 'pre_delay': 1.198}
2026-03-07 13:35:12 | INFO     | RabAI_AutoClick | 录屏动作: click - {'x': 1723, 'y': 646, 'button': 'left', 'clicks': 1, 'pre_delay': 0.116}
2026-03-07 13:35:15 | INFO     | RabAI_AutoClick | 录屏动作: click - {'x': 1722, 'y': 646, 'button': 'left', 'clicks': 1, 'pre_delay': 2.694}
2026-03-07 13:35:15 | INFO     | RabAI_AutoClick | 录屏动作: click - {'x': 1722, 'y': 646, 'button': 'left', 'clicks': 1, 'pre_delay': 0.131}
2026-03-07 13:35:17 | INFO     | RabAI_AutoClick | 录屏动作: click - {'x': 2390, 'y': 988, 'button': 'left', 'clicks': 1, 'pre_delay': 1.701}
2026-03-07 13:35:18 | INFO     | RabAI_AutoClick | 录屏动作: hotkey - {'keys': 'cmd+c', 'pre_delay': 1.538}
2026-03-07 13:35:19 | INFO     | RabAI_AutoClick | 录屏动作: hotkey - {'keys': 'cmd+v', 'pre_delay': 1.056}
2026-03-07 13:35:20 | INFO     | RabAI_AutoClick | 录屏动作: hotkey - {'keys': 'cmd+x', 'pre_delay': 1.344}
2026-03-07 13:35:26 | INFO     | RabAI_AutoClick | 录屏动作: click - {'x': 1843, 'y': 1043, 'button': 'left', 'clicks': 1, 'pre_delay': 5.102}
2026-03-07 13:35:27 | INFO     | RabAI_AutoClick | 录屏动作: click - {'x': 1007, 'y': 238, 'button': 'left', 'clicks': 1, 'pre_delay': 1.365}
2026-03-07 13:35:27 | INFO     | RabAI_AutoClick | 录制完成，共 15 个动作
2026-03-07 13:36:34 | INFO     | RabAI_AutoClick | 开始录制操作
2026-03-07 13:36:35 | INFO     | RabAI_AutoClick | 录屏动作: click - {'x': 964, 'y': 377, 'button': 'left', 'clicks': 1}
2026-03-07 13:36:36 | INFO     | RabAI_AutoClick | 录屏动作: click - {'x': 1700, 'y': 819, 'button': 'left', 'clicks': 1, 'pre_delay': 1.408}
2026-03-07 13:36:37 | INFO     | RabAI_AutoClick | 录屏动作: click - {'x': 1364, 'y': 627, 'button': 'left', 'clicks': 1, 'pre_delay': 0.782}
2026-03-07 13:36:39 | INFO     | RabAI_AutoClick | 录屏动作: hotkey - {'keys': 'cmd+c', 'pre_delay': 1.84}
2026-03-07 13:36:39 | INFO     | RabAI_AutoClick | 录屏动作: hotkey - {'keys': 'cmd+v', 'pre_delay': 0.44}
2026-03-07 13:36:40 | INFO     | RabAI_AutoClick | 录屏动作: hotkey - {'keys': 'cmd+n', 'pre_delay': 1.138}
2026-03-07 13:36:42 | INFO     | RabAI_AutoClick | 录屏动作: click - {'x': 526, 'y': 347, 'button': 'left', 'clicks': 1, 'pre_delay': 1.957}
2026-03-07 13:36:44 | INFO     | RabAI_AutoClick | 录屏动作: click - {'x': 127, 'y': 824, 'button': 'left', 'clicks': 1, 'pre_delay': 2.136}
2026-03-07 13:36:46 | INFO     | RabAI_AutoClick | 录屏动作: click - {'x': 965, 'y': 234, 'button': 'left', 'clicks': 1, 'pre_delay': 1.105}
2026-03-07 13:36:46 | INFO     | RabAI_AutoClick | 录制完成，共 9 个动作
2026-03-07 13:38:55 | INFO     | RabAI_AutoClick | 执行第 1/1 次循环
2026-03-07 13:38:55 | INFO     | RabAI_AutoClick | 执行步骤 [1]: None
2026-03-07 13:38:55 | ERROR    | RabAI_AutoClick | 步骤 [1] 错误: 未找到动作类型: None
2026-03-07 13:38:55 | INFO     | RabAI_AutoClick | ✓ 工作流执行完成 | 总耗时: 0.0秒
2026-03-07 13:46:54 | INFO     | RabAI_AutoClick | 程序退出
2026-03-07 13:49:42 | WARNING  | RabAI_AutoClick | keyboard模块未安装，全局热键不可用
2026-03-07 13:49:42 | INFO     | RabAI_AutoClick | RabAI AutoClick v22 增强版启动
2026-03-07 13:49:44 | INFO     | RabAI_AutoClick | ✓ 辅助功能权限已授权
2026-03-07 19:29:30 | INFO     | RabAI_AutoClick | 从历史记录加载工作流
2026-03-07 19:34:13 | INFO     | RabAI_AutoClick | 开始录制操作
2026-03-07 19:34:15 | INFO     | RabAI_AutoClick | 录屏动作: click - {'x': 881, 'y': 401, 'button': 'left', 'clicks': 1}
2026-03-07 19:34:17 | INFO     | RabAI_AutoClick | 录屏动作: click - {'x': 1709, 'y': 766, 'button': 'left', 'clicks': 1, 'pre_delay': 1.998}
2026-03-07 19:34:18 | INFO     | RabAI_AutoClick | 录屏动作: click - {'x': 1393, 'y': 477, 'button': 'left', 'clicks': 1, 'pre_delay': 1.249}
2026-03-07 19:34:19 | INFO     | RabAI_AutoClick | 录屏动作: click - {'x': 1317, 'y': 721, 'button': 'left', 'clicks': 1, 'pre_delay': 1.4}
2026-03-07 19:34:20 | INFO     | RabAI_AutoClick | 录屏动作: hotkey - {'keys': 'cmd+c', 'pre_delay': 1.06}
2026-03-07 19:34:21 | INFO     | RabAI_AutoClick | 录屏动作: click - {'x': 1263, 'y': 650, 'button': 'left', 'clicks': 1, 'pre_delay': 0.829}
2026-03-07 19:34:22 | INFO     | RabAI_AutoClick | 录屏动作: hotkey - {'keys': 'cmd+v', 'pre_delay': 0.803}
2026-03-07 19:34:28 | INFO     | RabAI_AutoClick | 录屏动作: click - {'x': 995, 'y': 243, 'button': 'left', 'clicks': 1, 'pre_delay': 5.618}
2026-03-07 19:34:28 | INFO     | RabAI_AutoClick | 录制完成，共 8 个动作
2026-03-07 19:34:56 | INFO     | RabAI_AutoClick | 快捷键已更新
2026-03-07 19:49:25 | INFO     | RabAI_AutoClick | Qt快捷键已启用(仅窗口内有效): 运行=CTRL+F6, 停止=CTRL+F7, 录制=CTRL+F9/CTRL+F10
2026-03-07 19:49:25 | INFO     | RabAI_AutoClick | RabAI AutoClick v22 增强版启动
2026-03-07 19:49:26 | INFO     | RabAI_AutoClick | ✓ 辅助功能权限已授权
2026-03-07 19:54:09 | INFO     | RabAI_AutoClick | 程序退出
2026-03-07 19:54:19 | INFO     | RabAI_AutoClick | 程序退出
2026-03-07 20:51:19 | INFO     | RabAI_AutoClick | Qt快捷键已启用(仅窗口内有效): 运行=CTRL+F6, 停止=CTRL+F7, 录制=CTRL+F9/CTRL+F10
2026-03-07 20:51:19 | INFO     | RabAI_AutoClick | RabAI AutoClick v22 增强版启动
2026-03-07 20:57:43 | INFO     | RabAI_AutoClick | 开始录制操作
2026-03-07 20:57:46 | INFO     | RabAI_AutoClick | 录屏动作: click - {'x': 796, 'y': 230, 'button': 'left', 'clicks': 1}
2026-03-07 20:57:47 | INFO     | RabAI_AutoClick | 录屏动作: click - {'x': 796, 'y': 230, 'button': 'left', 'clicks': 1, 'pre_delay': 0.957}
2026-03-07 20:57:48 | INFO     | RabAI_AutoClick | 录屏动作: click - {'x': 960, 'y': 232, 'button': 'left', 'clicks': 1, 'pre_delay': 0.779}
2026-03-07 20:57:48 | INFO     | RabAI_AutoClick | 录制完成，共 3 个动作
2026-03-07 20:58:23 | INFO     | RabAI_AutoClick | 程序退出
2026-03-07 21:02:19 | INFO     | RabAI_AutoClick | Qt快捷键已启用(仅窗口内有效): 运行=CTRL+F6, 停止=CTRL+F7, 录制=CTRL+F9/CTRL+F10
2026-03-07 21:02:19 | INFO     | RabAI_AutoClick | RabAI AutoClick v22 增强版启动
2026-03-07 21:02:38 | INFO     | RabAI_AutoClick | 设置OCR区域: (1551, 238, 352x453)
2026-03-07 21:02:54 | INFO     | RabAI_AutoClick | 开始录制操作
2026-03-07 21:02:57 | INFO     | RabAI_AutoClick | 录屏动作: click - {'x': 922, 'y': 407, 'button': 'left', 'clicks': 1}
2026-03-07 21:03:00 | INFO     | RabAI_AutoClick | 录屏动作: click - {'x': 190, 'y': 490, 'button': 'left', 'clicks': 1, 'pre_delay': 3.431}
2026-03-07 21:03:01 | INFO     | RabAI_AutoClick | 录屏动作: click - {'x': 88, 'y': 408, 'button': 'left', 'clicks': 1, 'pre_delay': 1.042}
2026-03-07 21:03:03 | INFO     | RabAI_AutoClick | 录屏动作: click - {'x': 1551, 'y': 505, 'button': 'left', 'clicks': 1, 'pre_delay': 1.407}
2026-03-07 21:03:04 | INFO     | RabAI_AutoClick | 录屏动作: click - {'x': 1760, 'y': 642, 'button': 'left', 'clicks': 1, 'pre_delay': 1.339}
2026-03-07 21:03:05 | INFO     | RabAI_AutoClick | 录屏动作: click - {'x': 1747, 'y': 635, 'button': 'left', 'clicks': 1, 'pre_delay': 0.781}
2026-03-07 21:03:05 | INFO     | RabAI_AutoClick | 录屏动作: double_click - {'x': 1747, 'y': 635, 'button': 'left', 'clicks': 2, 'pre_delay': 0.11}
2026-03-07 21:03:07 | INFO     | RabAI_AutoClick | 录屏动作: click - {'x': 2317, 'y': 1018, 'button': 'left', 'clicks': 1, 'pre_delay': 2.569}
2026-03-07 21:03:09 | INFO     | RabAI_AutoClick | 录屏动作: click - {'x': 1168, 'y': 630, 'button': 'left', 'clicks': 1, 'pre_delay': 1.516}
2026-03-07 21:03:12 | INFO     | RabAI_AutoClick | 录屏动作: hotkey - {'keys': 'cmd+f10', 'pre_delay': 2.927}
2026-03-07 21:03:15 | INFO     | RabAI_AutoClick | 录屏动作: hotkey - {'keys': 'ctrl+f9', 'pre_delay': 2.831}
2026-03-07 21:03:17 | INFO     | RabAI_AutoClick | 录屏动作: click - {'x': 159, 'y': 829, 'button': 'left', 'clicks': 1, 'pre_delay': 1.848}
2026-03-07 21:03:21 | INFO     | RabAI_AutoClick | 录屏动作: click - {'x': 1231, 'y': 414, 'button': 'left', 'clicks': 1, 'pre_delay': 4.473}
2026-03-07 21:03:22 | INFO     | RabAI_AutoClick | 录屏动作: click - {'x': 1153, 'y': 444, 'button': 'left', 'clicks': 1, 'pre_delay': 0.956}
2026-03-07 21:03:24 | INFO     | RabAI_AutoClick | 录屏动作: hotkey - {'keys': 'ctrl+f10', 'pre_delay': 1.779}
2026-03-07 21:03:25 | INFO     | RabAI_AutoClick | 录屏动作: hotkey - {'keys': 'cmd+f10', 'pre_delay': 1.121}
2026-03-07 21:03:25 | INFO     | RabAI_AutoClick | 录制完成，共 16 个动作
2026-03-07 21:03:58 | INFO     | RabAI_AutoClick | 使用识别区域: (1551, 238, 352, 453)
2026-03-07 21:03:58 | INFO     | RabAI_AutoClick | 执行第 1/1 次循环
2026-03-07 21:03:58 | INFO     | RabAI_AutoClick | 执行步骤 [1]: None
2026-03-07 21:03:58 | ERROR    | RabAI_AutoClick | 步骤 [1] 错误: 未找到动作类型: None
2026-03-07 21:03:58 | INFO     | RabAI_AutoClick | ✓ 工作流执行完成 | 总耗时: 0.0秒
2026-03-07 21:10:12 | INFO     | RabAI_AutoClick | Qt快捷键已启用(仅窗口内有效): 运行=CTRL+F6, 停止=CTRL+F7, 录制=CTRL+F9/CTRL+F10
2026-03-07 21:10:12 | INFO     | RabAI_AutoClick | RabAI AutoClick v22 增强版启动
2026-03-07 21:10:13 | INFO     | RabAI_AutoClick | ✓ 辅助功能权限已授权
2026-03-07 21:10:33 | INFO     | RabAI_AutoClick | 程序退出
2026-03-07 21:10:39 | INFO     | RabAI_AutoClick | 设置OCR区域: (897, 91, 475x448)
2026-03-07 21:10:46 | INFO     | RabAI_AutoClick | 设置OCR区域: (1617, 170, 297x479)
2026-03-07 21:10:55 | INFO     | RabAI_AutoClick | 开始录制操作
2026-03-07 21:10:56 | INFO     | RabAI_AutoClick | 录屏动作: click - {'x': 914, 'y': 312, 'button': 'left', 'clicks': 1}
2026-03-07 21:10:58 | INFO     | RabAI_AutoClick | 录屏动作: click - {'x': 173, 'y': 414, 'button': 'left', 'clicks': 1, 'pre_delay': 2.13}
2026-03-07 21:10:59 | INFO     | RabAI_AutoClick | 录屏动作: click - {'x': 953, 'y': 358, 'button': 'left', 'clicks': 1, 'pre_delay': 1.03}
2026-03-07 21:11:00 | INFO     | RabAI_AutoClick | 录屏动作: click - {'x': 1220, 'y': 667, 'button': 'left', 'clicks': 1, 'pre_delay': 1.15}
2026-03-07 21:11:01 | INFO     | RabAI_AutoClick | 录屏动作: double_click - {'x': 1220, 'y': 667, 'button': 'left', 'clicks': 2, 'pre_delay': 0.122}
2026-03-07 21:11:02 | INFO     | RabAI_AutoClick | 录屏动作: click - {'x': 215, 'y': 588, 'button': 'left', 'clicks': 1, 'pre_delay': 1.587}
2026-03-07 21:11:04 | INFO     | RabAI_AutoClick | 录屏动作: hotkey - {'keys': 'cmd+c', 'pre_delay': 2.078}
2026-03-07 21:11:05 | INFO     | RabAI_AutoClick | 录屏动作: hotkey - {'keys': 'cmd+v', 'pre_delay': 1.089}
2026-03-07 21:11:16 | INFO     | RabAI_AutoClick | 录屏动作: click - {'x': 138, 'y': 543, 'button': 'left', 'clicks': 1, 'pre_delay': 10.538}
2026-03-07 21:11:22 | INFO     | RabAI_AutoClick | 录屏动作: click - {'x': 197, 'y': 870, 'button': 'left', 'clicks': 1, 'pre_delay': 5.957}
2026-03-07 21:11:23 | INFO     | RabAI_AutoClick | 录屏动作: click - {'x': 131, 'y': 558, 'button': 'left', 'clicks': 1, 'pre_delay': 1.211}
2026-03-07 21:11:26 | INFO     | RabAI_AutoClick | 录制完成，共 11 个动作
2026-03-07 21:11:38 | INFO     | RabAI_AutoClick | 使用识别区域: (1617, 170, 297, 479)
2026-03-07 21:11:38 | INFO     | RabAI_AutoClick | 执行第 1/1 次循环
2026-03-07 21:11:38 | INFO     | RabAI_AutoClick | 执行步骤 [1]: None
2026-03-07 21:11:38 | ERROR    | RabAI_AutoClick | 步骤 [1] 错误: 未找到动作类型: None
2026-03-07 21:11:38 | INFO     | RabAI_AutoClick | ✓ 工作流执行完成 | 总耗时: 0.0秒
2026-03-07 21:15:02 | INFO     | RabAI_AutoClick | 程序退出
2026-03-07 21:15:50 | INFO     | RabAI_AutoClick | Qt快捷键已启用(仅窗口内有效): 运行=CTRL+F6, 停止=CTRL+F7, 录制=CTRL+F9/CTRL+F10
2026-03-07 21:15:50 | INFO     | RabAI_AutoClick | RabAI AutoClick v22 增强版启动
2026-03-07 21:15:51 | INFO     | RabAI_AutoClick | ✓ 辅助功能权限已授权
2026-03-07 21:18:13 | INFO     | RabAI_AutoClick | 全局快捷键已启用: 运行=CTRL+F6, 停止=CTRL+F7, 录制=CTRL+F9/CTRL+F10
2026-03-07 21:18:13 | INFO     | RabAI_AutoClick | RabAI AutoClick v22 增强版启动
2026-03-07 21:18:15 | INFO     | RabAI_AutoClick | ✓ 辅助功能权限已授权
2026-03-07 21:20:19 | INFO     | RabAI_AutoClick | 程序退出
2026-03-07 21:21:04 | INFO     | RabAI_AutoClick | 开始录制操作
2026-03-07 21:21:06 | INFO     | RabAI_AutoClick | 录屏动作: click - {'x': 139, 'y': 555, 'button': 'left', 'clicks': 1}
2026-03-07 21:21:09 | INFO     | RabAI_AutoClick | 录屏动作: click - {'x': 1607, 'y': 1021, 'button': 'left', 'clicks': 1, 'pre_delay': 2.91}
2026-03-07 21:21:17 | INFO     | RabAI_AutoClick | 录屏动作: hotkey - {'keys': 'cmd+f11', 'pre_delay': 8.467}
2026-03-07 21:21:22 | INFO     | RabAI_AutoClick | 录制完成，共 3 个动作
2026-03-07 21:21:28 | INFO     | RabAI_AutoClick | 开始录制操作
2026-03-07 21:21:32 | INFO     | RabAI_AutoClick | 录屏动作: click - {'x': 999, 'y': 564, 'button': 'left', 'clicks': 1}
2026-03-07 21:21:34 | INFO     | RabAI_AutoClick | 录屏动作: click - {'x': 1302, 'y': 1013, 'button': 'left', 'clicks': 1, 'pre_delay': 1.587}
2026-03-07 21:21:35 | INFO     | RabAI_AutoClick | 录屏动作: click - {'x': 1711, 'y': 650, 'button': 'left', 'clicks': 1, 'pre_delay': 1.089}
2026-03-07 21:21:35 | INFO     | RabAI_AutoClick | 录屏动作: double_click - {'x': 1711, 'y': 650, 'button': 'left', 'clicks': 2, 'pre_delay': 0.141}
2026-03-07 21:21:37 | INFO     | RabAI_AutoClick | 录屏动作: click - {'x': 823, 'y': 400, 'button': 'left', 'clicks': 1, 'pre_delay': 1.791}
2026-03-07 21:21:39 | INFO     | RabAI_AutoClick | 录屏动作: click - {'x': 1264, 'y': 541, 'button': 'left', 'clicks': 1, 'pre_delay': 2.046}
2026-03-07 21:21:40 | INFO     | RabAI_AutoClick | 录屏动作: click - {'x': 647, 'y': 821, 'button': 'left', 'clicks': 1, 'pre_delay': 1.133}
2026-03-07 21:21:43 | INFO     | RabAI_AutoClick | 录屏动作: click - {'x': 1227, 'y': 1013, 'button': 'left', 'clicks': 1, 'pre_delay': 3.11}
2026-03-07 21:21:44 | INFO     | RabAI_AutoClick | 录屏动作: scroll - {'x': 1323, 'y': 581, 'clicks': 1, 'direction': 'up', 'pre_delay': 1.11}
2026-03-07 21:21:44 | INFO     | RabAI_AutoClick | 录屏动作: scroll - {'x': 1323, 'y': 581, 'clicks': 6, 'direction': 'up', 'pre_delay': 0.057}
2026-03-07 21:21:45 | INFO     | RabAI_AutoClick | 录屏动作: scroll - {'x': 1323, 'y': 581, 'clicks': 1, 'direction': 'up', 'pre_delay': 0.31}
2026-03-07 21:21:45 | INFO     | RabAI_AutoClick | 录屏动作: scroll - {'x': 1323, 'y': 581, 'clicks': 6, 'direction': 'up', 'pre_delay': 0.057}
2026-03-07 21:21:45 | INFO     | RabAI_AutoClick | 录屏动作: scroll - {'x': 1323, 'y': 581, 'clicks': 1, 'direction': 'up', 'pre_delay': 0.196}
2026-03-07 21:21:45 | INFO     | RabAI_AutoClick | 录屏动作: scroll - {'x': 1323, 'y': 581, 'clicks': 1, 'direction': 'down', 'pre_delay': 0.361}
2026-03-07 21:21:45 | INFO     | RabAI_AutoClick | 录屏动作: scroll - {'x': 1323, 'y': 581, 'clicks': 6, 'direction': 'down', 'pre_delay': 0.067}
2026-03-07 21:21:46 | INFO     | RabAI_AutoClick | 录屏动作: scroll - {'x': 1324, 'y': 572, 'clicks': 1, 'direction': 'down', 'pre_delay': 0.198}
2026-03-07 21:21:46 | INFO     | RabAI_AutoClick | 录屏动作: scroll - {'x': 1324, 'y': 572, 'clicks': 1, 'direction': 'down', 'pre_delay': 0.233}
2026-03-07 21:21:46 | INFO     | RabAI_AutoClick | 录屏动作: scroll - {'x': 1322, 'y': 527, 'clicks': 1, 'direction': 'up', 'pre_delay': 0.269}
2026-03-07 21:21:46 | INFO     | RabAI_AutoClick | 录屏动作: scroll - {'x': 1322, 'y': 527, 'clicks': 6, 'direction': 'up', 'pre_delay': 0.062}
2026-03-07 21:21:46 | INFO     | RabAI_AutoClick | 录屏动作: scroll - {'x': 1322, 'y': 527, 'clicks': 1, 'direction': 'up', 'pre_delay': 0.168}
2026-03-07 21:21:47 | INFO     | RabAI_AutoClick | 录屏动作: scroll - {'x': 1322, 'y': 527, 'clicks': 1, 'direction': 'up', 'pre_delay': 0.219}
2026-03-07 21:21:47 | INFO     | RabAI_AutoClick | 录屏动作: scroll - {'x': 1322, 'y': 527, 'clicks': 6, 'direction': 'up', 'pre_delay': 0.058}
2026-03-07 21:21:49 | INFO     | RabAI_AutoClick | 录屏动作: hotkey - {'keys': 'cmd+c', 'pre_delay': 2.289}
2026-03-07 21:21:50 | INFO     | RabAI_AutoClick | 录屏动作: hotkey - {'keys': 'cmd+v', 'pre_delay': 0.927}
2026-03-07 21:21:52 | INFO     | RabAI_AutoClick | 录制完成，共 24 个动作
2026-03-07 21:22:01 | INFO     | RabAI_AutoClick | 添加录屏步骤到工作流，共 24 个步骤
2026-03-07 21:22:01 | DEBUG    | RabAI_AutoClick | 步骤 0: {'id': 1, 'params': {'button': 'left', 'clicks': 1, 'x': 999, 'y': 564}, 'type': 'click'}
2026-03-07 21:22:01 | DEBUG    | RabAI_AutoClick | 原始类型: click
2026-03-07 21:22:01 | DEBUG    | RabAI_AutoClick | 映射类型: click
2026-03-07 21:22:01 | DEBUG    | RabAI_AutoClick | 步骤 1: {'id': 2, 'params': {'button': 'left', 'clicks': 1, 'pre_delay': 1.587, 'x': 1302, 'y': 1013}, 'type': 'click'}
2026-03-07 21:22:01 | DEBUG    | RabAI_AutoClick | 原始类型: click
2026-03-07 21:22:01 | DEBUG    | RabAI_AutoClick | 映射类型: click
2026-03-07 21:22:01 | DEBUG    | RabAI_AutoClick | 步骤 2: {'id': 3, 'params': {'button': 'left', 'clicks': 1, 'pre_delay': 1.089, 'x': 1711, 'y': 650}, 'type': 'click'}
2026-03-07 21:22:01 | DEBUG    | RabAI_AutoClick | 原始类型: click
2026-03-07 21:22:01 | DEBUG    | RabAI_AutoClick | 映射类型: click
2026-03-07 21:22:01 | DEBUG    | RabAI_AutoClick | 步骤 3: {'id': 4, 'params': {'button': 'left', 'clicks': 2, 'pre_delay': 0.141, 'x': 1711, 'y': 650}, 'type': 'double_click'}
2026-03-07 21:22:01 | DEBUG    | RabAI_AutoClick | 原始类型: double_click
2026-03-07 21:22:01 | DEBUG    | RabAI_AutoClick | 映射类型: double_click
2026-03-07 21:22:01 | DEBUG    | RabAI_AutoClick | 步骤 4: {'id': 5, 'params': {'button': 'left', 'clicks': 1, 'pre_delay': 1.791, 'x': 823, 'y': 400}, 'type': 'click'}
2026-03-07 21:22:01 | DEBUG    | RabAI_AutoClick | 原始类型: click
2026-03-07 21:22:01 | DEBUG    | RabAI_AutoClick | 映射类型: click
2026-03-07 21:22:01 | DEBUG    | RabAI_AutoClick | 步骤 5: {'id': 6, 'params': {'button': 'left', 'clicks': 1, 'pre_delay': 2.046, 'x': 1264, 'y': 541}, 'type': 'click'}
2026-03-07 21:22:01 | DEBUG    | RabAI_AutoClick | 原始类型: click
2026-03-07 21:22:01 | DEBUG    | RabAI_AutoClick | 映射类型: click
2026-03-07 21:22:01 | DEBUG    | RabAI_AutoClick | 步骤 6: {'id': 7, 'params': {'button': 'left', 'clicks': 1, 'pre_delay': 1.133, 'x': 647, 'y': 821}, 'type': 'click'}
2026-03-07 21:22:01 | DEBUG    | RabAI_AutoClick | 原始类型: click
2026-03-07 21:22:01 | DEBUG    | RabAI_AutoClick | 映射类型: click
2026-03-07 21:22:01 | DEBUG    | RabAI_AutoClick | 步骤 7: {'id': 8, 'params': {'button': 'left', 'clicks': 1, 'pre_delay': 3.11, 'x': 1227, 'y': 1013}, 'type': 'click'}
2026-03-07 21:22:01 | DEBUG    | RabAI_AutoClick | 原始类型: click
2026-03-07 21:22:01 | DEBUG    | RabAI_AutoClick | 映射类型: click
2026-03-07 21:22:01 | DEBUG    | RabAI_AutoClick | 步骤 8: {'id': 9, 'params': {'clicks': 1, 'direction': 'up', 'pre_delay': 1.11, 'x': 1323, 'y': 581}, 'type': 'scroll'}
2026-03-07 21:22:01 | DEBUG    | RabAI_AutoClick | 原始类型: scroll
2026-03-07 21:22:01 | DEBUG    | RabAI_AutoClick | 映射类型: scroll
2026-03-07 21:22:01 | DEBUG    | RabAI_AutoClick | 步骤 9: {'id': 10, 'params': {'clicks': 6, 'direction': 'up', 'pre_delay': 0.057, 'x': 1323, 'y': 581}, 'type': 'scroll'}
2026-03-07 21:22:01 | DEBUG    | RabAI_AutoClick | 原始类型: scroll
2026-03-07 21:22:01 | DEBUG    | RabAI_AutoClick | 映射类型: scroll
2026-03-07 21:22:01 | DEBUG    | RabAI_AutoClick | 步骤 10: {'id': 11, 'params': {'clicks': 1, 'direction': 'up', 'pre_delay': 0.31, 'x': 1323, 'y': 581}, 'type': 'scroll'}
2026-03-07 21:22:01 | DEBUG    | RabAI_AutoClick | 原始类型: scroll
2026-03-07 21:22:01 | DEBUG    | RabAI_AutoClick | 映射类型: scroll
2026-03-07 21:22:01 | DEBUG    | RabAI_AutoClick | 步骤 11: {'id': 12, 'params': {'clicks': 6, 'direction': 'up', 'pre_delay': 0.057, 'x': 1323, 'y': 581}, 'type': 'scroll'}
2026-03-07 21:22:01 | DEBUG    | RabAI_AutoClick | 原始类型: scroll
2026-03-07 21:22:01 | DEBUG    | RabAI_AutoClick | 映射类型: scroll
2026-03-07 21:22:01 | DEBUG    | RabAI_AutoClick | 步骤 12: {'id': 13, 'params': {'clicks': 1, 'direction': 'up', 'pre_delay': 0.196, 'x': 1323, 'y': 581}, 'type': 'scroll'}
2026-03-07 21:22:01 | DEBUG    | RabAI_AutoClick | 原始类型: scroll
2026-03-07 21:22:01 | DEBUG    | RabAI_AutoClick | 映射类型: scroll
2026-03-07 21:22:01 | DEBUG    | RabAI_AutoClick | 步骤 13: {'id': 14, 'params': {'clicks': 1, 'direction': 'down', 'pre_delay': 0.361, 'x': 1323, 'y': 581}, 'type': 'scroll'}
2026-03-07 21:22:01 | DEBUG    | RabAI_AutoClick | 原始类型: scroll
2026-03-07 21:22:01 | DEBUG    | RabAI_AutoClick | 映射类型: scroll
2026-03-07 21:22:01 | DEBUG    | RabAI_AutoClick | 步骤 14: {'id': 15, 'params': {'clicks': 6, 'direction': 'down', 'pre_delay': 0.067, 'x': 1323, 'y': 581}, 'type': 'scroll'}
2026-03-07 21:22:01 | DEBUG    | RabAI_AutoClick | 原始类型: scroll
2026-03-07 21:22:01 | DEBUG    | RabAI_AutoClick | 映射类型: scroll
2026-03-07 21:22:01 | DEBUG    | RabAI_AutoClick | 步骤 15: {'id': 16, 'params': {'clicks': 1, 'direction': 'down', 'pre_delay': 0.198, 'x': 1324, 'y': 572}, 'type': 'scroll'}
2026-03-07 21:22:01 | DEBUG    | RabAI_AutoClick | 原始类型: scroll
2026-03-07 21:22:01 | DEBUG    | RabAI_AutoClick | 映射类型: scroll
2026-03-07 21:22:01 | DEBUG    | RabAI_AutoClick | 步骤 16: {'id': 17, 'params': {'clicks': 1, 'direction': 'down', 'pre_delay': 0.233, 'x': 1324, 'y': 572}, 'type': 'scroll'}
2026-03-07 21:22:01 | DEBUG    | RabAI_AutoClick | 原始类型: scroll
2026-03-07 21:22:01 | DEBUG    | RabAI_AutoClick | 映射类型: scroll
2026-03-07 21:22:01 | DEBUG    | RabAI_AutoClick | 步骤 17: {'id': 18, 'params': {'clicks': 1, 'direction': 'up', 'pre_delay': 0.269, 'x': 1322, 'y': 527}, 'type': 'scroll'}
2026-03-07 21:22:01 | DEBUG    | RabAI_AutoClick | 原始类型: scroll
2026-03-07 21:22:01 | DEBUG    | RabAI_AutoClick | 映射类型: scroll
2026-03-07 21:22:01 | DEBUG    | RabAI_AutoClick | 步骤 18: {'id': 19, 'params': {'clicks': 6, 'direction': 'up', 'pre_delay': 0.062, 'x': 1322, 'y': 527}, 'type': 'scroll'}
2026-03-07 21:22:01 | DEBUG    | RabAI_AutoClick | 原始类型: scroll
2026-03-07 21:22:01 | DEBUG    | RabAI_AutoClick | 映射类型: scroll
2026-03-07 21:22:01 | DEBUG    | RabAI_AutoClick | 步骤 19: {'id': 20, 'params': {'clicks': 1, 'direction': 'up', 'pre_delay': 0.168, 'x': 1322, 'y': 527}, 'type': 'scroll'}
2026-03-07 21:22:01 | DEBUG    | RabAI_AutoClick | 原始类型: scroll
2026-03-07 21:22:01 | DEBUG    | RabAI_AutoClick | 映射类型: scroll
2026-03-07 21:22:01 | DEBUG    | RabAI_AutoClick | 步骤 20: {'id': 21, 'params': {'clicks': 1, 'direction': 'up', 'pre_delay': 0.219, 'x': 1322, 'y': 527}, 'type': 'scroll'}
2026-03-07 21:22:01 | DEBUG    | RabAI_AutoClick | 原始类型: scroll
2026-03-07 21:22:01 | DEBUG    | RabAI_AutoClick | 映射类型: scroll
2026-03-07 21:22:01 | DEBUG    | RabAI_AutoClick | 步骤 21: {'id': 22, 'params': {'clicks': 6, 'direction': 'up', 'pre_delay': 0.058, 'x': 1322, 'y': 527}, 'type': 'scroll'}
2026-03-07 21:22:01 | DEBUG    | RabAI_AutoClick | 原始类型: scroll
2026-03-07 21:22:01 | DEBUG    | RabAI_AutoClick | 映射类型: scroll
2026-03-07 21:22:01 | DEBUG    | RabAI_AutoClick | 步骤 22: {'id': 23, 'params': {'keys': 'cmd+c', 'pre_delay': 2.289}, 'type': 'hotkey'}
2026-03-07 21:22:01 | DEBUG    | RabAI_AutoClick | 原始类型: hotkey
2026-03-07 21:22:01 | DEBUG    | RabAI_AutoClick | 映射类型: key_press
2026-03-07 21:22:01 | DEBUG    | RabAI_AutoClick | 步骤 23: {'id': 24, 'params': {'keys': 'cmd+v', 'pre_delay': 0.927}, 'type': 'hotkey'}
2026-03-07 21:22:01 | DEBUG    | RabAI_AutoClick | 原始类型: hotkey
2026-03-07 21:22:01 | DEBUG    | RabAI_AutoClick | 映射类型: key_press
2026-03-07 21:22:20 | INFO     | RabAI_AutoClick | 执行第 1/1 次循环
2026-03-07 21:22:20 | INFO     | RabAI_AutoClick | 执行步骤 [1]: click
2026-03-07 21:22:21 | INFO     | RabAI_AutoClick | ✓ 步骤 [1] 完成: 点击成功: (999, 564) left (0.61秒)
2026-03-07 21:22:21 | INFO     | RabAI_AutoClick | 执行步骤 [2]: click
2026-03-07 21:22:23 | INFO     | RabAI_AutoClick | ✓ 步骤 [2] 完成: 点击成功: (1302, 1013) left (2.20秒)
2026-03-07 21:22:23 | INFO     | RabAI_AutoClick | 执行步骤 [3]: click
2026-03-07 21:22:25 | INFO     | RabAI_AutoClick | ✓ 步骤 [3] 完成: 点击成功: (1711, 650) left (1.69秒)
2026-03-07 21:22:25 | INFO     | RabAI_AutoClick | 执行步骤 [4]: double_click
2026-03-07 21:22:26 | INFO     | RabAI_AutoClick | ✓ 步骤 [4] 完成: 双击成功: (1711, 650) left (0.75秒)
2026-03-07 21:22:26 | INFO     | RabAI_AutoClick | 执行步骤 [5]: click
2026-03-07 21:22:28 | INFO     | RabAI_AutoClick | ✓ 步骤 [5] 完成: 点击成功: (823, 400) left (2.40秒)
2026-03-07 21:22:28 | INFO     | RabAI_AutoClick | 执行步骤 [6]: click
2026-03-07 21:22:31 | INFO     | RabAI_AutoClick | ✓ 步骤 [6] 完成: 点击成功: (1264, 541) left (2.66秒)
2026-03-07 21:22:31 | INFO     | RabAI_AutoClick | 执行步骤 [7]: click
2026-03-07 21:22:33 | INFO     | RabAI_AutoClick | ✓ 步骤 [7] 完成: 点击成功: (647, 821) left (1.73秒)
2026-03-07 21:22:33 | INFO     | RabAI_AutoClick | 执行步骤 [8]: click
2026-03-07 21:22:36 | INFO     | RabAI_AutoClick | ✓ 步骤 [8] 完成: 点击成功: (1227, 1013) left (3.71秒)
2026-03-07 21:22:36 | INFO     | RabAI_AutoClick | 执行步骤 [9]: scroll
2026-03-07 21:22:38 | INFO     | RabAI_AutoClick | ✓ 步骤 [9] 完成: 滚动成功: 1 格 (up) (1.71秒)
2026-03-07 21:22:38 | INFO     | RabAI_AutoClick | 执行步骤 [10]: scroll
2026-03-07 21:22:39 | INFO     | RabAI_AutoClick | ✓ 步骤 [10] 完成: 滚动成功: 6 格 (up) (0.65秒)
2026-03-07 21:22:39 | INFO     | RabAI_AutoClick | 执行步骤 [11]: scroll
2026-03-07 21:22:39 | INFO     | RabAI_AutoClick | ✓ 步骤 [11] 完成: 滚动成功: 1 格 (up) (0.92秒)
2026-03-07 21:22:39 | INFO     | RabAI_AutoClick | 执行步骤 [12]: scroll
2026-03-07 21:22:40 | INFO     | RabAI_AutoClick | ✓ 步骤 [12] 完成: 滚动成功: 6 格 (up) (0.65秒)
2026-03-07 21:22:40 | INFO     | RabAI_AutoClick | 执行步骤 [13]: scroll
2026-03-07 21:22:41 | INFO     | RabAI_AutoClick | ✓ 步骤 [13] 完成: 滚动成功: 1 格 (up) (0.79秒)
2026-03-07 21:22:41 | INFO     | RabAI_AutoClick | 执行步骤 [14]: scroll
2026-03-07 21:22:42 | INFO     | RabAI_AutoClick | ✓ 步骤 [14] 完成: 滚动成功: -1 格 (down) (0.96秒)
2026-03-07 21:22:42 | INFO     | RabAI_AutoClick | 执行步骤 [15]: scroll
2026-03-07 21:22:43 | INFO     | RabAI_AutoClick | ✓ 步骤 [15] 完成: 滚动成功: -6 格 (down) (0.67秒)
2026-03-07 21:22:43 | INFO     | RabAI_AutoClick | 执行步骤 [16]: scroll
2026-03-07 21:22:43 | INFO     | RabAI_AutoClick | ✓ 步骤 [16] 完成: 滚动成功: -1 格 (down) (0.81秒)
2026-03-07 21:22:43 | INFO     | RabAI_AutoClick | 执行步骤 [17]: scroll
2026-03-07 21:22:44 | INFO     | RabAI_AutoClick | ✓ 步骤 [17] 完成: 滚动成功: -1 格 (down) (0.83秒)
2026-03-07 21:22:44 | INFO     | RabAI_AutoClick | 执行步骤 [18]: scroll
2026-03-07 21:22:45 | INFO     | RabAI_AutoClick | ✓ 步骤 [18] 完成: 滚动成功: 1 格 (up) (0.87秒)
2026-03-07 21:22:45 | INFO     | RabAI_AutoClick | 执行步骤 [19]: scroll
2026-03-07 21:22:46 | INFO     | RabAI_AutoClick | ✓ 步骤 [19] 完成: 滚动成功: 6 格 (up) (0.66秒)
2026-03-07 21:22:46 | INFO     | RabAI_AutoClick | 执行步骤 [20]: scroll
2026-03-07 21:22:47 | INFO     | RabAI_AutoClick | ✓ 步骤 [20] 完成: 滚动成功: 1 格 (up) (0.77秒)
2026-03-07 21:22:47 | INFO     | RabAI_AutoClick | 执行步骤 [21]: scroll
2026-03-07 21:22:47 | INFO     | RabAI_AutoClick | ✓ 步骤 [21] 完成: 滚动成功: 1 格 (up) (0.83秒)
2026-03-07 21:22:47 | INFO     | RabAI_AutoClick | 执行步骤 [22]: scroll
2026-03-07 21:22:48 | INFO     | RabAI_AutoClick | ✓ 步骤 [22] 完成: 滚动成功: 6 格 (up) (0.66秒)
2026-03-07 21:22:48 | INFO     | RabAI_AutoClick | 执行步骤 [23]: key_press
2026-03-07 21:22:51 | INFO     | RabAI_AutoClick | ✓ 步骤 [23] 完成: 按键成功: ['cmd', 'c'] (2.83秒)
2026-03-07 21:22:51 | INFO     | RabAI_AutoClick | 执行步骤 [24]: key_press
2026-03-07 21:22:52 | INFO     | RabAI_AutoClick | ✓ 步骤 [24] 完成: 按键成功: ['cmd', 'v'] (1.47秒)
2026-03-07 21:22:52 | INFO     | RabAI_AutoClick | ✓ 工作流执行完成 | 总耗时: 31.8秒
2026-03-07 21:24:20 | INFO     | RabAI_AutoClick | 设置OCR区域: (1610, 252, 309x452)
2026-03-07 21:37:05 | INFO     | RabAI_AutoClick | 全局快捷键已启用: 运行=CTRL+F6, 停止=CTRL+F7, 录制=CTRL+F9/CTRL+F10
2026-03-07 21:37:05 | INFO     | RabAI_AutoClick | RabAI AutoClick v22 增强版启动
2026-03-07 21:37:06 | INFO     | RabAI_AutoClick | ✓ 辅助功能权限已授权
2026-03-07 21:46:27 | INFO     | RabAI_AutoClick | 全局快捷键已启用: 运行=CTRL+F6, 停止=CTRL+F7, 录制=CTRL+F9/CTRL+F10
2026-03-07 21:46:27 | INFO     | RabAI_AutoClick | RabAI AutoClick v22 增强版启动
2026-03-07 21:46:29 | INFO     | RabAI_AutoClick | ✓ 辅助功能权限已授权
2026-03-07 21:52:50 | INFO     | RabAI_AutoClick | 全局快捷键已启用: 运行=CTRL+F6, 停止=CTRL+F7, 录制=CTRL+F9/CTRL+F10
2026-03-07 21:52:50 | INFO     | RabAI_AutoClick | RabAI AutoClick v22 增强版启动
2026-03-07 21:52:52 | INFO     | RabAI_AutoClick | ✓ 辅助功能权限已授权
2026-03-07 21:54:47 | INFO     | RabAI_AutoClick | 全局快捷键已启用: 运行=CTRL+F6, 停止=CTRL+F7, 录制=CTRL+F9/CTRL+F10
2026-03-07 21:54:47 | INFO     | RabAI_AutoClick | RabAI AutoClick v22 增强版启动
2026-03-07 21:54:49 | INFO     | RabAI_AutoClick | ✓ 辅助功能权限已授权
2026-03-07 21:56:45 | INFO     | RabAI_AutoClick | 全局快捷键已启用: 运行=CTRL+F6, 停止=CTRL+F7, 录制=CTRL+F9/CTRL+F10
2026-03-07 21:56:45 | INFO     | RabAI_AutoClick | RabAI AutoClick v22 增强版启动
2026-03-07 21:56:56 | INFO     | RabAI_AutoClick | 开始录制操作
2026-03-07 21:56:57 | INFO     | RabAI_AutoClick | 录屏动作: click - {'x': 758, 'y': 442, 'button': 'left', 'clicks': 1}
2026-03-07 21:56:59 | INFO     | RabAI_AutoClick | 录屏动作: click - {'x': 1211, 'y': 1020, 'button': 'left', 'clicks': 1, 'pre_delay': 1.408}
2026-03-07 21:57:00 | INFO     | RabAI_AutoClick | 录制完成，共 2 个动作
2026-03-07 21:57:16 | INFO     | RabAI_AutoClick | 添加录屏步骤到工作流，共 2 个步骤
2026-03-07 21:57:16 | DEBUG    | RabAI_AutoClick | 步骤 0: {'id': 1, 'params': {'button': 'left', 'clicks': 1, 'x': 758, 'y': 442}, 'type': 'click'}
2026-03-07 21:57:16 | DEBUG    | RabAI_AutoClick | 原始类型: click
2026-03-07 21:57:16 | DEBUG    | RabAI_AutoClick | 映射类型: click
2026-03-07 21:57:16 | DEBUG    | RabAI_AutoClick | 步骤 1: {'id': 2, 'params': {'button': 'left', 'clicks': 1, 'pre_delay': 1.408, 'x': 1211, 'y': 1020}, 'type': 'click'}
2026-03-07 21:57:16 | DEBUG    | RabAI_AutoClick | 原始类型: click
2026-03-07 21:57:16 | DEBUG    | RabAI_AutoClick | 映射类型: click
2026-03-07 21:57:19 | INFO     | RabAI_AutoClick | 执行第 1/1 次循环
2026-03-07 21:57:19 | INFO     | RabAI_AutoClick | 执行步骤 [1]: click
2026-03-07 21:57:19 | INFO     | RabAI_AutoClick | ✓ 步骤 [1] 完成: 点击成功: (758, 442) left (0.61秒)
2026-03-07 21:57:19 | INFO     | RabAI_AutoClick | 执行步骤 [2]: click
2026-03-07 21:57:21 | INFO     | RabAI_AutoClick | ✓ 步骤 [2] 完成: 点击成功: (1211, 1020) left (2.00秒)
2026-03-07 21:57:21 | INFO     | RabAI_AutoClick | ✓ 工作流执行完成 | 总耗时: 2.6秒
2026-03-07 22:01:49 | INFO     | RabAI_AutoClick | 全局快捷键已启用: 运行=CTRL+F6, 停止=CTRL+F7, 录制=CTRL+F9/CTRL+F10
2026-03-07 22:01:49 | INFO     | RabAI_AutoClick | RabAI AutoClick v22 增强版启动
2026-03-07 22:01:49 | INFO     | RabAI_AutoClick | 教学模式: True
2026-03-07 22:03:39 | INFO     | RabAI_AutoClick | 全局快捷键已启用: 运行=CTRL+F6, 停止=CTRL+F7, 录制=CTRL+F9/CTRL+F10
2026-03-07 22:03:39 | INFO     | RabAI_AutoClick | RabAI AutoClick v22 增强版启动
2026-03-07 22:03:41 | INFO     | RabAI_AutoClick | ✓ 辅助功能权限已授权
2026-03-07 22:03:50 | INFO     | RabAI_AutoClick | 开始录制操作
2026-03-07 22:03:52 | INFO     | RabAI_AutoClick | 录屏动作: click - {'x': 1031, 'y': 265, 'button': 'left', 'clicks': 1}
2026-03-07 22:03:53 | INFO     | RabAI_AutoClick | 录屏动作: click - {'x': 1268, 'y': 416, 'button': 'left', 'clicks': 1, 'pre_delay': 1.457}
2026-03-07 22:03:55 | INFO     | RabAI_AutoClick | 录制完成，共 2 个动作
2026-03-07 22:03:58 | INFO     | RabAI_AutoClick | 添加录屏步骤到工作流，共 2 个步骤
2026-03-07 22:03:58 | DEBUG    | RabAI_AutoClick | 步骤 0: {'id': 1, 'params': {'button': 'left', 'clicks': 1, 'x': 1031, 'y': 265}, 'type': 'click'}
2026-03-07 22:03:58 | DEBUG    | RabAI_AutoClick | 原始类型: click
2026-03-07 22:03:58 | DEBUG    | RabAI_AutoClick | 映射类型: click
2026-03-07 22:03:58 | DEBUG    | RabAI_AutoClick | 步骤 1: {'id': 2, 'params': {'button': 'left', 'clicks': 1, 'pre_delay': 1.457, 'x': 1268, 'y': 416}, 'type': 'click'}
2026-03-07 22:03:58 | DEBUG    | RabAI_AutoClick | 原始类型: click
2026-03-07 22:03:58 | DEBUG    | RabAI_AutoClick | 映射类型: click
2026-03-07 22:04:01 | INFO     | RabAI_AutoClick | 执行第 1/1 次循环
2026-03-07 22:04:01 | INFO     | RabAI_AutoClick | 执行步骤 [1]: click
2026-03-07 22:04:01 | INFO     | RabAI_AutoClick | ✓ 步骤 [1] 完成: 点击成功: (1031, 265) left (0.59秒)
2026-03-07 22:04:01 | INFO     | RabAI_AutoClick | 执行步骤 [2]: click
2026-03-07 22:04:03 | INFO     | RabAI_AutoClick | ✓ 步骤 [2] 完成: 点击成功: (1268, 416) left (2.05秒)
2026-03-07 22:04:03 | INFO     | RabAI_AutoClick | ✓ 工作流执行完成 | 总耗时: 2.7秒
2026-03-07 22:04:10 | INFO     | RabAI_AutoClick | 执行第 1/1 次循环
2026-03-07 22:04:10 | INFO     | RabAI_AutoClick | 执行步骤 [1]: click
2026-03-07 22:04:11 | INFO     | RabAI_AutoClick | ✓ 步骤 [1] 完成: 点击成功: (1031, 265) left (0.61秒)
2026-03-07 22:04:11 | INFO     | RabAI_AutoClick | 执行步骤 [2]: click
2026-03-07 22:04:13 | INFO     | RabAI_AutoClick | ✓ 步骤 [2] 完成: 点击成功: (1268, 416) left (2.06秒)
2026-03-07 22:04:13 | INFO     | RabAI_AutoClick | ✓ 工作流执行完成 | 总耗时: 2.7秒
2026-03-07 22:06:39 | INFO     | RabAI_AutoClick | 全局快捷键已启用: 运行=CTRL+F6, 停止=CTRL+F7, 录制=CTRL+F9/CTRL+F10
2026-03-07 22:06:39 | INFO     | RabAI_AutoClick | RabAI AutoClick v22 增强版启动
2026-03-07 22:06:41 | INFO     | RabAI_AutoClick | ✓ 辅助功能权限已授权
2026-03-07 22:08:39 | INFO     | RabAI_AutoClick | 全局快捷键已启用: 运行=CTRL+F6, 停止=CTRL+F7, 录制=CTRL+F9/CTRL+F10
2026-03-07 22:08:39 | INFO     | RabAI_AutoClick | RabAI AutoClick v22 增强版启动
2026-03-07 22:08:41 | INFO     | RabAI_AutoClick | ✓ 辅助功能权限已授权
2026-03-07 22:08:43 | INFO     | RabAI_AutoClick | 教学模式: True
2026-03-07 22:16:03 | INFO     | RabAI_AutoClick | 全局快捷键已启用: 运行=CTRL+F6, 停止=CTRL+F7, 录制=CTRL+F9/CTRL+F10, 显示=F11
2026-03-07 22:16:03 | INFO     | RabAI_AutoClick | RabAI AutoClick v22 增强版启动
2026-03-07 22:16:14 | INFO     | RabAI_AutoClick | 按键显示: True
2026-03-07 22:16:27 | INFO     | RabAI_AutoClick | 按键显示: False
2026-03-07 22:16:28 | INFO     | RabAI_AutoClick | 按键显示: True
2026-03-07 22:16:54 | INFO     | RabAI_AutoClick | 按键显示: False
2026-03-07 22:16:58 | INFO     | RabAI_AutoClick | 按键显示: True
2026-03-07 22:16:58 | INFO     | RabAI_AutoClick | 按键显示: False
2026-03-07 22:17:04 | INFO     | RabAI_AutoClick | 快捷键已更新
2026-03-07 22:20:44 | INFO     | RabAI_AutoClick | 全局快捷键已启用: 运行=CTRL+F6, 停止=CTRL+F7, 录制=CTRL+F9/CTRL+F10, 显示=F11
2026-03-07 22:20:44 | INFO     | RabAI_AutoClick | RabAI AutoClick v22 增强版启动
2026-03-07 22:20:45 | INFO     | RabAI_AutoClick | ✓ 辅助功能权限已授权
2026-03-07 22:22:47 | INFO     | RabAI_AutoClick | 按键显示: True
2026-03-07 22:23:01 | INFO     | RabAI_AutoClick | 按键显示: False
2026-03-07 22:27:26 | INFO     | RabAI_AutoClick | 全局快捷键已启用: 运行=CTRL+F6, 停止=CTRL+F7, 录制=CTRL+F9/CTRL+F10, 显示=CTRL+F11
2026-03-07 22:27:26 | INFO     | RabAI_AutoClick | RabAI AutoClick v22 增强版启动
2026-03-07 22:27:28 | INFO     | RabAI_AutoClick | ✓ 辅助功能权限已授权
2026-03-07 22:27:30 | INFO     | RabAI_AutoClick | 按键显示: True
2026-03-07 22:27:40 | INFO     | RabAI_AutoClick | 快捷键已更新
2026-03-07 22:30:27 | INFO     | RabAI_AutoClick | 全局快捷键已启用: 运行=CTRL+F6, 停止=CTRL+F7, 录制=CTRL+F9/CTRL+F10, 显示=CTRL+F11
2026-03-07 22:30:27 | INFO     | RabAI_AutoClick | RabAI AutoClick v22 增强版启动
2026-03-07 22:30:35 | INFO     | RabAI_AutoClick | 按键显示: True
2026-03-07 22:30:51 | INFO     | RabAI_AutoClick | 按键显示: False
2026-03-07 22:39:26 | INFO     | RabAI_AutoClick | 全局快捷键已启用: 运行=CTRL+F6, 停止=CTRL+F7, 录制=CTRL+F9/CTRL+F10, 显示=CTRL+F11
2026-03-07 22:39:26 | INFO     | RabAI_AutoClick | RabAI AutoClick v22 增强版启动
2026-03-07 22:42:22 | INFO     | RabAI_AutoClick | 全局快捷键已启用: 运行=CTRL+F6, 停止=CTRL+F7, 录制=CTRL+F9/CTRL+F10, 显示=CTRL+F11
2026-03-07 22:42:22 | INFO     | RabAI_AutoClick | RabAI AutoClick v22 增强版启动
2026-03-07 22:49:31 | INFO     | RabAI_AutoClick | 全局快捷键已启用: 运行=CTRL+F6, 停止=CTRL+F7, 录制=CTRL+F9/CTRL+F10, 显示=CTRL+F11
2026-03-07 22:49:31 | INFO     | RabAI_AutoClick | RabAI AutoClick v22 增强版启动
2026-03-07 22:49:32 | INFO     | RabAI_AutoClick | ✓ 辅助功能权限已授权
2026-03-07 22:56:52 | INFO     | RabAI_AutoClick | 按键显示: True
2026-03-07 22:57:33 | INFO     | RabAI_AutoClick | 快捷键已更新
2026-03-07 22:57:40 | INFO     | RabAI_AutoClick | 设置OCR区域: (1539, 261, 393x457)
2026-03-07 22:57:48 | INFO     | RabAI_AutoClick | 开始录制操作
2026-03-07 22:57:50 | INFO     | RabAI_AutoClick | 录屏动作: click - {'x': 1057, 'y': 486, 'button': 'left', 'clicks': 1}
2026-03-07 22:57:52 | INFO     | RabAI_AutoClick | 录屏动作: click - {'x': 840, 'y': 170, 'button': 'left', 'clicks': 1, 'pre_delay': 2.534}
2026-03-07 22:57:54 | INFO     | RabAI_AutoClick | 录屏动作: click - {'x': 211, 'y': 902, 'button': 'left', 'clicks': 1, 'pre_delay': 1.64}
2026-03-07 22:57:56 | INFO     | RabAI_AutoClick | 录制完成，共 3 个动作
2026-03-07 22:57:59 | INFO     | RabAI_AutoClick | 添加录屏步骤到工作流，共 3 个步骤
2026-03-07 22:57:59 | DEBUG    | RabAI_AutoClick | 步骤 0: {'id': 1, 'params': {'button': 'left', 'clicks': 1, 'x': 1057, 'y': 486}, 'type': 'click'}
2026-03-07 22:57:59 | DEBUG    | RabAI_AutoClick | 原始类型: click
2026-03-07 22:57:59 | DEBUG    | RabAI_AutoClick | 映射类型: click
2026-03-07 22:57:59 | DEBUG    | RabAI_AutoClick | 步骤 1: {'id': 2, 'params': {'button': 'left', 'clicks': 1, 'pre_delay': 2.534, 'x': 840, 'y': 170}, 'type': 'click'}
2026-03-07 22:57:59 | DEBUG    | RabAI_AutoClick | 原始类型: click
2026-03-07 22:57:59 | DEBUG    | RabAI_AutoClick | 映射类型: click
2026-03-07 22:57:59 | DEBUG    | RabAI_AutoClick | 步骤 2: {'id': 3, 'params': {'button': 'left', 'clicks': 1, 'pre_delay': 1.64, 'x': 211, 'y': 902}, 'type': 'click'}
2026-03-07 22:57:59 | DEBUG    | RabAI_AutoClick | 原始类型: click
2026-03-07 22:57:59 | DEBUG    | RabAI_AutoClick | 映射类型: click
2026-03-07 22:58:07 | INFO     | RabAI_AutoClick | 使用识别区域: (1539, 261, 393, 457)
2026-03-07 22:58:07 | INFO     | RabAI_AutoClick | 执行第 1/1 次循环
2026-03-07 22:58:07 | INFO     | RabAI_AutoClick | 执行步骤 [1]: click
2026-03-07 22:58:08 | INFO     | RabAI_AutoClick | ✓ 步骤 [1] 完成: 点击成功: (1057, 486) left (0.76秒)
2026-03-07 22:58:08 | INFO     | RabAI_AutoClick | 执行步骤 [2]: click
2026-03-07 22:58:11 | INFO     | RabAI_AutoClick | ✓ 步骤 [2] 完成: 点击成功: (840, 170) left (3.14秒)
2026-03-07 22:58:11 | INFO     | RabAI_AutoClick | 执行步骤 [3]: click
2026-03-07 22:58:13 | INFO     | RabAI_AutoClick | ✓ 步骤 [3] 完成: 点击成功: (211, 902) left (2.25秒)
2026-03-07 22:58:14 | INFO     | RabAI_AutoClick | ✓ 工作流执行完成 | 总耗时: 6.2秒
2026-03-07 22:58:22 | INFO     | RabAI_AutoClick | 循环设置: 2次, 间隔1.0秒
2026-03-07 22:58:27 | INFO     | RabAI_AutoClick | 使用识别区域: (1539, 261, 393, 457)
2026-03-07 22:58:27 | INFO     | RabAI_AutoClick | 执行第 1/2 次循环
2026-03-07 22:58:27 | INFO     | RabAI_AutoClick | 执行步骤 [1]: click
2026-03-07 22:58:28 | INFO     | RabAI_AutoClick | ✓ 步骤 [1] 完成: 点击成功: (1057, 486) left (0.59秒)
2026-03-07 22:58:28 | INFO     | RabAI_AutoClick | 执行步骤 [2]: click
2026-03-07 22:58:31 | INFO     | RabAI_AutoClick | ✓ 步骤 [2] 完成: 点击成功: (840, 170) left (3.14秒)
2026-03-07 22:58:31 | INFO     | RabAI_AutoClick | 执行步骤 [3]: click
2026-03-07 22:58:33 | INFO     | RabAI_AutoClick | ✓ 步骤 [3] 完成: 点击成功: (211, 902) left (2.24秒)
2026-03-07 22:58:33 | INFO     | RabAI_AutoClick | 循环 1 完成，等待 1.0 秒后继续...
2026-03-07 22:58:34 | INFO     | RabAI_AutoClick | 执行第 2/2 次循环
2026-03-07 22:58:34 | INFO     | RabAI_AutoClick | 执行步骤 [1]: click
2026-03-07 22:58:35 | INFO     | RabAI_AutoClick | ✓ 步骤 [1] 完成: 点击成功: (1057, 486) left (0.60秒)
2026-03-07 22:58:35 | INFO     | RabAI_AutoClick | 执行步骤 [2]: click
2026-03-07 22:58:38 | INFO     | RabAI_AutoClick | ✓ 步骤 [2] 完成: 点击成功: (840, 170) left (3.13秒)
2026-03-07 22:58:38 | INFO     | RabAI_AutoClick | 执行步骤 [3]: click
2026-03-07 22:58:40 | INFO     | RabAI_AutoClick | ✓ 步骤 [3] 完成: 点击成功: (211, 902) left (2.24秒)
2026-03-07 22:58:40 | INFO     | RabAI_AutoClick | ✓ 工作流执行完成 (共2次循环) | 总耗时: 13.0秒 | 平均每循环: 6.0秒
2026-03-07 23:00:48 | INFO     | RabAI_AutoClick | 按键显示: False
2026-03-07 23:00:49 | INFO     | RabAI_AutoClick | 按键显示: True
