2026-03-07 00:00:47,654 - WARNING - RabAI_AutoClick - keyboard模块未安装，全局热键不可用
2026-03-07 00:00:47,655 - INFO - RabAI_AutoClick - RabAI AutoClick v22 增强版启动
2026-03-07 00:01:08,546 - INFO - RabAI_AutoClick - 添加步骤: 查找图像
2026-03-07 00:01:10,444 - INFO - RabAI_AutoClick - 添加步骤: 截图
2026-03-07 00:01:16,895 - INFO - RabAI_AutoClick - 添加步骤: 查找图像
2026-03-07 00:01:22,742 - INFO - RabAI_AutoClick - 添加步骤: 查找图像
2026-03-07 00:01:25,866 - INFO - RabAI_AutoClick - 执行第 1/1 次循环
2026-03-07 00:01:25,895 - INFO - RabAI_AutoClick - 执行步骤 [1]: find_image
2026-03-07 00:01:26,960 - INFO - RabAI_AutoClick - ✓ 步骤 [1] 完成: 未找到匹配图像 (1.07秒)
2026-03-07 00:01:26,961 - INFO - RabAI_AutoClick - 执行步骤 [2]: screenshot
2026-03-07 00:01:28,053 - INFO - RabAI_AutoClick - ✓ 步骤 [2] 完成: 截图已保存: /Users/guige876/gram/rabai-autoclick-v22/screenshots/screenshot_20260307_000127.png (1.09秒)
2026-03-07 00:01:28,056 - INFO - RabAI_AutoClick - 执行步骤 [3]: find_image
2026-03-07 00:01:28,709 - INFO - RabAI_AutoClick - ✓ 步骤 [3] 完成: 找到图像: (3705, 1046) (0.66秒)
2026-03-07 00:01:28,713 - INFO - RabAI_AutoClick - 执行步骤 [4]: find_image
2026-03-07 00:01:29,523 - INFO - RabAI_AutoClick - ✓ 步骤 [4] 完成: 找到图像: (3705, 1046) (0.81秒)
2026-03-07 00:01:29,544 - INFO - RabAI_AutoClick - ✓ 工作流执行完成 | 总耗时: 3.7秒
2026-03-07 00:02:04,976 - INFO - RabAI_AutoClick - 添加步骤: 鼠标点击
2026-03-07 00:02:13,400 - INFO - RabAI_AutoClick - 添加步骤: 鼠标点击
2026-03-07 00:02:16,526 - INFO - RabAI_AutoClick - 删除步骤 [6]
2026-03-07 00:02:17,177 - INFO - RabAI_AutoClick - 删除步骤 [5]
2026-03-07 00:03:10,617 - INFO - RabAI_AutoClick - 程序退出
2026-03-07 00:06:18,961 - WARNING - RabAI_AutoClick - keyboard模块未安装，全局热键不可用
2026-03-07 00:06:18,963 - INFO - RabAI_AutoClick - RabAI AutoClick v22 增强版启动
2026-03-07 00:06:20,169 - INFO - RabAI_AutoClick - ✓ 辅助功能权限已授权
2026-03-07 00:09:17,795 - INFO - RabAI_AutoClick - 添加步骤: 查找图像
2026-03-07 00:09:32,733 - INFO - RabAI_AutoClick - 添加步骤: 查找图像
2026-03-07 00:09:50,872 - INFO - RabAI_AutoClick - 添加步骤: 鼠标点击
2026-03-07 00:09:58,550 - INFO - RabAI_AutoClick - 添加步骤: 鼠标点击
2026-03-07 00:11:29,344 - INFO - RabAI_AutoClick - 执行第 1/1 次循环
2026-03-07 00:11:29,382 - INFO - RabAI_AutoClick - 执行步骤 [1]: find_image
2026-03-07 00:11:30,496 - INFO - RabAI_AutoClick - ✓ 步骤 [1] 完成: 未找到匹配图像 (1.12秒)
2026-03-07 00:11:30,497 - INFO - RabAI_AutoClick - 执行步骤 [2]: find_image
2026-03-07 00:11:31,374 - INFO - RabAI_AutoClick - ✓ 步骤 [2] 完成: 未找到匹配图像 (0.88秒)
2026-03-07 00:11:31,380 - INFO - RabAI_AutoClick - 执行步骤 [3]: click
2026-03-07 00:11:32,316 - INFO - RabAI_AutoClick - ✓ 步骤 [3] 完成: 点击成功: (1612, 664) | 实际位置: Point(x=1612, y=664) (0.94秒)
2026-03-07 00:11:32,317 - INFO - RabAI_AutoClick - 执行步骤 [4]: click
2026-03-07 00:11:33,363 - INFO - RabAI_AutoClick - ✓ 步骤 [4] 完成: 点击成功: (1612, 664) | 实际位置: Point(x=1612, y=664) (1.05秒)
2026-03-07 00:11:33,382 - INFO - RabAI_AutoClick - ✓ 工作流执行完成 | 总耗时: 4.0秒
2026-03-07 00:12:24,645 - INFO - RabAI_AutoClick - 执行第 1/1 次循环
2026-03-07 00:12:24,679 - INFO - RabAI_AutoClick - 执行步骤 [1]: find_image
2026-03-07 00:12:26,316 - INFO - RabAI_AutoClick - ✓ 步骤 [1] 完成: 找到图像: (3705, 1046) (1.64秒)
2026-03-07 00:12:26,320 - INFO - RabAI_AutoClick - 执行步骤 [2]: find_image
2026-03-07 00:12:28,166 - INFO - RabAI_AutoClick - ✓ 步骤 [2] 完成: 未找到匹配图像 (1.85秒)
2026-03-07 00:12:28,170 - INFO - RabAI_AutoClick - 执行步骤 [3]: click
2026-03-07 00:12:29,101 - INFO - RabAI_AutoClick - ✓ 步骤 [3] 完成: 点击成功: (1594, 533) | 实际位置: Point(x=1594, y=533) (0.94秒)
2026-03-07 00:12:29,103 - INFO - RabAI_AutoClick - 执行步骤 [4]: click
2026-03-07 00:12:30,048 - INFO - RabAI_AutoClick - ✓ 步骤 [4] 完成: 点击成功: (1612, 664) | 实际位置: Point(x=1612, y=664) (0.95秒)
2026-03-07 00:12:30,066 - INFO - RabAI_AutoClick - ✓ 工作流执行完成 | 总耗时: 5.4秒
2026-03-07 00:15:44,864 - WARNING - RabAI_AutoClick - keyboard模块未安装，全局热键不可用
2026-03-07 00:15:44,866 - INFO - RabAI_AutoClick - RabAI AutoClick v22 增强版启动
2026-03-07 00:15:46,046 - INFO - RabAI_AutoClick - ✓ 辅助功能权限已授权
2026-03-07 00:16:03,015 - INFO - RabAI_AutoClick - 程序退出
2026-03-07 00:16:22,370 - INFO - RabAI_AutoClick - 添加步骤: 鼠标点击
2026-03-07 00:16:28,135 - INFO - RabAI_AutoClick - 添加步骤: 鼠标点击
2026-03-07 00:19:04,222 - WARNING - RabAI_AutoClick - keyboard模块未安装，全局热键不可用
2026-03-07 00:19:04,226 - INFO - RabAI_AutoClick - RabAI AutoClick v22 增强版启动
2026-03-07 00:19:23,923 - INFO - RabAI_AutoClick - 程序退出
2026-03-07 00:19:33,805 - INFO - RabAI_AutoClick - 添加步骤: 鼠标点击
2026-03-07 00:19:41,274 - INFO - RabAI_AutoClick - 添加步骤: 鼠标点击
2026-03-07 00:19:53,805 - INFO - RabAI_AutoClick - 添加步骤: 查找图像
2026-03-07 00:19:59,107 - INFO - RabAI_AutoClick - 添加步骤: 查找图像
2026-03-07 00:20:05,396 - INFO - RabAI_AutoClick - 执行第 1/1 次循环
2026-03-07 00:20:05,411 - INFO - RabAI_AutoClick - 执行步骤 [1]: click
2026-03-07 00:20:06,356 - INFO - RabAI_AutoClick - ✓ 步骤 [1] 完成: 点击成功: (1733, 544) | 实际位置: Point(x=1733, y=544) (0.95秒)
2026-03-07 00:20:06,357 - INFO - RabAI_AutoClick - 执行步骤 [2]: click
2026-03-07 00:20:07,295 - INFO - RabAI_AutoClick - ✓ 步骤 [2] 完成: 点击成功: (1733, 544) | 实际位置: Point(x=1733, y=544) (0.94秒)
2026-03-07 00:20:07,299 - INFO - RabAI_AutoClick - 执行步骤 [3]: find_image
2026-03-07 00:20:08,037 - INFO - RabAI_AutoClick - ✓ 步骤 [3] 完成: 找到图像: (3705, 1046) (0.74秒)
2026-03-07 00:20:08,037 - INFO - RabAI_AutoClick - 执行步骤 [4]: find_image
2026-03-07 00:20:08,628 - INFO - RabAI_AutoClick - ✓ 步骤 [4] 完成: 找到图像: (3705, 1046) (0.59秒)
2026-03-07 00:20:08,635 - INFO - RabAI_AutoClick - ✓ 工作流执行完成 | 总耗时: 3.2秒
2026-03-07 00:22:39,707 - WARNING - RabAI_AutoClick - keyboard模块未安装，全局热键不可用
2026-03-07 00:22:39,708 - INFO - RabAI_AutoClick - RabAI AutoClick v22 增强版启动
2026-03-07 00:22:40,849 - INFO - RabAI_AutoClick - ✓ 辅助功能权限已授权
2026-03-07 00:22:45,226 - INFO - RabAI_AutoClick - 程序退出
2026-03-07 00:22:57,972 - INFO - RabAI_AutoClick - 添加步骤: 鼠标点击
2026-03-07 00:23:06,418 - INFO - RabAI_AutoClick - 添加步骤: 鼠标点击
2026-03-07 00:23:22,688 - INFO - RabAI_AutoClick - 添加步骤: 查找图像
2026-03-07 00:23:35,221 - INFO - RabAI_AutoClick - 添加步骤: 查找图像
2026-03-07 00:23:41,063 - INFO - RabAI_AutoClick - 程序退出
2026-03-07 00:26:55,770 - WARNING - RabAI_AutoClick - keyboard模块未安装，全局热键不可用
2026-03-07 00:26:55,771 - INFO - RabAI_AutoClick - RabAI AutoClick v22 增强版启动
2026-03-07 00:27:56,653 - WARNING - RabAI_AutoClick - keyboard模块未安装，全局热键不可用
2026-03-07 00:27:56,654 - INFO - RabAI_AutoClick - RabAI AutoClick v22 增强版启动
2026-03-07 00:28:12,936 - INFO - RabAI_AutoClick - 添加步骤: 鼠标点击
2026-03-07 00:28:17,955 - INFO - RabAI_AutoClick - 添加步骤: 鼠标点击
2026-03-07 00:28:31,131 - INFO - RabAI_AutoClick - 添加步骤: 查找图像
2026-03-07 00:28:49,953 - INFO - RabAI_AutoClick - 添加步骤: 查找图像
2026-03-07 00:29:04,388 - INFO - RabAI_AutoClick - 添加步骤: 查找图像
2026-03-07 00:29:12,692 - INFO - RabAI_AutoClick - 添加步骤: 鼠标点击
2026-03-07 00:33:08,534 - INFO - RabAI_AutoClick - 执行第 1/1 次循环
2026-03-07 00:33:08,576 - INFO - RabAI_AutoClick - 执行步骤 [1]: click
2026-03-07 00:33:09,540 - INFO - RabAI_AutoClick - ✓ 步骤 [1] 完成: 点击成功: (1015, 762) | 实际位置: Point(x=1032, y=766) (0.98秒)
2026-03-07 00:33:09,541 - INFO - RabAI_AutoClick - 执行步骤 [2]: click
2026-03-07 00:33:10,475 - INFO - RabAI_AutoClick - ✓ 步骤 [2] 完成: 点击成功: (None, None) | 实际位置: Point(x=1032, y=766) (0.94秒)
2026-03-07 00:33:10,487 - INFO - RabAI_AutoClick - 执行步骤 [3]: find_image
2026-03-07 00:33:12,067 - INFO - RabAI_AutoClick - ✓ 步骤 [3] 完成: 未找到匹配图像 (1.59秒)
2026-03-07 00:33:12,069 - INFO - RabAI_AutoClick - 执行步骤 [4]: find_image
2026-03-07 00:33:12,669 - INFO - RabAI_AutoClick - ✓ 步骤 [4] 完成: 未找到匹配图像 (0.60秒)
2026-03-07 00:33:12,670 - INFO - RabAI_AutoClick - 执行步骤 [5]: find_image
2026-03-07 00:33:13,425 - INFO - RabAI_AutoClick - ✓ 步骤 [5] 完成: 未找到匹配图像 (0.76秒)
2026-03-07 00:33:13,427 - INFO - RabAI_AutoClick - 执行步骤 [6]: click
2026-03-07 00:33:14,368 - INFO - RabAI_AutoClick - ✓ 步骤 [6] 完成: 点击成功: (1117, 402) | 实际位置: Point(x=1117, y=402) (0.94秒)
2026-03-07 00:33:14,377 - INFO - RabAI_AutoClick - ✓ 工作流执行完成 | 总耗时: 5.8秒
2026-03-07 00:33:28,876 - INFO - RabAI_AutoClick - 删除步骤 [2]
2026-03-07 00:33:31,114 - INFO - RabAI_AutoClick - 删除步骤 [1]
2026-03-07 00:33:37,566 - INFO - RabAI_AutoClick - 删除步骤 [6]
2026-03-07 00:33:39,065 - INFO - RabAI_AutoClick - 执行第 1/1 次循环
2026-03-07 00:33:39,082 - INFO - RabAI_AutoClick - 执行步骤 [3]: find_image
2026-03-07 00:33:39,849 - INFO - RabAI_AutoClick - ✓ 步骤 [3] 完成: 找到图像: (3705, 1046) (0.58秒)
2026-03-07 00:33:39,850 - INFO - RabAI_AutoClick - 执行步骤 [4]: find_image
2026-03-07 00:33:40,259 - INFO - RabAI_AutoClick - ✓ 步骤 [4] 完成: 未找到匹配图像 (0.60秒)
2026-03-07 00:33:40,259 - INFO - RabAI_AutoClick - 执行步骤 [5]: find_image
2026-03-07 00:33:40,825 - INFO - RabAI_AutoClick - ✓ 步骤 [5] 完成: 找到图像: (3705, 1046) (0.57秒)
2026-03-07 00:33:40,887 - INFO - RabAI_AutoClick - ✓ 工作流执行完成 | 总耗时: 1.8秒
2026-03-07 00:35:22,495 - WARNING - RabAI_AutoClick - keyboard模块未安装，全局热键不可用
2026-03-07 00:35:22,496 - INFO - RabAI_AutoClick - RabAI AutoClick v22 增强版启动
2026-03-07 00:35:23,453 - INFO - RabAI_AutoClick - ✓ 辅助功能权限已授权
2026-03-07 00:35:27,476 - INFO - RabAI_AutoClick - 程序退出
2026-03-07 00:35:36,879 - INFO - RabAI_AutoClick - 添加步骤: 鼠标点击
2026-03-07 00:35:49,962 - INFO - RabAI_AutoClick - 添加步骤: 鼠标点击
2026-03-07 00:35:54,233 - INFO - RabAI_AutoClick - 添加步骤: 鼠标点击
2026-03-07 00:36:18,885 - INFO - RabAI_AutoClick - 添加步骤: 查找图像
2026-03-07 00:36:29,534 - INFO - RabAI_AutoClick - 添加步骤: 查找图像
2026-03-07 00:36:56,115 - INFO - RabAI_AutoClick - 添加步骤: 截图
2026-03-07 00:37:06,204 - INFO - RabAI_AutoClick - 添加步骤: 截图
2026-03-07 00:37:10,507 - INFO - RabAI_AutoClick - 删除步骤 [7]
2026-03-07 00:37:13,174 - INFO - RabAI_AutoClick - 添加步骤: 查找图像
2026-03-07 00:37:22,110 - INFO - RabAI_AutoClick - 执行第 1/1 次循环
2026-03-07 00:37:22,127 - INFO - RabAI_AutoClick - 执行步骤 [1]: click
2026-03-07 00:37:23,129 - INFO - RabAI_AutoClick - ✓ 步骤 [1] 完成: 点击成功: (630, 131) | 实际位置: Point(x=707, y=138) (1.00秒)
2026-03-07 00:37:23,189 - INFO - RabAI_AutoClick - 执行步骤 [2]: click
2026-03-07 00:37:24,296 - INFO - RabAI_AutoClick - ✓ 步骤 [2] 完成: 点击成功: (784, 300) | 实际位置: Point(x=784, y=300) (1.15秒)
2026-03-07 00:37:24,298 - INFO - RabAI_AutoClick - 执行步骤 [3]: click
2026-03-07 00:37:25,274 - INFO - RabAI_AutoClick - ✓ 步骤 [3] 完成: 点击成功: (1350, 215) | 实际位置: Point(x=1346, y=208) (0.98秒)
2026-03-07 00:37:25,281 - INFO - RabAI_AutoClick - 执行步骤 [4]: find_image
2026-03-07 00:37:26,217 - INFO - RabAI_AutoClick - ✓ 步骤 [4] 完成: 找到图像: (3705, 1046) (0.94秒)
2026-03-07 00:37:26,218 - INFO - RabAI_AutoClick - 执行步骤 [5]: find_image
2026-03-07 00:37:27,064 - INFO - RabAI_AutoClick - ✓ 步骤 [5] 完成: 未找到匹配图像 (0.85秒)
2026-03-07 00:37:27,068 - INFO - RabAI_AutoClick - 执行步骤 [6]: screenshot
2026-03-07 00:37:27,859 - INFO - RabAI_AutoClick - ✓ 步骤 [6] 完成: 截图已保存: /Users/guige876/gram/rabai-autoclick-v22/screenshots/screenshot_20260307_003727.png (0.79秒)
2026-03-07 00:37:27,862 - INFO - RabAI_AutoClick - 执行步骤 [8]: find_image
2026-03-07 00:37:28,450 - INFO - RabAI_AutoClick - ✓ 步骤 [8] 完成: 找到图像: (3705, 1046) (0.59秒)
2026-03-07 00:37:28,453 - INFO - RabAI_AutoClick - ✓ 工作流执行完成 | 总耗时: 6.3秒
2026-03-07 00:38:01,565 - INFO - RabAI_AutoClick - 设置OCR区域: (1526, 263, 378x548)
2026-03-07 00:43:03,742 - INFO - RabAI_AutoClick - 程序退出
2026-03-07 00:43:12,717 - WARNING - RabAI_AutoClick - keyboard模块未安装，全局热键不可用
2026-03-07 00:43:12,718 - INFO - RabAI_AutoClick - RabAI AutoClick v22 增强版启动
2026-03-07 00:43:25,788 - INFO - RabAI_AutoClick - 添加步骤: 查找图像
2026-03-07 00:43:27,201 - INFO - RabAI_AutoClick - 添加步骤: 查找图像
2026-03-07 00:43:34,438 - INFO - RabAI_AutoClick - 执行第 1/1 次循环
2026-03-07 00:43:34,450 - INFO - RabAI_AutoClick - 执行步骤 [1]: find_image
2026-03-07 00:43:35,631 - INFO - RabAI_AutoClick - ✓ 步骤 [1] 完成: 找到图像: (3705, 1046) (1.18秒)
2026-03-07 00:43:35,635 - INFO - RabAI_AutoClick - 执行步骤 [2]: find_image
2026-03-07 00:43:36,588 - INFO - RabAI_AutoClick - ✓ 步骤 [2] 完成: 未找到匹配图像 (0.96秒)
2026-03-07 00:43:36,618 - INFO - RabAI_AutoClick - ✓ 工作流执行完成 | 总耗时: 2.2秒
2026-03-07 00:44:16,418 - INFO - RabAI_AutoClick - 设置OCR区域: (1494, 283, 411x441)
2026-03-07 00:45:04,132 - WARNING - RabAI_AutoClick - keyboard模块未安装，全局热键不可用
2026-03-07 00:45:04,133 - INFO - RabAI_AutoClick - RabAI AutoClick v22 增强版启动
2026-03-07 00:45:05,817 - INFO - RabAI_AutoClick - ✓ 辅助功能权限已授权
2026-03-07 00:46:05,695 - INFO - RabAI_AutoClick - 添加步骤: 查找图像
2026-03-07 00:46:09,402 - INFO - RabAI_AutoClick - 添加步骤: 查找图像
2026-03-07 00:46:15,051 - INFO - RabAI_AutoClick - 添加步骤: 查找图像
2026-03-07 00:46:16,120 - INFO - RabAI_AutoClick - 执行第 1/1 次循环
2026-03-07 00:46:16,134 - INFO - RabAI_AutoClick - 执行步骤 [1]: find_image
2026-03-07 00:46:17,042 - INFO - RabAI_AutoClick - ✓ 步骤 [1] 完成: 未找到匹配图像 (0.91秒)
2026-03-07 00:46:17,042 - INFO - RabAI_AutoClick - 执行步骤 [2]: find_image
2026-03-07 00:46:17,686 - INFO - RabAI_AutoClick - ✓ 步骤 [2] 完成: 找到图像: (3705, 1046) (0.64秒)
2026-03-07 00:46:17,686 - INFO - RabAI_AutoClick - 执行步骤 [3]: find_image
2026-03-07 00:46:18,246 - INFO - RabAI_AutoClick - ✓ 步骤 [3] 完成: 找到图像: (3705, 1046) (0.56秒)
2026-03-07 00:46:18,315 - INFO - RabAI_AutoClick - ✓ 工作流执行完成 | 总耗时: 2.1秒
2026-03-07 00:46:38,433 - INFO - RabAI_AutoClick - 添加步骤: 查找图像
2026-03-07 00:46:49,112 - INFO - RabAI_AutoClick - 添加步骤: 查找图像
2026-03-07 00:46:55,383 - INFO - RabAI_AutoClick - 执行第 1/1 次循环
2026-03-07 00:46:55,392 - INFO - RabAI_AutoClick - 执行步骤 [1]: find_image
2026-03-07 00:46:56,187 - INFO - RabAI_AutoClick - ✓ 步骤 [1] 完成: 未找到匹配图像 (0.80秒)
2026-03-07 00:46:56,187 - INFO - RabAI_AutoClick - 执行步骤 [2]: find_image
2026-03-07 00:46:56,717 - INFO - RabAI_AutoClick - ✓ 步骤 [2] 完成: 找到图像: (3705, 1046) (0.53秒)
2026-03-07 00:46:56,717 - INFO - RabAI_AutoClick - 执行步骤 [3]: find_image
2026-03-07 00:46:57,300 - INFO - RabAI_AutoClick - ✓ 步骤 [3] 完成: 找到图像: (3705, 1046) (0.58秒)
2026-03-07 00:46:57,301 - INFO - RabAI_AutoClick - 执行步骤 [4]: find_image
2026-03-07 00:46:57,839 - INFO - RabAI_AutoClick - ✓ 步骤 [4] 完成: 未找到匹配图像 (0.54秒)
2026-03-07 00:46:57,840 - INFO - RabAI_AutoClick - 执行步骤 [5]: find_image
2026-03-07 00:46:58,350 - INFO - RabAI_AutoClick - ✓ 步骤 [5] 完成: 找到图像: (3705, 1046) (0.51秒)
2026-03-07 00:46:58,378 - INFO - RabAI_AutoClick - ✓ 工作流执行完成 | 总耗时: 3.0秒
2026-03-07 00:47:41,144 - INFO - RabAI_AutoClick - 执行第 1/1 次循环
2026-03-07 00:47:41,164 - INFO - RabAI_AutoClick - 执行步骤 [1]: find_image
2026-03-07 00:47:41,973 - INFO - RabAI_AutoClick - ✓ 步骤 [1] 完成: 找到图像: (3455, 1037) (0.81秒)
2026-03-07 00:47:41,974 - INFO - RabAI_AutoClick - 执行步骤 [2]: find_image
2026-03-07 00:47:42,529 - INFO - RabAI_AutoClick - ✓ 步骤 [2] 完成: 找到图像: (3705, 1046) (0.56秒)
2026-03-07 00:47:42,532 - INFO - RabAI_AutoClick - 执行步骤 [3]: find_image
2026-03-07 00:47:43,125 - INFO - RabAI_AutoClick - ✓ 步骤 [3] 完成: 找到图像: (3705, 1046) (0.60秒)
2026-03-07 00:47:43,126 - INFO - RabAI_AutoClick - 执行步骤 [4]: find_image
2026-03-07 00:47:43,770 - INFO - RabAI_AutoClick - ✓ 步骤 [4] 完成: 找到图像: (3455, 1037) (0.64秒)
2026-03-07 00:47:43,770 - INFO - RabAI_AutoClick - 执行步骤 [5]: find_image
2026-03-07 00:47:44,288 - INFO - RabAI_AutoClick - ✓ 步骤 [5] 完成: 找到图像: (3705, 1046) (0.52秒)
2026-03-07 00:47:44,297 - INFO - RabAI_AutoClick - ✓ 工作流执行完成 | 总耗时: 3.1秒
2026-03-07 00:49:38,547 - INFO - RabAI_AutoClick - 程序退出
2026-03-07 00:49:41,925 - INFO - RabAI_AutoClick - 程序退出
2026-03-07 00:52:36,968 - WARNING - RabAI_AutoClick - keyboard模块未安装，全局热键不可用
2026-03-07 00:52:36,969 - INFO - RabAI_AutoClick - RabAI AutoClick v22 增强版启动
2026-03-07 00:52:38,160 - INFO - RabAI_AutoClick - ✓ 辅助功能权限已授权
2026-03-07 00:52:48,768 - INFO - RabAI_AutoClick - 设置OCR区域: (1263, 52, 637x876)
2026-03-07 00:53:12,249 - INFO - RabAI_AutoClick - 添加步骤: 查找图像
2026-03-07 00:53:14,104 - INFO - RabAI_AutoClick - 添加步骤: 查找图像
2026-03-07 00:53:18,675 - INFO - RabAI_AutoClick - 添加步骤: 查找图像
2026-03-07 00:53:23,331 - INFO - RabAI_AutoClick - 添加步骤: 查找图像
2026-03-07 00:53:31,139 - INFO - RabAI_AutoClick - 使用识别区域: (1263, 52, 637, 876)
2026-03-07 00:53:31,141 - INFO - RabAI_AutoClick - 执行第 1/1 次循环
2026-03-07 00:53:31,164 - INFO - RabAI_AutoClick - 执行步骤 [1]: find_image
2026-03-07 00:53:31,946 - INFO - RabAI_AutoClick - ✓ 步骤 [1] 完成: 未找到匹配图像 (0.79秒)
2026-03-07 00:53:31,947 - INFO - RabAI_AutoClick - 执行步骤 [2]: find_image
2026-03-07 00:53:32,206 - INFO - RabAI_AutoClick - ✓ 步骤 [2] 完成: 未找到匹配图像 (0.26秒)
2026-03-07 00:53:32,206 - INFO - RabAI_AutoClick - 执行步骤 [3]: find_image
2026-03-07 00:53:32,459 - INFO - RabAI_AutoClick - ✓ 步骤 [3] 完成: 未找到匹配图像 (0.25秒)
2026-03-07 00:53:32,464 - INFO - RabAI_AutoClick - 执行步骤 [4]: find_image
2026-03-07 00:53:32,707 - INFO - RabAI_AutoClick - ✓ 步骤 [4] 完成: 未找到匹配图像 (0.25秒)
2026-03-07 00:53:32,730 - INFO - RabAI_AutoClick - ✓ 工作流执行完成 | 总耗时: 1.6秒
2026-03-07 00:53:40,775 - INFO - RabAI_AutoClick - 使用识别区域: (1263, 52, 637, 876)
2026-03-07 00:53:40,776 - INFO - RabAI_AutoClick - 执行第 1/1 次循环
2026-03-07 00:53:40,793 - INFO - RabAI_AutoClick - 执行步骤 [1]: find_image
2026-03-07 00:53:41,188 - INFO - RabAI_AutoClick - ✓ 步骤 [1] 完成: 未找到匹配图像 (0.40秒)
2026-03-07 00:53:41,188 - INFO - RabAI_AutoClick - 执行步骤 [2]: find_image
2026-03-07 00:53:41,421 - INFO - RabAI_AutoClick - ✓ 步骤 [2] 完成: 未找到匹配图像 (0.23秒)
2026-03-07 00:53:41,422 - INFO - RabAI_AutoClick - 执行步骤 [3]: find_image
2026-03-07 00:53:41,655 - INFO - RabAI_AutoClick - ✓ 步骤 [3] 完成: 未找到匹配图像 (0.23秒)
2026-03-07 00:53:41,656 - INFO - RabAI_AutoClick - 执行步骤 [4]: find_image
2026-03-07 00:53:41,870 - INFO - RabAI_AutoClick - ✓ 步骤 [4] 完成: 未找到匹配图像 (0.21秒)
2026-03-07 00:53:41,893 - INFO - RabAI_AutoClick - ✓ 工作流执行完成 | 总耗时: 1.1秒
2026-03-07 00:53:53,828 - INFO - RabAI_AutoClick - 使用识别区域: (1263, 52, 637, 876)
2026-03-07 00:53:53,829 - INFO - RabAI_AutoClick - 执行第 1/1 次循环
2026-03-07 00:53:53,844 - INFO - RabAI_AutoClick - 执行步骤 [1]: find_image
2026-03-07 00:53:54,225 - INFO - RabAI_AutoClick - ✓ 步骤 [1] 完成: 未找到匹配图像 (0.38秒)
2026-03-07 00:53:54,226 - INFO - RabAI_AutoClick - 执行步骤 [2]: find_image
2026-03-07 00:53:54,452 - INFO - RabAI_AutoClick - ✓ 步骤 [2] 完成: 未找到匹配图像 (0.23秒)
2026-03-07 00:53:54,453 - INFO - RabAI_AutoClick - 执行步骤 [3]: find_image
2026-03-07 00:53:54,690 - INFO - RabAI_AutoClick - ✓ 步骤 [3] 完成: 未找到匹配图像 (0.24秒)
2026-03-07 00:53:54,690 - INFO - RabAI_AutoClick - 执行步骤 [4]: find_image
2026-03-07 00:53:54,873 - INFO - RabAI_AutoClick - ✓ 步骤 [4] 完成: 未找到匹配图像 (0.18秒)
2026-03-07 00:53:54,911 - INFO - RabAI_AutoClick - ✓ 工作流执行完成 | 总耗时: 1.0秒
2026-03-07 00:55:16,745 - INFO - RabAI_AutoClick - 程序退出
2026-03-07 00:58:28,369 - WARNING - RabAI_AutoClick - keyboard模块未安装，全局热键不可用
2026-03-07 00:58:28,370 - INFO - RabAI_AutoClick - RabAI AutoClick v22 增强版启动
2026-03-07 00:58:29,194 - INFO - RabAI_AutoClick - ✓ 辅助功能权限已授权
2026-03-07 00:58:38,215 - INFO - RabAI_AutoClick - 设置OCR区域: (1283, 40, 635x907)
2026-03-07 00:58:44,070 - INFO - RabAI_AutoClick - 添加步骤: 查找图像
2026-03-07 00:58:55,707 - INFO - RabAI_AutoClick - 添加步骤: 查找图像
2026-03-07 00:59:00,571 - INFO - RabAI_AutoClick - 添加步骤: 查找图像
2026-03-07 00:59:07,028 - INFO - RabAI_AutoClick - 使用识别区域: (1283, 40, 635, 907)
2026-03-07 00:59:07,034 - INFO - RabAI_AutoClick - 执行第 1/1 次循环
2026-03-07 00:59:07,058 - INFO - RabAI_AutoClick - 执行步骤 [1]: find_image
2026-03-07 00:59:07,499 - INFO - RabAI_AutoClick - ✓ 步骤 [1] 完成: 未找到匹配图像 (0.45秒)
2026-03-07 00:59:07,499 - INFO - RabAI_AutoClick - 执行步骤 [2]: find_image
2026-03-07 00:59:07,738 - INFO - RabAI_AutoClick - ✓ 步骤 [2] 完成: 未找到匹配图像 (0.24秒)
2026-03-07 00:59:07,741 - INFO - RabAI_AutoClick - 执行步骤 [3]: find_image
2026-03-07 00:59:07,935 - INFO - RabAI_AutoClick - ✓ 步骤 [3] 完成: 未找到匹配图像 (0.20秒)
2026-03-07 00:59:07,940 - INFO - RabAI_AutoClick - ✓ 工作流执行完成 | 总耗时: 0.9秒
2026-03-07 00:59:12,652 - WARNING - RabAI_AutoClick - keyboard模块未安装，全局热键不可用
2026-03-07 00:59:12,653 - INFO - RabAI_AutoClick - RabAI AutoClick v22 增强版启动
2026-03-07 00:59:13,878 - INFO - RabAI_AutoClick - ✓ 辅助功能权限已授权
2026-03-07 00:59:21,660 - INFO - RabAI_AutoClick - 程序退出
2026-03-07 00:59:32,116 - INFO - RabAI_AutoClick - 设置OCR区域: (1298, 26, 602x913)
2026-03-07 00:59:40,819 - INFO - RabAI_AutoClick - 添加步骤: 查找图像
2026-03-07 00:59:45,204 - INFO - RabAI_AutoClick - 添加步骤: 查找图像
2026-03-07 00:59:49,517 - INFO - RabAI_AutoClick - 添加步骤: 查找图像
2026-03-07 00:59:50,817 - INFO - RabAI_AutoClick - 使用识别区域: (1298, 26, 602, 913)
2026-03-07 00:59:50,817 - INFO - RabAI_AutoClick - 执行第 1/1 次循环
2026-03-07 00:59:50,835 - INFO - RabAI_AutoClick - 执行步骤 [1]: find_image
2026-03-07 00:59:51,268 - INFO - RabAI_AutoClick - ✓ 步骤 [1] 完成: 未找到匹配图像 (0.43秒)
2026-03-07 00:59:51,268 - INFO - RabAI_AutoClick - 执行步骤 [2]: find_image
2026-03-07 00:59:51,481 - INFO - RabAI_AutoClick - ✓ 步骤 [2] 完成: 未找到匹配图像 (0.21秒)
2026-03-07 00:59:51,482 - INFO - RabAI_AutoClick - 执行步骤 [3]: find_image
2026-03-07 00:59:51,676 - INFO - RabAI_AutoClick - ✓ 步骤 [3] 完成: 未找到匹配图像 (0.19秒)
2026-03-07 00:59:51,683 - INFO - RabAI_AutoClick - ✓ 工作流执行完成 | 总耗时: 0.9秒
2026-03-07 01:00:02,597 - INFO - RabAI_AutoClick - 执行第 1/1 次循环
2026-03-07 01:00:02,610 - INFO - RabAI_AutoClick - 执行步骤 [1]: find_image
2026-03-07 01:00:03,380 - INFO - RabAI_AutoClick - ✓ 步骤 [1] 完成: 找到图像: (3705, 1046) (0.77秒)
2026-03-07 01:00:03,381 - INFO - RabAI_AutoClick - 执行步骤 [2]: find_image
2026-03-07 01:00:03,977 - INFO - RabAI_AutoClick - ✓ 步骤 [2] 完成: 未找到匹配图像 (0.60秒)
2026-03-07 01:00:03,978 - INFO - RabAI_AutoClick - 执行步骤 [3]: find_image
2026-03-07 01:00:04,574 - INFO - RabAI_AutoClick - ✓ 步骤 [3] 完成: 未找到匹配图像 (0.60秒)
2026-03-07 01:00:04,586 - INFO - RabAI_AutoClick - ✓ 工作流执行完成 | 总耗时: 2.0秒
2026-03-07 01:02:03,501 - INFO - RabAI_AutoClick - 程序退出
2026-03-07 01:03:12,525 - WARNING - RabAI_AutoClick - keyboard模块未安装，全局热键不可用
2026-03-07 01:03:12,526 - INFO - RabAI_AutoClick - RabAI AutoClick v22 增强版启动
2026-03-07 01:03:32,294 - INFO - RabAI_AutoClick - 添加步骤: 查找图像
2026-03-07 01:03:37,008 - INFO - RabAI_AutoClick - 添加步骤: 查找图像
2026-03-07 01:03:44,519 - INFO - RabAI_AutoClick - 添加步骤: 查找图像
2026-03-07 01:04:06,872 - INFO - RabAI_AutoClick - 执行第 1/1 次循环
2026-03-07 01:04:06,891 - INFO - RabAI_AutoClick - 执行步骤 [1]: find_image
2026-03-07 01:04:07,992 - INFO - RabAI_AutoClick - ✓ 步骤 [1] 完成: 未找到匹配图像 (1.10秒)
2026-03-07 01:04:07,992 - INFO - RabAI_AutoClick - 执行步骤 [2]: find_image
2026-03-07 01:04:08,683 - INFO - RabAI_AutoClick - ✓ 步骤 [2] 完成: 找到图像: (3705, 1046) (0.69秒)
2026-03-07 01:04:08,688 - INFO - RabAI_AutoClick - 执行步骤 [3]: find_image
2026-03-07 01:04:09,343 - INFO - RabAI_AutoClick - ✓ 步骤 [3] 完成: 找到图像: (3455, 1037) (0.66秒)
2026-03-07 01:04:09,395 - INFO - RabAI_AutoClick - ✓ 工作流执行完成 | 总耗时: 2.5秒
2026-03-07 01:04:26,183 - INFO - RabAI_AutoClick - 设置OCR区域: (1280, 37, 627x911)
2026-03-07 01:04:29,482 - INFO - RabAI_AutoClick - 使用识别区域: (1280, 37, 627, 911)
2026-03-07 01:04:29,483 - INFO - RabAI_AutoClick - 执行第 1/1 次循环
2026-03-07 01:04:29,493 - INFO - RabAI_AutoClick - 执行步骤 [1]: find_image
2026-03-07 01:04:29,885 - INFO - RabAI_AutoClick - ✓ 步骤 [1] 完成: 未找到匹配图像 (0.39秒)
2026-03-07 01:04:29,886 - INFO - RabAI_AutoClick - 执行步骤 [2]: find_image
2026-03-07 01:04:30,094 - INFO - RabAI_AutoClick - ✓ 步骤 [2] 完成: 未找到匹配图像 (0.21秒)
2026-03-07 01:04:30,095 - INFO - RabAI_AutoClick - 执行步骤 [3]: find_image
2026-03-07 01:04:30,287 - INFO - RabAI_AutoClick - ✓ 步骤 [3] 完成: 未找到匹配图像 (0.19秒)
2026-03-07 01:04:30,297 - INFO - RabAI_AutoClick - ✓ 工作流执行完成 | 总耗时: 0.8秒
2026-03-07 01:06:53,301 - INFO - RabAI_AutoClick - 程序退出
2026-03-07 01:07:47,293 - WARNING - RabAI_AutoClick - keyboard模块未安装，全局热键不可用
2026-03-07 01:07:47,295 - INFO - RabAI_AutoClick - RabAI AutoClick v22 增强版启动
2026-03-07 01:08:02,302 - INFO - RabAI_AutoClick - 设置OCR区域: (1302, 19, 618x911)
2026-03-07 01:08:14,108 - INFO - RabAI_AutoClick - 添加步骤: 查找图像
2026-03-07 01:08:15,415 - INFO - RabAI_AutoClick - 添加步骤: 查找图像
2026-03-07 01:08:15,795 - INFO - RabAI_AutoClick - 添加步骤: 查找图像
2026-03-07 01:08:38,993 - INFO - RabAI_AutoClick - 使用识别区域: (1302, 19, 618, 911)
2026-03-07 01:08:38,995 - INFO - RabAI_AutoClick - 执行第 1/1 次循环
2026-03-07 01:08:39,014 - INFO - RabAI_AutoClick - 执行步骤 [1]: find_image
2026-03-07 01:08:39,577 - INFO - RabAI_AutoClick - ✓ 步骤 [1] 完成: 找到图像: (1436, 812) (0.57秒)
2026-03-07 01:08:39,578 - INFO - RabAI_AutoClick - 执行步骤 [2]: find_image
2026-03-07 01:08:39,805 - INFO - RabAI_AutoClick - ✓ 步骤 [2] 完成: 找到图像: (1419, 810) (0.23秒)
2026-03-07 01:08:39,806 - INFO - RabAI_AutoClick - 执行步骤 [3]: find_image
2026-03-07 01:08:40,024 - INFO - RabAI_AutoClick - ✓ 步骤 [3] 完成: 未找到匹配图像 (0.22秒)
2026-03-07 01:08:40,034 - INFO - RabAI_AutoClick - ✓ 工作流执行完成 | 总耗时: 1.0秒
2026-03-07 01:09:08,404 - INFO - RabAI_AutoClick - 使用识别区域: (1302, 19, 618, 911)
2026-03-07 01:09:08,406 - INFO - RabAI_AutoClick - 执行第 1/1 次循环
2026-03-07 01:09:08,423 - INFO - RabAI_AutoClick - 执行步骤 [1]: find_image
2026-03-07 01:09:09,232 - INFO - RabAI_AutoClick - ✓ 步骤 [1] 完成: 找到图像: (1403, 755) (0.35秒)
2026-03-07 01:09:09,232 - INFO - RabAI_AutoClick - 执行步骤 [2]: find_image
2026-03-07 01:09:09,235 - INFO - RabAI_AutoClick - ✓ 步骤 [2] 完成: 找到图像: (1402, 777) (0.19秒)
2026-03-07 01:09:09,235 - INFO - RabAI_AutoClick - 执行步骤 [3]: find_image
2026-03-07 01:09:09,235 - INFO - RabAI_AutoClick - ✓ 步骤 [3] 完成: 找到图像: (1418, 792) (0.22秒)
2026-03-07 01:09:09,243 - INFO - RabAI_AutoClick - ✓ 工作流执行完成 | 总耗时: 0.8秒
2026-03-07 01:09:27,708 - INFO - RabAI_AutoClick - 添加步骤: 图像识别点击
2026-03-07 01:09:30,972 - INFO - RabAI_AutoClick - 删除步骤 [3]
2026-03-07 01:09:33,023 - INFO - RabAI_AutoClick - 删除步骤 [1]
2026-03-07 01:09:34,375 - INFO - RabAI_AutoClick - 删除步骤 [2]
2026-03-07 01:09:41,957 - INFO - RabAI_AutoClick - 添加步骤: 图像识别点击
2026-03-07 01:09:53,943 - INFO - RabAI_AutoClick - 添加步骤: 图像识别点击
2026-03-07 01:10:04,508 - INFO - RabAI_AutoClick - 使用识别区域: (1302, 19, 618, 911)
2026-03-07 01:10:04,510 - INFO - RabAI_AutoClick - 执行第 1/1 次循环
2026-03-07 01:10:04,525 - INFO - RabAI_AutoClick - 执行步骤 [4]: click_image
2026-03-07 01:10:04,948 - ERROR - RabAI_AutoClick - 步骤 [4] 失败: 图像匹配失败: unsupported operand type(s) for +=: 'int' and 'str'
2026-03-07 01:10:04,949 - ERROR - RabAI_AutoClick - 步骤 [4] 错误: 图像匹配失败: unsupported operand type(s) for +=: 'int' and 'str'
2026-03-07 01:10:04,963 - INFO - RabAI_AutoClick - ✓ 工作流执行完成 | 总耗时: 0.4秒
2026-03-07 01:11:36,656 - WARNING - RabAI_AutoClick - keyboard模块未安装，全局热键不可用
2026-03-07 01:11:36,658 - INFO - RabAI_AutoClick - RabAI AutoClick v22 增强版启动
2026-03-07 01:11:38,006 - INFO - RabAI_AutoClick - ✓ 辅助功能权限已授权
2026-03-07 01:11:41,369 - INFO - RabAI_AutoClick - 程序退出
2026-03-07 01:11:52,448 - WARNING - RabAI_AutoClick - keyboard模块未安装，全局热键不可用
2026-03-07 01:11:52,449 - INFO - RabAI_AutoClick - RabAI AutoClick v22 增强版启动
2026-03-07 01:11:53,411 - INFO - RabAI_AutoClick - ✓ 辅助功能权限已授权
2026-03-07 01:11:59,108 - INFO - RabAI_AutoClick - 程序退出
2026-03-07 01:12:15,044 - INFO - RabAI_AutoClick - 添加步骤: 图像识别点击
2026-03-07 01:12:16,063 - INFO - RabAI_AutoClick - 执行第 1/1 次循环
2026-03-07 01:12:16,078 - INFO - RabAI_AutoClick - 执行步骤 [1]: click_image
2026-03-07 01:12:16,086 - ERROR - RabAI_AutoClick - 步骤 [1] 错误: 执行步骤失败: invalid literal for int() with base 10: '(0'
2026-03-07 01:12:16,088 - INFO - RabAI_AutoClick - ✓ 工作流执行完成 | 总耗时: 0.0秒
2026-03-07 01:12:50,574 - INFO - RabAI_AutoClick - 程序退出
2026-03-07 01:13:06,344 - WARNING - RabAI_AutoClick - keyboard模块未安装，全局热键不可用
2026-03-07 01:13:06,346 - INFO - RabAI_AutoClick - RabAI AutoClick v22 增强版启动
2026-03-07 01:13:07,390 - INFO - RabAI_AutoClick - ✓ 辅助功能权限已授权
2026-03-07 01:13:23,458 - INFO - RabAI_AutoClick - 添加步骤: 图像识别点击
2026-03-07 01:13:24,632 - INFO - RabAI_AutoClick - 执行第 1/1 次循环
2026-03-07 01:13:24,648 - INFO - RabAI_AutoClick - 执行步骤 [1]: click_image
2026-03-07 01:13:26,400 - INFO - RabAI_AutoClick - ✓ 步骤 [1] 完成: 图像点击成功: (3706, 1252) (1.75秒)
2026-03-07 01:13:26,441 - INFO - RabAI_AutoClick - ✓ 工作流执行完成 | 总耗时: 1.8秒
2026-03-07 01:13:37,312 - INFO - RabAI_AutoClick - 执行第 1/1 次循环
2026-03-07 01:13:37,321 - INFO - RabAI_AutoClick - 执行步骤 [1]: click_image
2026-03-07 01:13:38,745 - INFO - RabAI_AutoClick - ✓ 步骤 [1] 完成: 图像点击成功: (3706, 1252) (1.42秒)
2026-03-07 01:13:38,810 - INFO - RabAI_AutoClick - ✓ 工作流执行完成 | 总耗时: 1.4秒
2026-03-07 01:13:48,914 - INFO - RabAI_AutoClick - 添加步骤: 图像识别点击
2026-03-07 01:13:51,252 - INFO - RabAI_AutoClick - 删除步骤 [1]
2026-03-07 01:13:52,374 - INFO - RabAI_AutoClick - 执行第 1/1 次循环
2026-03-07 01:13:52,398 - INFO - RabAI_AutoClick - 执行步骤 [2]: click_image
2026-03-07 01:13:53,712 - INFO - RabAI_AutoClick - ✓ 步骤 [2] 完成: 图像点击成功: (3706, 1252) (1.31秒)
2026-03-07 01:13:53,773 - INFO - RabAI_AutoClick - ✓ 工作流执行完成 | 总耗时: 1.3秒
2026-03-07 01:14:09,283 - INFO - RabAI_AutoClick - 添加步骤: 图像识别点击
2026-03-07 01:14:11,252 - INFO - RabAI_AutoClick - 删除步骤 [2]
2026-03-07 01:14:12,134 - INFO - RabAI_AutoClick - 执行第 1/1 次循环
2026-03-07 01:14:12,191 - INFO - RabAI_AutoClick - 执行步骤 [3]: click_image
2026-03-07 01:14:13,830 - INFO - RabAI_AutoClick - ✓ 步骤 [3] 完成: 图像点击成功: (3455, 1037) (1.65秒)
2026-03-07 01:14:13,904 - INFO - RabAI_AutoClick - ✓ 工作流执行完成 | 总耗时: 1.7秒
2026-03-07 01:14:28,409 - INFO - RabAI_AutoClick - 执行第 1/1 次循环
2026-03-07 01:14:28,421 - INFO - RabAI_AutoClick - 执行步骤 [3]: click_image
2026-03-07 01:14:30,313 - INFO - RabAI_AutoClick - ✓ 步骤 [3] 完成: 图像点击成功: (3455, 1037) (1.89秒)
2026-03-07 01:14:30,450 - INFO - RabAI_AutoClick - ✓ 工作流执行完成 | 总耗时: 1.9秒
2026-03-07 01:15:32,619 - INFO - RabAI_AutoClick - 设置OCR区域: (1283, 31, 617x891)
2026-03-07 01:15:40,275 - INFO - RabAI_AutoClick - 添加步骤: OCR文字识别
2026-03-07 01:15:42,550 - INFO - RabAI_AutoClick - 删除步骤 [3]
2026-03-07 01:15:43,466 - INFO - RabAI_AutoClick - 使用识别区域: (1283, 31, 617, 891)
2026-03-07 01:15:43,466 - INFO - RabAI_AutoClick - 执行第 1/1 次循环
2026-03-07 01:15:43,492 - INFO - RabAI_AutoClick - 执行步骤 [4]: ocr
2026-03-07 01:15:46,905 - INFO - RabAI_AutoClick - ✓ 步骤 [4] 完成: 点击成功: '扩展盘' [第1个匹配项(共1个)] (3.40秒)
2026-03-07 01:15:46,909 - INFO - RabAI_AutoClick - ✓ 工作流执行完成 | 总耗时: 3.4秒
2026-03-07 01:16:33,370 - WARNING - RabAI_AutoClick - keyboard模块未安装，全局热键不可用
2026-03-07 01:16:33,371 - INFO - RabAI_AutoClick - RabAI AutoClick v22 增强版启动
2026-03-07 01:16:34,279 - INFO - RabAI_AutoClick - ✓ 辅助功能权限已授权
2026-03-07 01:16:38,400 - INFO - RabAI_AutoClick - 程序退出
2026-03-07 01:17:57,694 - INFO - RabAI_AutoClick - 添加步骤: 鼠标滚轮
2026-03-07 01:19:18,847 - WARNING - RabAI_AutoClick - keyboard模块未安装，全局热键不可用
2026-03-07 01:19:18,848 - INFO - RabAI_AutoClick - RabAI AutoClick v22 增强版启动
2026-03-07 01:19:19,814 - INFO - RabAI_AutoClick - ✓ 辅助功能权限已授权
2026-03-07 01:19:59,581 - INFO - RabAI_AutoClick - 添加步骤: 鼠标拖拽
2026-03-07 01:20:00,637 - INFO - RabAI_AutoClick - 执行第 1/1 次循环
2026-03-07 01:20:00,658 - INFO - RabAI_AutoClick - 执行步骤 [1]: drag
2026-03-07 01:20:01,669 - INFO - RabAI_AutoClick - ✓ 步骤 [1] 完成: 拖拽成功: (667, 255) -> (1420, 730) (1.01秒)
2026-03-07 01:20:01,682 - INFO - RabAI_AutoClick - ✓ 工作流执行完成 | 总耗时: 1.0秒
2026-03-07 01:20:29,108 - INFO - RabAI_AutoClick - 添加步骤: 鼠标移动
2026-03-07 01:20:35,816 - INFO - RabAI_AutoClick - 执行第 1/1 次循环
2026-03-07 01:20:35,837 - INFO - RabAI_AutoClick - 执行步骤 [1]: drag
2026-03-07 01:20:36,828 - INFO - RabAI_AutoClick - ✓ 步骤 [1] 完成: 拖拽成功: (667, 255) -> (1420, 730) (0.99秒)
2026-03-07 01:20:36,829 - INFO - RabAI_AutoClick - 执行步骤 [2]: mouse_move
2026-03-07 01:20:37,252 - INFO - RabAI_AutoClick - ✓ 步骤 [2] 完成: 移动成功: (1331, 524) (0.42秒)
2026-03-07 01:20:37,257 - INFO - RabAI_AutoClick - ✓ 工作流执行完成 | 总耗时: 1.4秒
2026-03-07 01:20:41,088 - INFO - RabAI_AutoClick - 删除步骤 [1]
2026-03-07 01:20:42,016 - INFO - RabAI_AutoClick - 执行第 1/1 次循环
2026-03-07 01:20:42,026 - INFO - RabAI_AutoClick - 执行步骤 [2]: mouse_move
2026-03-07 01:20:42,831 - INFO - RabAI_AutoClick - ✓ 步骤 [2] 完成: 移动成功: (1331, 524) (0.42秒)
2026-03-07 01:20:42,836 - INFO - RabAI_AutoClick - ✓ 工作流执行完成 | 总耗时: 0.8秒
2026-03-07 01:20:46,667 - INFO - RabAI_AutoClick - 添加步骤: 截图
2026-03-07 01:20:49,512 - INFO - RabAI_AutoClick - 删除步骤 [3]
2026-03-07 01:20:56,399 - INFO - RabAI_AutoClick - 添加步骤: 鼠标移动
2026-03-07 01:21:01,879 - INFO - RabAI_AutoClick - 执行第 1/1 次循环
2026-03-07 01:21:01,889 - INFO - RabAI_AutoClick - 执行步骤 [2]: mouse_move
2026-03-07 01:21:02,322 - INFO - RabAI_AutoClick - ✓ 步骤 [2] 完成: 移动成功: (1331, 524) (0.43秒)
2026-03-07 01:21:02,324 - INFO - RabAI_AutoClick - 执行步骤 [4]: mouse_move
2026-03-07 01:21:02,753 - INFO - RabAI_AutoClick - ✓ 步骤 [4] 完成: 移动成功: (537, 868) (0.43秒)
2026-03-07 01:21:02,760 - INFO - RabAI_AutoClick - ✓ 工作流执行完成 | 总耗时: 0.9秒
2026-03-07 01:21:15,563 - INFO - RabAI_AutoClick - 程序退出
2026-03-07 01:21:18,918 - INFO - RabAI_AutoClick - 程序退出
2026-03-07 01:40:30,507 - WARNING - RabAI_AutoClick - keyboard模块未安装，全局热键不可用
2026-03-07 01:40:30,510 - INFO - RabAI_AutoClick - RabAI AutoClick v22 增强版启动
2026-03-07 01:40:32,292 - INFO - RabAI_AutoClick - ✓ 辅助功能权限已授权
2026-03-07 02:00:46,346 - WARNING - RabAI_AutoClick - keyboard模块未安装，全局热键不可用
2026-03-07 02:00:46,347 - INFO - RabAI_AutoClick - RabAI AutoClick v22 增强版启动
2026-03-07 02:03:07,158 - WARNING - RabAI_AutoClick - keyboard模块未安装，全局热键不可用
2026-03-07 02:03:07,159 - INFO - RabAI_AutoClick - RabAI AutoClick v22 增强版启动
2026-03-07 02:03:08,430 - INFO - RabAI_AutoClick - ✓ 辅助功能权限已授权
2026-03-07 02:04:00,022 - WARNING - RabAI_AutoClick - keyboard模块未安装，全局热键不可用
2026-03-07 02:04:00,024 - INFO - RabAI_AutoClick - RabAI AutoClick v22 增强版启动
2026-03-07 02:05:22,543 - WARNING - RabAI_AutoClick - keyboard模块未安装，全局热键不可用
2026-03-07 02:05:22,544 - INFO - RabAI_AutoClick - RabAI AutoClick v22 增强版启动
2026-03-07 02:06:13,449 - WARNING - RabAI_AutoClick - keyboard模块未安装，全局热键不可用
2026-03-07 02:06:13,450 - INFO - RabAI_AutoClick - RabAI AutoClick v22 增强版启动
2026-03-07 02:06:14,424 - INFO - RabAI_AutoClick - ✓ 辅助功能权限已授权
2026-03-07 02:07:01,447 - WARNING - RabAI_AutoClick - keyboard模块未安装，全局热键不可用
2026-03-07 02:07:01,448 - INFO - RabAI_AutoClick - RabAI AutoClick v22 增强版启动
2026-03-07 02:08:12,407 - WARNING - RabAI_AutoClick - keyboard模块未安装，全局热键不可用
2026-03-07 02:08:12,409 - INFO - RabAI_AutoClick - RabAI AutoClick v22 增强版启动
2026-03-07 02:08:43,937 - WARNING - RabAI_AutoClick - keyboard模块未安装，全局热键不可用
2026-03-07 02:08:43,938 - INFO - RabAI_AutoClick - RabAI AutoClick v22 增强版启动
2026-03-07 02:08:44,800 - INFO - RabAI_AutoClick - ✓ 辅助功能权限已授权
2026-03-07 02:09:53,544 - WARNING - RabAI_AutoClick - keyboard模块未安装，全局热键不可用
2026-03-07 02:09:53,545 - INFO - RabAI_AutoClick - RabAI AutoClick v22 增强版启动
2026-03-07 02:10:01,533 - WARNING - RabAI_AutoClick - keyboard模块未安装，全局热键不可用
2026-03-07 02:10:01,535 - INFO - RabAI_AutoClick - RabAI AutoClick v22 增强版启动
2026-03-07 02:10:03,245 - INFO - RabAI_AutoClick - ✓ 辅助功能权限已授权
2026-03-07 02:10:08,589 - INFO - RabAI_AutoClick - 程序退出
2026-03-07 02:10:23,844 - WARNING - RabAI_AutoClick - keyboard模块未安装，全局热键不可用
2026-03-07 02:10:23,845 - INFO - RabAI_AutoClick - RabAI AutoClick v22 增强版启动
2026-03-07 02:14:30,469 - WARNING - RabAI_AutoClick - keyboard模块未安装，全局热键不可用
2026-03-07 02:14:30,470 - INFO - RabAI_AutoClick - RabAI AutoClick v22 增强版启动
2026-03-07 02:15:28,069 - WARNING - RabAI_AutoClick - keyboard模块未安装，全局热键不可用
2026-03-07 02:15:28,070 - INFO - RabAI_AutoClick - RabAI AutoClick v22 增强版启动
2026-03-07 02:16:02,402 - INFO - RabAI_AutoClick - 程序退出
2026-03-07 02:16:10,929 - WARNING - RabAI_AutoClick - keyboard模块未安装，全局热键不可用
2026-03-07 02:16:10,930 - INFO - RabAI_AutoClick - RabAI AutoClick v22 增强版启动
2026-03-07 02:16:18,889 - INFO - RabAI_AutoClick - 程序退出
2026-03-07 02:18:33,871 - WARNING - RabAI_AutoClick - keyboard模块未安装，全局热键不可用
2026-03-07 02:18:33,872 - INFO - RabAI_AutoClick - RabAI AutoClick v22 增强版启动
2026-03-07 02:18:35,270 - INFO - RabAI_AutoClick - ✓ 辅助功能权限已授权
2026-03-07 02:19:18,410 - WARNING - RabAI_AutoClick - keyboard模块未安装，全局热键不可用
2026-03-07 02:19:18,411 - INFO - RabAI_AutoClick - RabAI AutoClick v22 增强版启动
2026-03-07 02:20:39,615 - WARNING - RabAI_AutoClick - keyboard模块未安装，全局热键不可用
2026-03-07 02:20:39,616 - INFO - RabAI_AutoClick - RabAI AutoClick v22 增强版启动
2026-03-07 02:20:40,849 - INFO - RabAI_AutoClick - ✓ 辅助功能权限已授权
2026-03-07 02:20:56,534 - WARNING - RabAI_AutoClick - keyboard模块未安装，全局热键不可用
2026-03-07 02:20:56,535 - INFO - RabAI_AutoClick - RabAI AutoClick v22 增强版启动
2026-03-07 02:20:57,333 - INFO - RabAI_AutoClick - ✓ 辅助功能权限已授权
2026-03-07 02:22:09,293 - WARNING - RabAI_AutoClick - keyboard模块未安装，全局热键不可用
2026-03-07 02:22:09,295 - INFO - RabAI_AutoClick - RabAI AutoClick v22 增强版启动
2026-03-07 02:22:10,329 - INFO - RabAI_AutoClick - ✓ 辅助功能权限已授权
2026-03-07 02:22:25,619 - WARNING - RabAI_AutoClick - keyboard模块未安装，全局热键不可用
2026-03-07 02:22:25,620 - INFO - RabAI_AutoClick - RabAI AutoClick v22 增强版启动
2026-03-07 02:22:43,311 - WARNING - RabAI_AutoClick - keyboard模块未安装，全局热键不可用
2026-03-07 02:22:43,312 - INFO - RabAI_AutoClick - RabAI AutoClick v22 增强版启动
2026-03-07 02:26:08,366 - WARNING - RabAI_AutoClick - keyboard模块未安装，全局热键不可用
2026-03-07 02:26:08,367 - INFO - RabAI_AutoClick - RabAI AutoClick v22 增强版启动
2026-03-07 02:27:05,858 - WARNING - RabAI_AutoClick - keyboard模块未安装，全局热键不可用
2026-03-07 02:27:05,859 - INFO - RabAI_AutoClick - RabAI AutoClick v22 增强版启动
2026-03-07 02:27:33,973 - WARNING - RabAI_AutoClick - keyboard模块未安装，全局热键不可用
2026-03-07 02:27:33,974 - INFO - RabAI_AutoClick - RabAI AutoClick v22 增强版启动
2026-03-07 13:11:19,909 - WARNING - RabAI_AutoClick - keyboard模块未安装，全局热键不可用
2026-03-07 13:11:19,917 - INFO - RabAI_AutoClick - RabAI AutoClick v22 增强版启动
2026-03-07 13:11:21,948 - INFO - RabAI_AutoClick - ✓ 辅助功能权限已授权
2026-03-07 13:11:23,035 - INFO - RabAI_AutoClick - 新建工作流
2026-03-07 13:14:51,957 - WARNING - RabAI_AutoClick - keyboard模块未安装，全局热键不可用
2026-03-07 13:14:51,959 - INFO - RabAI_AutoClick - RabAI AutoClick v22 增强版启动
2026-03-07 13:14:54,060 - INFO - RabAI_AutoClick - ✓ 辅助功能权限已授权
2026-03-07 13:25:51,564 - WARNING - RabAI_AutoClick - keyboard模块未安装，全局热键不可用
2026-03-07 13:25:51,565 - INFO - RabAI_AutoClick - RabAI AutoClick v22 增强版启动
2026-03-07 13:25:52,972 - INFO - RabAI_AutoClick - ✓ 辅助功能权限已授权
2026-03-07 13:26:44,317 - INFO - RabAI_AutoClick - 开始录制操作
2026-03-07 13:26:46,412 - INFO - RabAI_AutoClick - 录屏动作: click - {'x': 224, 'y': 462, 'button': 'left', 'clicks': 1}
2026-03-07 13:33:31,870 - WARNING - RabAI_AutoClick - keyboard模块未安装，全局热键不可用
2026-03-07 13:33:31,878 - INFO - RabAI_AutoClick - RabAI AutoClick v22 增强版启动
2026-03-07 13:33:48,725 - INFO - RabAI_AutoClick - 开始录制操作
2026-03-07 13:33:50,781 - INFO - RabAI_AutoClick - 录屏动作: click - {'x': 737, 'y': 444, 'button': 'left', 'clicks': 1}
2026-03-07 13:34:58,461 - WARNING - RabAI_AutoClick - keyboard模块未安装，全局热键不可用
2026-03-07 13:34:58,463 - INFO - RabAI_AutoClick - RabAI AutoClick v22 增强版启动
2026-03-07 13:35:00,512 - INFO - RabAI_AutoClick - ✓ 辅助功能权限已授权
2026-03-07 13:35:04,053 - INFO - RabAI_AutoClick - 开始录制操作
2026-03-07 13:35:05,502 - INFO - RabAI_AutoClick - 录屏动作: click - {'x': 782, 'y': 450, 'button': 'left', 'clicks': 1}
2026-03-07 13:35:08,157 - INFO - RabAI_AutoClick - 录屏动作: click - {'x': 982, 'y': 1015, 'button': 'left', 'clicks': 1, 'pre_delay': 2.654}
2026-03-07 13:35:08,962 - INFO - RabAI_AutoClick - 录屏动作: click - {'x': 926, 'y': 569, 'button': 'left', 'clicks': 1, 'pre_delay': 0.805}
2026-03-07 13:35:09,875 - INFO - RabAI_AutoClick - 录屏动作: click - {'x': 1004, 'y': 540, 'button': 'left', 'clicks': 1, 'pre_delay': 0.913}
2026-03-07 13:35:11,178 - INFO - RabAI_AutoClick - 录屏动作: click - {'x': 1158, 'y': 1010, 'button': 'left', 'clicks': 1, 'pre_delay': 1.303}
2026-03-07 13:35:12,376 - INFO - RabAI_AutoClick - 录屏动作: click - {'x': 1723, 'y': 646, 'button': 'left', 'clicks': 1, 'pre_delay': 1.198}
2026-03-07 13:35:12,492 - INFO - RabAI_AutoClick - 录屏动作: click - {'x': 1723, 'y': 646, 'button': 'left', 'clicks': 1, 'pre_delay': 0.116}
2026-03-07 13:35:15,186 - INFO - RabAI_AutoClick - 录屏动作: click - {'x': 1722, 'y': 646, 'button': 'left', 'clicks': 1, 'pre_delay': 2.694}
2026-03-07 13:35:15,317 - INFO - RabAI_AutoClick - 录屏动作: click - {'x': 1722, 'y': 646, 'button': 'left', 'clicks': 1, 'pre_delay': 0.131}
2026-03-07 13:35:17,017 - INFO - RabAI_AutoClick - 录屏动作: click - {'x': 2390, 'y': 988, 'button': 'left', 'clicks': 1, 'pre_delay': 1.701}
2026-03-07 13:35:18,555 - INFO - RabAI_AutoClick - 录屏动作: hotkey - {'keys': 'cmd+c', 'pre_delay': 1.538}
2026-03-07 13:35:19,611 - INFO - RabAI_AutoClick - 录屏动作: hotkey - {'keys': 'cmd+v', 'pre_delay': 1.056}
2026-03-07 13:35:20,955 - INFO - RabAI_AutoClick - 录屏动作: hotkey - {'keys': 'cmd+x', 'pre_delay': 1.344}
2026-03-07 13:35:26,057 - INFO - RabAI_AutoClick - 录屏动作: click - {'x': 1843, 'y': 1043, 'button': 'left', 'clicks': 1, 'pre_delay': 5.102}
2026-03-07 13:35:27,422 - INFO - RabAI_AutoClick - 录屏动作: click - {'x': 1007, 'y': 238, 'button': 'left', 'clicks': 1, 'pre_delay': 1.365}
2026-03-07 13:35:27,528 - INFO - RabAI_AutoClick - 录制完成，共 15 个动作
2026-03-07 13:36:34,127 - INFO - RabAI_AutoClick - 开始录制操作
2026-03-07 13:36:35,287 - INFO - RabAI_AutoClick - 录屏动作: click - {'x': 964, 'y': 377, 'button': 'left', 'clicks': 1}
2026-03-07 13:36:36,695 - INFO - RabAI_AutoClick - 录屏动作: click - {'x': 1700, 'y': 819, 'button': 'left', 'clicks': 1, 'pre_delay': 1.408}
2026-03-07 13:36:37,477 - INFO - RabAI_AutoClick - 录屏动作: click - {'x': 1364, 'y': 627, 'button': 'left', 'clicks': 1, 'pre_delay': 0.782}
2026-03-07 13:36:39,317 - INFO - RabAI_AutoClick - 录屏动作: hotkey - {'keys': 'cmd+c', 'pre_delay': 1.84}
2026-03-07 13:36:39,757 - INFO - RabAI_AutoClick - 录屏动作: hotkey - {'keys': 'cmd+v', 'pre_delay': 0.44}
2026-03-07 13:36:40,896 - INFO - RabAI_AutoClick - 录屏动作: hotkey - {'keys': 'cmd+n', 'pre_delay': 1.138}
2026-03-07 13:36:42,853 - INFO - RabAI_AutoClick - 录屏动作: click - {'x': 526, 'y': 347, 'button': 'left', 'clicks': 1, 'pre_delay': 1.957}
2026-03-07 13:36:44,990 - INFO - RabAI_AutoClick - 录屏动作: click - {'x': 127, 'y': 824, 'button': 'left', 'clicks': 1, 'pre_delay': 2.136}
2026-03-07 13:36:46,095 - INFO - RabAI_AutoClick - 录屏动作: click - {'x': 965, 'y': 234, 'button': 'left', 'clicks': 1, 'pre_delay': 1.105}
2026-03-07 13:36:46,310 - INFO - RabAI_AutoClick - 录制完成，共 9 个动作
2026-03-07 13:38:55,661 - INFO - RabAI_AutoClick - 执行第 1/1 次循环
2026-03-07 13:38:55,670 - INFO - RabAI_AutoClick - 执行步骤 [1]: None
2026-03-07 13:38:55,673 - ERROR - RabAI_AutoClick - 步骤 [1] 错误: 未找到动作类型: None
2026-03-07 13:38:55,676 - INFO - RabAI_AutoClick - ✓ 工作流执行完成 | 总耗时: 0.0秒
2026-03-07 13:46:54,609 - INFO - RabAI_AutoClick - 程序退出
2026-03-07 13:49:42,568 - WARNING - RabAI_AutoClick - keyboard模块未安装，全局热键不可用
2026-03-07 13:49:42,569 - INFO - RabAI_AutoClick - RabAI AutoClick v22 增强版启动
2026-03-07 13:49:44,613 - INFO - RabAI_AutoClick - ✓ 辅助功能权限已授权
2026-03-07 19:29:30,442 - INFO - RabAI_AutoClick - 从历史记录加载工作流
2026-03-07 19:34:13,610 - INFO - RabAI_AutoClick - 开始录制操作
2026-03-07 19:34:15,232 - INFO - RabAI_AutoClick - 录屏动作: click - {'x': 881, 'y': 401, 'button': 'left', 'clicks': 1}
2026-03-07 19:34:17,230 - INFO - RabAI_AutoClick - 录屏动作: click - {'x': 1709, 'y': 766, 'button': 'left', 'clicks': 1, 'pre_delay': 1.998}
2026-03-07 19:34:18,479 - INFO - RabAI_AutoClick - 录屏动作: click - {'x': 1393, 'y': 477, 'button': 'left', 'clicks': 1, 'pre_delay': 1.249}
2026-03-07 19:34:19,879 - INFO - RabAI_AutoClick - 录屏动作: click - {'x': 1317, 'y': 721, 'button': 'left', 'clicks': 1, 'pre_delay': 1.4}
2026-03-07 19:34:20,939 - INFO - RabAI_AutoClick - 录屏动作: hotkey - {'keys': 'cmd+c', 'pre_delay': 1.06}
2026-03-07 19:34:21,768 - INFO - RabAI_AutoClick - 录屏动作: click - {'x': 1263, 'y': 650, 'button': 'left', 'clicks': 1, 'pre_delay': 0.829}
2026-03-07 19:34:22,571 - INFO - RabAI_AutoClick - 录屏动作: hotkey - {'keys': 'cmd+v', 'pre_delay': 0.803}
2026-03-07 19:34:28,189 - INFO - RabAI_AutoClick - 录屏动作: click - {'x': 995, 'y': 243, 'button': 'left', 'clicks': 1, 'pre_delay': 5.618}
2026-03-07 19:34:28,405 - INFO - RabAI_AutoClick - 录制完成，共 8 个动作
2026-03-07 19:34:56,826 - INFO - RabAI_AutoClick - 快捷键已更新
2026-03-07 19:49:25,252 - INFO - RabAI_AutoClick - Qt快捷键已启用(仅窗口内有效): 运行=CTRL+F6, 停止=CTRL+F7, 录制=CTRL+F9/CTRL+F10
2026-03-07 19:49:25,253 - INFO - RabAI_AutoClick - RabAI AutoClick v22 增强版启动
2026-03-07 19:49:26,256 - INFO - RabAI_AutoClick - ✓ 辅助功能权限已授权
2026-03-07 19:54:09,746 - INFO - RabAI_AutoClick - 程序退出
2026-03-07 19:54:19,945 - INFO - RabAI_AutoClick - 程序退出
2026-03-07 20:51:19,476 - INFO - RabAI_AutoClick - Qt快捷键已启用(仅窗口内有效): 运行=CTRL+F6, 停止=CTRL+F7, 录制=CTRL+F9/CTRL+F10
2026-03-07 20:51:19,480 - INFO - RabAI_AutoClick - RabAI AutoClick v22 增强版启动
2026-03-07 20:57:43,314 - INFO - RabAI_AutoClick - 开始录制操作
2026-03-07 20:57:46,279 - INFO - RabAI_AutoClick - 录屏动作: click - {'x': 796, 'y': 230, 'button': 'left', 'clicks': 1}
2026-03-07 20:57:47,236 - INFO - RabAI_AutoClick - 录屏动作: click - {'x': 796, 'y': 230, 'button': 'left', 'clicks': 1, 'pre_delay': 0.957}
2026-03-07 20:57:48,015 - INFO - RabAI_AutoClick - 录屏动作: click - {'x': 960, 'y': 232, 'button': 'left', 'clicks': 1, 'pre_delay': 0.779}
2026-03-07 20:57:48,227 - INFO - RabAI_AutoClick - 录制完成，共 3 个动作
2026-03-07 20:58:23,844 - INFO - RabAI_AutoClick - 程序退出
2026-03-07 21:02:19,493 - INFO - RabAI_AutoClick - Qt快捷键已启用(仅窗口内有效): 运行=CTRL+F6, 停止=CTRL+F7, 录制=CTRL+F9/CTRL+F10
2026-03-07 21:02:19,494 - INFO - RabAI_AutoClick - RabAI AutoClick v22 增强版启动
2026-03-07 21:02:38,226 - INFO - RabAI_AutoClick - 设置OCR区域: (1551, 238, 352x453)
2026-03-07 21:02:54,373 - INFO - RabAI_AutoClick - 开始录制操作
2026-03-07 21:02:57,214 - INFO - RabAI_AutoClick - 录屏动作: click - {'x': 922, 'y': 407, 'button': 'left', 'clicks': 1}
2026-03-07 21:03:00,645 - INFO - RabAI_AutoClick - 录屏动作: click - {'x': 190, 'y': 490, 'button': 'left', 'clicks': 1, 'pre_delay': 3.431}
2026-03-07 21:03:01,686 - INFO - RabAI_AutoClick - 录屏动作: click - {'x': 88, 'y': 408, 'button': 'left', 'clicks': 1, 'pre_delay': 1.042}
2026-03-07 21:03:03,094 - INFO - RabAI_AutoClick - 录屏动作: click - {'x': 1551, 'y': 505, 'button': 'left', 'clicks': 1, 'pre_delay': 1.407}
2026-03-07 21:03:04,433 - INFO - RabAI_AutoClick - 录屏动作: click - {'x': 1760, 'y': 642, 'button': 'left', 'clicks': 1, 'pre_delay': 1.339}
2026-03-07 21:03:05,213 - INFO - RabAI_AutoClick - 录屏动作: click - {'x': 1747, 'y': 635, 'button': 'left', 'clicks': 1, 'pre_delay': 0.781}
2026-03-07 21:03:05,323 - INFO - RabAI_AutoClick - 录屏动作: double_click - {'x': 1747, 'y': 635, 'button': 'left', 'clicks': 2, 'pre_delay': 0.11}
2026-03-07 21:03:07,892 - INFO - RabAI_AutoClick - 录屏动作: click - {'x': 2317, 'y': 1018, 'button': 'left', 'clicks': 1, 'pre_delay': 2.569}
2026-03-07 21:03:09,408 - INFO - RabAI_AutoClick - 录屏动作: click - {'x': 1168, 'y': 630, 'button': 'left', 'clicks': 1, 'pre_delay': 1.516}
2026-03-07 21:03:12,335 - INFO - RabAI_AutoClick - 录屏动作: hotkey - {'keys': 'cmd+f10', 'pre_delay': 2.927}
2026-03-07 21:03:15,166 - INFO - RabAI_AutoClick - 录屏动作: hotkey - {'keys': 'ctrl+f9', 'pre_delay': 2.831}
2026-03-07 21:03:17,014 - INFO - RabAI_AutoClick - 录屏动作: click - {'x': 159, 'y': 829, 'button': 'left', 'clicks': 1, 'pre_delay': 1.848}
2026-03-07 21:03:21,488 - INFO - RabAI_AutoClick - 录屏动作: click - {'x': 1231, 'y': 414, 'button': 'left', 'clicks': 1, 'pre_delay': 4.473}
2026-03-07 21:03:22,443 - INFO - RabAI_AutoClick - 录屏动作: click - {'x': 1153, 'y': 444, 'button': 'left', 'clicks': 1, 'pre_delay': 0.956}
2026-03-07 21:03:24,222 - INFO - RabAI_AutoClick - 录屏动作: hotkey - {'keys': 'ctrl+f10', 'pre_delay': 1.779}
2026-03-07 21:03:25,343 - INFO - RabAI_AutoClick - 录屏动作: hotkey - {'keys': 'cmd+f10', 'pre_delay': 1.121}
2026-03-07 21:03:25,450 - INFO - RabAI_AutoClick - 录制完成，共 16 个动作
2026-03-07 21:03:58,076 - INFO - RabAI_AutoClick - 使用识别区域: (1551, 238, 352, 453)
2026-03-07 21:03:58,076 - INFO - RabAI_AutoClick - 执行第 1/1 次循环
2026-03-07 21:03:58,086 - INFO - RabAI_AutoClick - 执行步骤 [1]: None
2026-03-07 21:03:58,089 - ERROR - RabAI_AutoClick - 步骤 [1] 错误: 未找到动作类型: None
2026-03-07 21:03:58,091 - INFO - RabAI_AutoClick - ✓ 工作流执行完成 | 总耗时: 0.0秒
2026-03-07 21:10:12,968 - INFO - RabAI_AutoClick - Qt快捷键已启用(仅窗口内有效): 运行=CTRL+F6, 停止=CTRL+F7, 录制=CTRL+F9/CTRL+F10
2026-03-07 21:10:12,969 - INFO - RabAI_AutoClick - RabAI AutoClick v22 增强版启动
2026-03-07 21:10:13,815 - INFO - RabAI_AutoClick - ✓ 辅助功能权限已授权
2026-03-07 21:10:33,802 - INFO - RabAI_AutoClick - 程序退出
2026-03-07 21:10:39,599 - INFO - RabAI_AutoClick - 设置OCR区域: (897, 91, 475x448)
2026-03-07 21:10:46,017 - INFO - RabAI_AutoClick - 设置OCR区域: (1617, 170, 297x479)
2026-03-07 21:10:55,317 - INFO - RabAI_AutoClick - 开始录制操作
2026-03-07 21:10:56,640 - INFO - RabAI_AutoClick - 录屏动作: click - {'x': 914, 'y': 312, 'button': 'left', 'clicks': 1}
2026-03-07 21:10:58,771 - INFO - RabAI_AutoClick - 录屏动作: click - {'x': 173, 'y': 414, 'button': 'left', 'clicks': 1, 'pre_delay': 2.13}
2026-03-07 21:10:59,799 - INFO - RabAI_AutoClick - 录屏动作: click - {'x': 953, 'y': 358, 'button': 'left', 'clicks': 1, 'pre_delay': 1.03}
2026-03-07 21:11:00,950 - INFO - RabAI_AutoClick - 录屏动作: click - {'x': 1220, 'y': 667, 'button': 'left', 'clicks': 1, 'pre_delay': 1.15}
2026-03-07 21:11:01,072 - INFO - RabAI_AutoClick - 录屏动作: double_click - {'x': 1220, 'y': 667, 'button': 'left', 'clicks': 2, 'pre_delay': 0.122}
2026-03-07 21:11:02,658 - INFO - RabAI_AutoClick - 录屏动作: click - {'x': 215, 'y': 588, 'button': 'left', 'clicks': 1, 'pre_delay': 1.587}
2026-03-07 21:11:04,736 - INFO - RabAI_AutoClick - 录屏动作: hotkey - {'keys': 'cmd+c', 'pre_delay': 2.078}
2026-03-07 21:11:05,825 - INFO - RabAI_AutoClick - 录屏动作: hotkey - {'keys': 'cmd+v', 'pre_delay': 1.089}
2026-03-07 21:11:16,363 - INFO - RabAI_AutoClick - 录屏动作: click - {'x': 138, 'y': 543, 'button': 'left', 'clicks': 1, 'pre_delay': 10.538}
2026-03-07 21:11:22,320 - INFO - RabAI_AutoClick - 录屏动作: click - {'x': 197, 'y': 870, 'button': 'left', 'clicks': 1, 'pre_delay': 5.957}
2026-03-07 21:11:23,531 - INFO - RabAI_AutoClick - 录屏动作: click - {'x': 131, 'y': 558, 'button': 'left', 'clicks': 1, 'pre_delay': 1.211}
2026-03-07 21:11:26,573 - INFO - RabAI_AutoClick - 录制完成，共 11 个动作
2026-03-07 21:11:38,929 - INFO - RabAI_AutoClick - 使用识别区域: (1617, 170, 297, 479)
2026-03-07 21:11:38,930 - INFO - RabAI_AutoClick - 执行第 1/1 次循环
2026-03-07 21:11:38,938 - INFO - RabAI_AutoClick - 执行步骤 [1]: None
2026-03-07 21:11:38,941 - ERROR - RabAI_AutoClick - 步骤 [1] 错误: 未找到动作类型: None
2026-03-07 21:11:38,943 - INFO - RabAI_AutoClick - ✓ 工作流执行完成 | 总耗时: 0.0秒
2026-03-07 21:15:02,701 - INFO - RabAI_AutoClick - 程序退出
2026-03-07 21:15:50,110 - INFO - RabAI_AutoClick - Qt快捷键已启用(仅窗口内有效): 运行=CTRL+F6, 停止=CTRL+F7, 录制=CTRL+F9/CTRL+F10
2026-03-07 21:15:50,114 - INFO - RabAI_AutoClick - RabAI AutoClick v22 增强版启动
2026-03-07 21:15:51,713 - INFO - RabAI_AutoClick - ✓ 辅助功能权限已授权
2026-03-07 21:18:13,922 - INFO - RabAI_AutoClick - 全局快捷键已启用: 运行=CTRL+F6, 停止=CTRL+F7, 录制=CTRL+F9/CTRL+F10
2026-03-07 21:18:13,923 - INFO - RabAI_AutoClick - RabAI AutoClick v22 增强版启动
2026-03-07 21:18:15,481 - INFO - RabAI_AutoClick - ✓ 辅助功能权限已授权
2026-03-07 21:20:19,532 - INFO - RabAI_AutoClick - 程序退出
2026-03-07 21:21:04,124 - INFO - RabAI_AutoClick - 开始录制操作
2026-03-07 21:21:06,169 - INFO - RabAI_AutoClick - 录屏动作: click - {'x': 139, 'y': 555, 'button': 'left', 'clicks': 1}
2026-03-07 21:21:09,079 - INFO - RabAI_AutoClick - 录屏动作: click - {'x': 1607, 'y': 1021, 'button': 'left', 'clicks': 1, 'pre_delay': 2.91}
2026-03-07 21:21:17,546 - INFO - RabAI_AutoClick - 录屏动作: hotkey - {'keys': 'cmd+f11', 'pre_delay': 8.467}
2026-03-07 21:21:22,102 - INFO - RabAI_AutoClick - 录制完成，共 3 个动作
2026-03-07 21:21:28,830 - INFO - RabAI_AutoClick - 开始录制操作
2026-03-07 21:21:32,821 - INFO - RabAI_AutoClick - 录屏动作: click - {'x': 999, 'y': 564, 'button': 'left', 'clicks': 1}
2026-03-07 21:21:34,408 - INFO - RabAI_AutoClick - 录屏动作: click - {'x': 1302, 'y': 1013, 'button': 'left', 'clicks': 1, 'pre_delay': 1.587}
2026-03-07 21:21:35,497 - INFO - RabAI_AutoClick - 录屏动作: click - {'x': 1711, 'y': 650, 'button': 'left', 'clicks': 1, 'pre_delay': 1.089}
2026-03-07 21:21:35,638 - INFO - RabAI_AutoClick - 录屏动作: double_click - {'x': 1711, 'y': 650, 'button': 'left', 'clicks': 2, 'pre_delay': 0.141}
2026-03-07 21:21:37,428 - INFO - RabAI_AutoClick - 录屏动作: click - {'x': 823, 'y': 400, 'button': 'left', 'clicks': 1, 'pre_delay': 1.791}
2026-03-07 21:21:39,474 - INFO - RabAI_AutoClick - 录屏动作: click - {'x': 1264, 'y': 541, 'button': 'left', 'clicks': 1, 'pre_delay': 2.046}
2026-03-07 21:21:40,607 - INFO - RabAI_AutoClick - 录屏动作: click - {'x': 647, 'y': 821, 'button': 'left', 'clicks': 1, 'pre_delay': 1.133}
2026-03-07 21:21:43,717 - INFO - RabAI_AutoClick - 录屏动作: click - {'x': 1227, 'y': 1013, 'button': 'left', 'clicks': 1, 'pre_delay': 3.11}
2026-03-07 21:21:44,828 - INFO - RabAI_AutoClick - 录屏动作: scroll - {'x': 1323, 'y': 581, 'clicks': 1, 'direction': 'up', 'pre_delay': 1.11}
2026-03-07 21:21:44,885 - INFO - RabAI_AutoClick - 录屏动作: scroll - {'x': 1323, 'y': 581, 'clicks': 6, 'direction': 'up', 'pre_delay': 0.057}
2026-03-07 21:21:45,195 - INFO - RabAI_AutoClick - 录屏动作: scroll - {'x': 1323, 'y': 581, 'clicks': 1, 'direction': 'up', 'pre_delay': 0.31}
2026-03-07 21:21:45,252 - INFO - RabAI_AutoClick - 录屏动作: scroll - {'x': 1323, 'y': 581, 'clicks': 6, 'direction': 'up', 'pre_delay': 0.057}
2026-03-07 21:21:45,447 - INFO - RabAI_AutoClick - 录屏动作: scroll - {'x': 1323, 'y': 581, 'clicks': 1, 'direction': 'up', 'pre_delay': 0.196}
2026-03-07 21:21:45,808 - INFO - RabAI_AutoClick - 录屏动作: scroll - {'x': 1323, 'y': 581, 'clicks': 1, 'direction': 'down', 'pre_delay': 0.361}
2026-03-07 21:21:45,876 - INFO - RabAI_AutoClick - 录屏动作: scroll - {'x': 1323, 'y': 581, 'clicks': 6, 'direction': 'down', 'pre_delay': 0.067}
2026-03-07 21:21:46,073 - INFO - RabAI_AutoClick - 录屏动作: scroll - {'x': 1324, 'y': 572, 'clicks': 1, 'direction': 'down', 'pre_delay': 0.198}
2026-03-07 21:21:46,307 - INFO - RabAI_AutoClick - 录屏动作: scroll - {'x': 1324, 'y': 572, 'clicks': 1, 'direction': 'down', 'pre_delay': 0.233}
2026-03-07 21:21:46,575 - INFO - RabAI_AutoClick - 录屏动作: scroll - {'x': 1322, 'y': 527, 'clicks': 1, 'direction': 'up', 'pre_delay': 0.269}
2026-03-07 21:21:46,637 - INFO - RabAI_AutoClick - 录屏动作: scroll - {'x': 1322, 'y': 527, 'clicks': 6, 'direction': 'up', 'pre_delay': 0.062}
2026-03-07 21:21:46,805 - INFO - RabAI_AutoClick - 录屏动作: scroll - {'x': 1322, 'y': 527, 'clicks': 1, 'direction': 'up', 'pre_delay': 0.168}
2026-03-07 21:21:47,024 - INFO - RabAI_AutoClick - 录屏动作: scroll - {'x': 1322, 'y': 527, 'clicks': 1, 'direction': 'up', 'pre_delay': 0.219}
2026-03-07 21:21:47,082 - INFO - RabAI_AutoClick - 录屏动作: scroll - {'x': 1322, 'y': 527, 'clicks': 6, 'direction': 'up', 'pre_delay': 0.058}
2026-03-07 21:21:49,371 - INFO - RabAI_AutoClick - 录屏动作: hotkey - {'keys': 'cmd+c', 'pre_delay': 2.289}
2026-03-07 21:21:50,298 - INFO - RabAI_AutoClick - 录屏动作: hotkey - {'keys': 'cmd+v', 'pre_delay': 0.927}
2026-03-07 21:21:52,832 - INFO - RabAI_AutoClick - 录制完成，共 24 个动作
2026-03-07 21:22:01,270 - INFO - RabAI_AutoClick - 添加录屏步骤到工作流，共 24 个步骤
2026-03-07 21:22:01,271 - DEBUG - RabAI_AutoClick - 步骤 0: {'id': 1, 'params': {'button': 'left', 'clicks': 1, 'x': 999, 'y': 564}, 'type': 'click'}
2026-03-07 21:22:01,274 - DEBUG - RabAI_AutoClick - 原始类型: click
2026-03-07 21:22:01,274 - DEBUG - RabAI_AutoClick - 映射类型: click
2026-03-07 21:22:01,277 - DEBUG - RabAI_AutoClick - 步骤 1: {'id': 2, 'params': {'button': 'left', 'clicks': 1, 'pre_delay': 1.587, 'x': 1302, 'y': 1013}, 'type': 'click'}
2026-03-07 21:22:01,278 - DEBUG - RabAI_AutoClick - 原始类型: click
2026-03-07 21:22:01,279 - DEBUG - RabAI_AutoClick - 映射类型: click
2026-03-07 21:22:01,279 - DEBUG - RabAI_AutoClick - 步骤 2: {'id': 3, 'params': {'button': 'left', 'clicks': 1, 'pre_delay': 1.089, 'x': 1711, 'y': 650}, 'type': 'click'}
2026-03-07 21:22:01,279 - DEBUG - RabAI_AutoClick - 原始类型: click
2026-03-07 21:22:01,279 - DEBUG - RabAI_AutoClick - 映射类型: click
2026-03-07 21:22:01,280 - DEBUG - RabAI_AutoClick - 步骤 3: {'id': 4, 'params': {'button': 'left', 'clicks': 2, 'pre_delay': 0.141, 'x': 1711, 'y': 650}, 'type': 'double_click'}
2026-03-07 21:22:01,280 - DEBUG - RabAI_AutoClick - 原始类型: double_click
2026-03-07 21:22:01,280 - DEBUG - RabAI_AutoClick - 映射类型: double_click
2026-03-07 21:22:01,280 - DEBUG - RabAI_AutoClick - 步骤 4: {'id': 5, 'params': {'button': 'left', 'clicks': 1, 'pre_delay': 1.791, 'x': 823, 'y': 400}, 'type': 'click'}
2026-03-07 21:22:01,280 - DEBUG - RabAI_AutoClick - 原始类型: click
2026-03-07 21:22:01,281 - DEBUG - RabAI_AutoClick - 映射类型: click
2026-03-07 21:22:01,281 - DEBUG - RabAI_AutoClick - 步骤 5: {'id': 6, 'params': {'button': 'left', 'clicks': 1, 'pre_delay': 2.046, 'x': 1264, 'y': 541}, 'type': 'click'}
2026-03-07 21:22:01,281 - DEBUG - RabAI_AutoClick - 原始类型: click
2026-03-07 21:22:01,281 - DEBUG - RabAI_AutoClick - 映射类型: click
2026-03-07 21:22:01,281 - DEBUG - RabAI_AutoClick - 步骤 6: {'id': 7, 'params': {'button': 'left', 'clicks': 1, 'pre_delay': 1.133, 'x': 647, 'y': 821}, 'type': 'click'}
2026-03-07 21:22:01,281 - DEBUG - RabAI_AutoClick - 原始类型: click
2026-03-07 21:22:01,281 - DEBUG - RabAI_AutoClick - 映射类型: click
2026-03-07 21:22:01,282 - DEBUG - RabAI_AutoClick - 步骤 7: {'id': 8, 'params': {'button': 'left', 'clicks': 1, 'pre_delay': 3.11, 'x': 1227, 'y': 1013}, 'type': 'click'}
2026-03-07 21:22:01,282 - DEBUG - RabAI_AutoClick - 原始类型: click
2026-03-07 21:22:01,282 - DEBUG - RabAI_AutoClick - 映射类型: click
2026-03-07 21:22:01,282 - DEBUG - RabAI_AutoClick - 步骤 8: {'id': 9, 'params': {'clicks': 1, 'direction': 'up', 'pre_delay': 1.11, 'x': 1323, 'y': 581}, 'type': 'scroll'}
2026-03-07 21:22:01,282 - DEBUG - RabAI_AutoClick - 原始类型: scroll
2026-03-07 21:22:01,282 - DEBUG - RabAI_AutoClick - 映射类型: scroll
2026-03-07 21:22:01,282 - DEBUG - RabAI_AutoClick - 步骤 9: {'id': 10, 'params': {'clicks': 6, 'direction': 'up', 'pre_delay': 0.057, 'x': 1323, 'y': 581}, 'type': 'scroll'}
2026-03-07 21:22:01,283 - DEBUG - RabAI_AutoClick - 原始类型: scroll
2026-03-07 21:22:01,283 - DEBUG - RabAI_AutoClick - 映射类型: scroll
2026-03-07 21:22:01,283 - DEBUG - RabAI_AutoClick - 步骤 10: {'id': 11, 'params': {'clicks': 1, 'direction': 'up', 'pre_delay': 0.31, 'x': 1323, 'y': 581}, 'type': 'scroll'}
2026-03-07 21:22:01,283 - DEBUG - RabAI_AutoClick - 原始类型: scroll
2026-03-07 21:22:01,283 - DEBUG - RabAI_AutoClick - 映射类型: scroll
2026-03-07 21:22:01,283 - DEBUG - RabAI_AutoClick - 步骤 11: {'id': 12, 'params': {'clicks': 6, 'direction': 'up', 'pre_delay': 0.057, 'x': 1323, 'y': 581}, 'type': 'scroll'}
2026-03-07 21:22:01,283 - DEBUG - RabAI_AutoClick - 原始类型: scroll
2026-03-07 21:22:01,283 - DEBUG - RabAI_AutoClick - 映射类型: scroll
2026-03-07 21:22:01,283 - DEBUG - RabAI_AutoClick - 步骤 12: {'id': 13, 'params': {'clicks': 1, 'direction': 'up', 'pre_delay': 0.196, 'x': 1323, 'y': 581}, 'type': 'scroll'}
2026-03-07 21:22:01,283 - DEBUG - RabAI_AutoClick - 原始类型: scroll
2026-03-07 21:22:01,284 - DEBUG - RabAI_AutoClick - 映射类型: scroll
2026-03-07 21:22:01,284 - DEBUG - RabAI_AutoClick - 步骤 13: {'id': 14, 'params': {'clicks': 1, 'direction': 'down', 'pre_delay': 0.361, 'x': 1323, 'y': 581}, 'type': 'scroll'}
2026-03-07 21:22:01,284 - DEBUG - RabAI_AutoClick - 原始类型: scroll
2026-03-07 21:22:01,284 - DEBUG - RabAI_AutoClick - 映射类型: scroll
2026-03-07 21:22:01,284 - DEBUG - RabAI_AutoClick - 步骤 14: {'id': 15, 'params': {'clicks': 6, 'direction': 'down', 'pre_delay': 0.067, 'x': 1323, 'y': 581}, 'type': 'scroll'}
2026-03-07 21:22:01,284 - DEBUG - RabAI_AutoClick - 原始类型: scroll
2026-03-07 21:22:01,284 - DEBUG - RabAI_AutoClick - 映射类型: scroll
2026-03-07 21:22:01,284 - DEBUG - RabAI_AutoClick - 步骤 15: {'id': 16, 'params': {'clicks': 1, 'direction': 'down', 'pre_delay': 0.198, 'x': 1324, 'y': 572}, 'type': 'scroll'}
2026-03-07 21:22:01,284 - DEBUG - RabAI_AutoClick - 原始类型: scroll
2026-03-07 21:22:01,284 - DEBUG - RabAI_AutoClick - 映射类型: scroll
2026-03-07 21:22:01,285 - DEBUG - RabAI_AutoClick - 步骤 16: {'id': 17, 'params': {'clicks': 1, 'direction': 'down', 'pre_delay': 0.233, 'x': 1324, 'y': 572}, 'type': 'scroll'}
2026-03-07 21:22:01,285 - DEBUG - RabAI_AutoClick - 原始类型: scroll
2026-03-07 21:22:01,285 - DEBUG - RabAI_AutoClick - 映射类型: scroll
2026-03-07 21:22:01,285 - DEBUG - RabAI_AutoClick - 步骤 17: {'id': 18, 'params': {'clicks': 1, 'direction': 'up', 'pre_delay': 0.269, 'x': 1322, 'y': 527}, 'type': 'scroll'}
2026-03-07 21:22:01,286 - DEBUG - RabAI_AutoClick - 原始类型: scroll
2026-03-07 21:22:01,286 - DEBUG - RabAI_AutoClick - 映射类型: scroll
2026-03-07 21:22:01,286 - DEBUG - RabAI_AutoClick - 步骤 18: {'id': 19, 'params': {'clicks': 6, 'direction': 'up', 'pre_delay': 0.062, 'x': 1322, 'y': 527}, 'type': 'scroll'}
2026-03-07 21:22:01,286 - DEBUG - RabAI_AutoClick - 原始类型: scroll
2026-03-07 21:22:01,286 - DEBUG - RabAI_AutoClick - 映射类型: scroll
2026-03-07 21:22:01,286 - DEBUG - RabAI_AutoClick - 步骤 19: {'id': 20, 'params': {'clicks': 1, 'direction': 'up', 'pre_delay': 0.168, 'x': 1322, 'y': 527}, 'type': 'scroll'}
2026-03-07 21:22:01,286 - DEBUG - RabAI_AutoClick - 原始类型: scroll
2026-03-07 21:22:01,287 - DEBUG - RabAI_AutoClick - 映射类型: scroll
2026-03-07 21:22:01,287 - DEBUG - RabAI_AutoClick - 步骤 20: {'id': 21, 'params': {'clicks': 1, 'direction': 'up', 'pre_delay': 0.219, 'x': 1322, 'y': 527}, 'type': 'scroll'}
2026-03-07 21:22:01,287 - DEBUG - RabAI_AutoClick - 原始类型: scroll
2026-03-07 21:22:01,287 - DEBUG - RabAI_AutoClick - 映射类型: scroll
2026-03-07 21:22:01,287 - DEBUG - RabAI_AutoClick - 步骤 21: {'id': 22, 'params': {'clicks': 6, 'direction': 'up', 'pre_delay': 0.058, 'x': 1322, 'y': 527}, 'type': 'scroll'}
2026-03-07 21:22:01,287 - DEBUG - RabAI_AutoClick - 原始类型: scroll
2026-03-07 21:22:01,287 - DEBUG - RabAI_AutoClick - 映射类型: scroll
2026-03-07 21:22:01,287 - DEBUG - RabAI_AutoClick - 步骤 22: {'id': 23, 'params': {'keys': 'cmd+c', 'pre_delay': 2.289}, 'type': 'hotkey'}
2026-03-07 21:22:01,287 - DEBUG - RabAI_AutoClick - 原始类型: hotkey
2026-03-07 21:22:01,288 - DEBUG - RabAI_AutoClick - 映射类型: key_press
2026-03-07 21:22:01,288 - DEBUG - RabAI_AutoClick - 步骤 23: {'id': 24, 'params': {'keys': 'cmd+v', 'pre_delay': 0.927}, 'type': 'hotkey'}
2026-03-07 21:22:01,288 - DEBUG - RabAI_AutoClick - 原始类型: hotkey
2026-03-07 21:22:01,288 - DEBUG - RabAI_AutoClick - 映射类型: key_press
2026-03-07 21:22:20,972 - INFO - RabAI_AutoClick - 执行第 1/1 次循环
2026-03-07 21:22:20,985 - INFO - RabAI_AutoClick - 执行步骤 [1]: click
2026-03-07 21:22:21,597 - INFO - RabAI_AutoClick - ✓ 步骤 [1] 完成: 点击成功: (999, 564) left (0.61秒)
2026-03-07 21:22:21,597 - INFO - RabAI_AutoClick - 执行步骤 [2]: click
2026-03-07 21:22:23,785 - INFO - RabAI_AutoClick - ✓ 步骤 [2] 完成: 点击成功: (1302, 1013) left (2.20秒)
2026-03-07 21:22:23,786 - INFO - RabAI_AutoClick - 执行步骤 [3]: click
2026-03-07 21:22:25,473 - INFO - RabAI_AutoClick - ✓ 步骤 [3] 完成: 点击成功: (1711, 650) left (1.69秒)
2026-03-07 21:22:25,474 - INFO - RabAI_AutoClick - 执行步骤 [4]: double_click
2026-03-07 21:22:26,219 - INFO - RabAI_AutoClick - ✓ 步骤 [4] 完成: 双击成功: (1711, 650) left (0.75秒)
2026-03-07 21:22:26,220 - INFO - RabAI_AutoClick - 执行步骤 [5]: click
2026-03-07 21:22:28,618 - INFO - RabAI_AutoClick - ✓ 步骤 [5] 完成: 点击成功: (823, 400) left (2.40秒)
2026-03-07 21:22:28,618 - INFO - RabAI_AutoClick - 执行步骤 [6]: click
2026-03-07 21:22:31,274 - INFO - RabAI_AutoClick - ✓ 步骤 [6] 完成: 点击成功: (1264, 541) left (2.66秒)
2026-03-07 21:22:31,275 - INFO - RabAI_AutoClick - 执行步骤 [7]: click
2026-03-07 21:22:33,009 - INFO - RabAI_AutoClick - ✓ 步骤 [7] 完成: 点击成功: (647, 821) left (1.73秒)
2026-03-07 21:22:33,009 - INFO - RabAI_AutoClick - 执行步骤 [8]: click
2026-03-07 21:22:36,719 - INFO - RabAI_AutoClick - ✓ 步骤 [8] 完成: 点击成功: (1227, 1013) left (3.71秒)
2026-03-07 21:22:36,720 - INFO - RabAI_AutoClick - 执行步骤 [9]: scroll
2026-03-07 21:22:38,428 - INFO - RabAI_AutoClick - ✓ 步骤 [9] 完成: 滚动成功: 1 格 (up) (1.71秒)
2026-03-07 21:22:38,429 - INFO - RabAI_AutoClick - 执行步骤 [10]: scroll
2026-03-07 21:22:39,082 - INFO - RabAI_AutoClick - ✓ 步骤 [10] 完成: 滚动成功: 6 格 (up) (0.65秒)
2026-03-07 21:22:39,082 - INFO - RabAI_AutoClick - 执行步骤 [11]: scroll
2026-03-07 21:22:39,999 - INFO - RabAI_AutoClick - ✓ 步骤 [11] 完成: 滚动成功: 1 格 (up) (0.92秒)
2026-03-07 21:22:39,999 - INFO - RabAI_AutoClick - 执行步骤 [12]: scroll
2026-03-07 21:22:40,648 - INFO - RabAI_AutoClick - ✓ 步骤 [12] 完成: 滚动成功: 6 格 (up) (0.65秒)
2026-03-07 21:22:40,649 - INFO - RabAI_AutoClick - 执行步骤 [13]: scroll
2026-03-07 21:22:41,438 - INFO - RabAI_AutoClick - ✓ 步骤 [13] 完成: 滚动成功: 1 格 (up) (0.79秒)
2026-03-07 21:22:41,439 - INFO - RabAI_AutoClick - 执行步骤 [14]: scroll
2026-03-07 21:22:42,400 - INFO - RabAI_AutoClick - ✓ 步骤 [14] 完成: 滚动成功: -1 格 (down) (0.96秒)
2026-03-07 21:22:42,401 - INFO - RabAI_AutoClick - 执行步骤 [15]: scroll
2026-03-07 21:22:43,070 - INFO - RabAI_AutoClick - ✓ 步骤 [15] 完成: 滚动成功: -6 格 (down) (0.67秒)
2026-03-07 21:22:43,070 - INFO - RabAI_AutoClick - 执行步骤 [16]: scroll
2026-03-07 21:22:43,880 - INFO - RabAI_AutoClick - ✓ 步骤 [16] 完成: 滚动成功: -1 格 (down) (0.81秒)
2026-03-07 21:22:43,881 - INFO - RabAI_AutoClick - 执行步骤 [17]: scroll
2026-03-07 21:22:44,707 - INFO - RabAI_AutoClick - ✓ 步骤 [17] 完成: 滚动成功: -1 格 (down) (0.83秒)
2026-03-07 21:22:44,708 - INFO - RabAI_AutoClick - 执行步骤 [18]: scroll
2026-03-07 21:22:45,580 - INFO - RabAI_AutoClick - ✓ 步骤 [18] 完成: 滚动成功: 1 格 (up) (0.87秒)
2026-03-07 21:22:45,580 - INFO - RabAI_AutoClick - 执行步骤 [19]: scroll
2026-03-07 21:22:46,240 - INFO - RabAI_AutoClick - ✓ 步骤 [19] 完成: 滚动成功: 6 格 (up) (0.66秒)
2026-03-07 21:22:46,241 - INFO - RabAI_AutoClick - 执行步骤 [20]: scroll
2026-03-07 21:22:47,006 - INFO - RabAI_AutoClick - ✓ 步骤 [20] 完成: 滚动成功: 1 格 (up) (0.77秒)
2026-03-07 21:22:47,007 - INFO - RabAI_AutoClick - 执行步骤 [21]: scroll
2026-03-07 21:22:47,837 - INFO - RabAI_AutoClick - ✓ 步骤 [21] 完成: 滚动成功: 1 格 (up) (0.83秒)
2026-03-07 21:22:47,837 - INFO - RabAI_AutoClick - 执行步骤 [22]: scroll
2026-03-07 21:22:48,496 - INFO - RabAI_AutoClick - ✓ 步骤 [22] 完成: 滚动成功: 6 格 (up) (0.66秒)
2026-03-07 21:22:48,496 - INFO - RabAI_AutoClick - 执行步骤 [23]: key_press
2026-03-07 21:22:51,330 - INFO - RabAI_AutoClick - ✓ 步骤 [23] 完成: 按键成功: ['cmd', 'c'] (2.83秒)
2026-03-07 21:22:51,331 - INFO - RabAI_AutoClick - 执行步骤 [24]: key_press
2026-03-07 21:22:52,803 - INFO - RabAI_AutoClick - ✓ 步骤 [24] 完成: 按键成功: ['cmd', 'v'] (1.47秒)
2026-03-07 21:22:52,810 - INFO - RabAI_AutoClick - ✓ 工作流执行完成 | 总耗时: 31.8秒
2026-03-07 21:24:20,363 - INFO - RabAI_AutoClick - 设置OCR区域: (1610, 252, 309x452)
2026-03-07 21:37:05,368 - INFO - RabAI_AutoClick - 全局快捷键已启用: 运行=CTRL+F6, 停止=CTRL+F7, 录制=CTRL+F9/CTRL+F10
2026-03-07 21:37:05,375 - INFO - RabAI_AutoClick - RabAI AutoClick v22 增强版启动
2026-03-07 21:37:06,479 - INFO - RabAI_AutoClick - ✓ 辅助功能权限已授权
2026-03-07 21:46:27,667 - INFO - RabAI_AutoClick - 全局快捷键已启用: 运行=CTRL+F6, 停止=CTRL+F7, 录制=CTRL+F9/CTRL+F10
2026-03-07 21:46:27,668 - INFO - RabAI_AutoClick - RabAI AutoClick v22 增强版启动
2026-03-07 21:46:29,175 - INFO - RabAI_AutoClick - ✓ 辅助功能权限已授权
2026-03-07 21:52:50,474 - INFO - RabAI_AutoClick - 全局快捷键已启用: 运行=CTRL+F6, 停止=CTRL+F7, 录制=CTRL+F9/CTRL+F10
2026-03-07 21:52:50,478 - INFO - RabAI_AutoClick - RabAI AutoClick v22 增强版启动
2026-03-07 21:52:52,036 - INFO - RabAI_AutoClick - ✓ 辅助功能权限已授权
2026-03-07 21:54:47,880 - INFO - RabAI_AutoClick - 全局快捷键已启用: 运行=CTRL+F6, 停止=CTRL+F7, 录制=CTRL+F9/CTRL+F10
2026-03-07 21:54:47,883 - INFO - RabAI_AutoClick - RabAI AutoClick v22 增强版启动
2026-03-07 21:54:49,144 - INFO - RabAI_AutoClick - ✓ 辅助功能权限已授权
2026-03-07 21:56:45,093 - INFO - RabAI_AutoClick - 全局快捷键已启用: 运行=CTRL+F6, 停止=CTRL+F7, 录制=CTRL+F9/CTRL+F10
2026-03-07 21:56:45,095 - INFO - RabAI_AutoClick - RabAI AutoClick v22 增强版启动
2026-03-07 21:56:56,137 - INFO - RabAI_AutoClick - 开始录制操作
2026-03-07 21:56:57,710 - INFO - RabAI_AutoClick - 录屏动作: click - {'x': 758, 'y': 442, 'button': 'left', 'clicks': 1}
2026-03-07 21:56:59,118 - INFO - RabAI_AutoClick - 录屏动作: click - {'x': 1211, 'y': 1020, 'button': 'left', 'clicks': 1, 'pre_delay': 1.408}
2026-03-07 21:57:00,341 - INFO - RabAI_AutoClick - 录制完成，共 2 个动作
2026-03-07 21:57:16,199 - INFO - RabAI_AutoClick - 添加录屏步骤到工作流，共 2 个步骤
2026-03-07 21:57:16,201 - DEBUG - RabAI_AutoClick - 步骤 0: {'id': 1, 'params': {'button': 'left', 'clicks': 1, 'x': 758, 'y': 442}, 'type': 'click'}
2026-03-07 21:57:16,202 - DEBUG - RabAI_AutoClick - 原始类型: click
2026-03-07 21:57:16,202 - DEBUG - RabAI_AutoClick - 映射类型: click
2026-03-07 21:57:16,203 - DEBUG - RabAI_AutoClick - 步骤 1: {'id': 2, 'params': {'button': 'left', 'clicks': 1, 'pre_delay': 1.408, 'x': 1211, 'y': 1020}, 'type': 'click'}
2026-03-07 21:57:16,203 - DEBUG - RabAI_AutoClick - 原始类型: click
2026-03-07 21:57:16,204 - DEBUG - RabAI_AutoClick - 映射类型: click
2026-03-07 21:57:19,306 - INFO - RabAI_AutoClick - 执行第 1/1 次循环
2026-03-07 21:57:19,329 - INFO - RabAI_AutoClick - 执行步骤 [1]: click
2026-03-07 21:57:19,965 - INFO - RabAI_AutoClick - ✓ 步骤 [1] 完成: 点击成功: (758, 442) left (0.61秒)
2026-03-07 21:57:19,966 - INFO - RabAI_AutoClick - 执行步骤 [2]: click
2026-03-07 21:57:21,936 - INFO - RabAI_AutoClick - ✓ 步骤 [2] 完成: 点击成功: (1211, 1020) left (2.00秒)
2026-03-07 21:57:21,940 - INFO - RabAI_AutoClick - ✓ 工作流执行完成 | 总耗时: 2.6秒
2026-03-07 22:01:49,552 - INFO - RabAI_AutoClick - 全局快捷键已启用: 运行=CTRL+F6, 停止=CTRL+F7, 录制=CTRL+F9/CTRL+F10
2026-03-07 22:01:49,553 - INFO - RabAI_AutoClick - RabAI AutoClick v22 增强版启动
2026-03-07 22:01:49,712 - INFO - RabAI_AutoClick - 教学模式: True
2026-03-07 22:03:39,250 - INFO - RabAI_AutoClick - 全局快捷键已启用: 运行=CTRL+F6, 停止=CTRL+F7, 录制=CTRL+F9/CTRL+F10
2026-03-07 22:03:39,256 - INFO - RabAI_AutoClick - RabAI AutoClick v22 增强版启动
2026-03-07 22:03:41,302 - INFO - RabAI_AutoClick - ✓ 辅助功能权限已授权
2026-03-07 22:03:50,677 - INFO - RabAI_AutoClick - 开始录制操作
2026-03-07 22:03:52,221 - INFO - RabAI_AutoClick - 录屏动作: click - {'x': 1031, 'y': 265, 'button': 'left', 'clicks': 1}
2026-03-07 22:03:53,678 - INFO - RabAI_AutoClick - 录屏动作: click - {'x': 1268, 'y': 416, 'button': 'left', 'clicks': 1, 'pre_delay': 1.457}
2026-03-07 22:03:55,507 - INFO - RabAI_AutoClick - 录制完成，共 2 个动作
2026-03-07 22:03:58,491 - INFO - RabAI_AutoClick - 添加录屏步骤到工作流，共 2 个步骤
2026-03-07 22:03:58,493 - DEBUG - RabAI_AutoClick - 步骤 0: {'id': 1, 'params': {'button': 'left', 'clicks': 1, 'x': 1031, 'y': 265}, 'type': 'click'}
2026-03-07 22:03:58,493 - DEBUG - RabAI_AutoClick - 原始类型: click
2026-03-07 22:03:58,493 - DEBUG - RabAI_AutoClick - 映射类型: click
2026-03-07 22:03:58,493 - DEBUG - RabAI_AutoClick - 步骤 1: {'id': 2, 'params': {'button': 'left', 'clicks': 1, 'pre_delay': 1.457, 'x': 1268, 'y': 416}, 'type': 'click'}
2026-03-07 22:03:58,493 - DEBUG - RabAI_AutoClick - 原始类型: click
2026-03-07 22:03:58,493 - DEBUG - RabAI_AutoClick - 映射类型: click
2026-03-07 22:04:01,162 - INFO - RabAI_AutoClick - 执行第 1/1 次循环
2026-03-07 22:04:01,179 - INFO - RabAI_AutoClick - 执行步骤 [1]: click
2026-03-07 22:04:01,851 - INFO - RabAI_AutoClick - ✓ 步骤 [1] 完成: 点击成功: (1031, 265) left (0.59秒)
2026-03-07 22:04:01,851 - INFO - RabAI_AutoClick - 执行步骤 [2]: click
2026-03-07 22:04:03,821 - INFO - RabAI_AutoClick - ✓ 步骤 [2] 完成: 点击成功: (1268, 416) left (2.05秒)
2026-03-07 22:04:03,830 - INFO - RabAI_AutoClick - ✓ 工作流执行完成 | 总耗时: 2.7秒
2026-03-07 22:04:10,746 - INFO - RabAI_AutoClick - 执行第 1/1 次循环
2026-03-07 22:04:10,777 - INFO - RabAI_AutoClick - 执行步骤 [1]: click
2026-03-07 22:04:11,406 - INFO - RabAI_AutoClick - ✓ 步骤 [1] 完成: 点击成功: (1031, 265) left (0.61秒)
2026-03-07 22:04:11,407 - INFO - RabAI_AutoClick - 执行步骤 [2]: click
2026-03-07 22:04:13,444 - INFO - RabAI_AutoClick - ✓ 步骤 [2] 完成: 点击成功: (1268, 416) left (2.06秒)
2026-03-07 22:04:13,453 - INFO - RabAI_AutoClick - ✓ 工作流执行完成 | 总耗时: 2.7秒
2026-03-07 22:06:39,255 - INFO - RabAI_AutoClick - 全局快捷键已启用: 运行=CTRL+F6, 停止=CTRL+F7, 录制=CTRL+F9/CTRL+F10
2026-03-07 22:06:39,257 - INFO - RabAI_AutoClick - RabAI AutoClick v22 增强版启动
2026-03-07 22:06:41,597 - INFO - RabAI_AutoClick - ✓ 辅助功能权限已授权
2026-03-07 22:08:39,527 - INFO - RabAI_AutoClick - 全局快捷键已启用: 运行=CTRL+F6, 停止=CTRL+F7, 录制=CTRL+F9/CTRL+F10
2026-03-07 22:08:39,531 - INFO - RabAI_AutoClick - RabAI AutoClick v22 增强版启动
2026-03-07 22:08:41,591 - INFO - RabAI_AutoClick - ✓ 辅助功能权限已授权
2026-03-07 22:08:43,654 - INFO - RabAI_AutoClick - 教学模式: True
2026-03-07 22:16:03,877 - INFO - RabAI_AutoClick - 全局快捷键已启用: 运行=CTRL+F6, 停止=CTRL+F7, 录制=CTRL+F9/CTRL+F10, 显示=F11
2026-03-07 22:16:03,886 - INFO - RabAI_AutoClick - RabAI AutoClick v22 增强版启动
2026-03-07 22:16:14,430 - INFO - RabAI_AutoClick - 按键显示: True
2026-03-07 22:16:27,298 - INFO - RabAI_AutoClick - 按键显示: False
2026-03-07 22:16:28,630 - INFO - RabAI_AutoClick - 按键显示: True
2026-03-07 22:16:54,443 - INFO - RabAI_AutoClick - 按键显示: False
2026-03-07 22:16:58,208 - INFO - RabAI_AutoClick - 按键显示: True
2026-03-07 22:16:58,990 - INFO - RabAI_AutoClick - 按键显示: False
2026-03-07 22:17:04,006 - INFO - RabAI_AutoClick - 快捷键已更新
2026-03-07 22:20:44,595 - INFO - RabAI_AutoClick - 全局快捷键已启用: 运行=CTRL+F6, 停止=CTRL+F7, 录制=CTRL+F9/CTRL+F10, 显示=F11
2026-03-07 22:20:44,605 - INFO - RabAI_AutoClick - RabAI AutoClick v22 增强版启动
2026-03-07 22:20:45,780 - INFO - RabAI_AutoClick - ✓ 辅助功能权限已授权
2026-03-07 22:22:47,901 - INFO - RabAI_AutoClick - 按键显示: True
2026-03-07 22:23:01,719 - INFO - RabAI_AutoClick - 按键显示: False
2026-03-07 22:23:13,212 - INFO - RabAI_AutoClick - 快捷键已更新
2026-03-07 22:27:26,200 - INFO - RabAI_AutoClick - 全局快捷键已启用: 运行=CTRL+F6, 停止=CTRL+F7, 录制=CTRL+F9/CTRL+F10, 显示=CTRL+F11
2026-03-07 22:27:26,202 - INFO - RabAI_AutoClick - RabAI AutoClick v22 增强版启动
2026-03-07 22:27:28,030 - INFO - RabAI_AutoClick - ✓ 辅助功能权限已授权
2026-03-07 22:27:30,925 - INFO - RabAI_AutoClick - 按键显示: True
2026-03-07 22:27:40,536 - INFO - RabAI_AutoClick - 快捷键已更新
2026-03-07 22:30:27,795 - INFO - RabAI_AutoClick - 全局快捷键已启用: 运行=CTRL+F6, 停止=CTRL+F7, 录制=CTRL+F9/CTRL+F10, 显示=CTRL+F11
2026-03-07 22:30:27,798 - INFO - RabAI_AutoClick - RabAI AutoClick v22 增强版启动
2026-03-07 22:30:35,805 - INFO - RabAI_AutoClick - 按键显示: True
2026-03-07 22:30:51,782 - INFO - RabAI_AutoClick - 按键显示: False
2026-03-07 22:39:26,946 - INFO - RabAI_AutoClick - 全局快捷键已启用: 运行=CTRL+F6, 停止=CTRL+F7, 录制=CTRL+F9/CTRL+F10, 显示=CTRL+F11
2026-03-07 22:39:26,964 - INFO - RabAI_AutoClick - RabAI AutoClick v22 增强版启动
2026-03-07 22:42:22,989 - INFO - RabAI_AutoClick - 全局快捷键已启用: 运行=CTRL+F6, 停止=CTRL+F7, 录制=CTRL+F9/CTRL+F10, 显示=CTRL+F11
2026-03-07 22:42:22,991 - INFO - RabAI_AutoClick - RabAI AutoClick v22 增强版启动
2026-03-07 22:49:31,496 - INFO - RabAI_AutoClick - 全局快捷键已启用: 运行=CTRL+F6, 停止=CTRL+F7, 录制=CTRL+F9/CTRL+F10, 显示=CTRL+F11
2026-03-07 22:49:31,499 - INFO - RabAI_AutoClick - RabAI AutoClick v22 增强版启动
2026-03-07 22:49:32,295 - INFO - RabAI_AutoClick - ✓ 辅助功能权限已授权
2026-03-07 22:56:52,800 - INFO - RabAI_AutoClick - 按键显示: True
2026-03-07 22:57:33,273 - INFO - RabAI_AutoClick - 快捷键已更新
2026-03-07 22:57:40,652 - INFO - RabAI_AutoClick - 设置OCR区域: (1539, 261, 393x457)
2026-03-07 22:57:48,380 - INFO - RabAI_AutoClick - 开始录制操作
2026-03-07 22:57:50,323 - INFO - RabAI_AutoClick - 录屏动作: click - {'x': 1057, 'y': 486, 'button': 'left', 'clicks': 1}
2026-03-07 22:57:52,856 - INFO - RabAI_AutoClick - 录屏动作: click - {'x': 840, 'y': 170, 'button': 'left', 'clicks': 1, 'pre_delay': 2.534}
2026-03-07 22:57:54,496 - INFO - RabAI_AutoClick - 录屏动作: click - {'x': 211, 'y': 902, 'button': 'left', 'clicks': 1, 'pre_delay': 1.64}
2026-03-07 22:57:56,742 - INFO - RabAI_AutoClick - 录制完成，共 3 个动作
2026-03-07 22:57:59,041 - INFO - RabAI_AutoClick - 添加录屏步骤到工作流，共 3 个步骤
2026-03-07 22:57:59,042 - DEBUG - RabAI_AutoClick - 步骤 0: {'id': 1, 'params': {'button': 'left', 'clicks': 1, 'x': 1057, 'y': 486}, 'type': 'click'}
2026-03-07 22:57:59,042 - DEBUG - RabAI_AutoClick - 原始类型: click
2026-03-07 22:57:59,042 - DEBUG - RabAI_AutoClick - 映射类型: click
2026-03-07 22:57:59,043 - DEBUG - RabAI_AutoClick - 步骤 1: {'id': 2, 'params': {'button': 'left', 'clicks': 1, 'pre_delay': 2.534, 'x': 840, 'y': 170}, 'type': 'click'}
2026-03-07 22:57:59,043 - DEBUG - RabAI_AutoClick - 原始类型: click
2026-03-07 22:57:59,043 - DEBUG - RabAI_AutoClick - 映射类型: click
2026-03-07 22:57:59,043 - DEBUG - RabAI_AutoClick - 步骤 2: {'id': 3, 'params': {'button': 'left', 'clicks': 1, 'pre_delay': 1.64, 'x': 211, 'y': 902}, 'type': 'click'}
2026-03-07 22:57:59,043 - DEBUG - RabAI_AutoClick - 原始类型: click
2026-03-07 22:57:59,043 - DEBUG - RabAI_AutoClick - 映射类型: click
2026-03-07 22:58:07,817 - INFO - RabAI_AutoClick - 使用识别区域: (1539, 261, 393, 457)
2026-03-07 22:58:07,824 - INFO - RabAI_AutoClick - 执行第 1/1 次循环
2026-03-07 22:58:07,847 - INFO - RabAI_AutoClick - 执行步骤 [1]: click
2026-03-07 22:58:08,644 - INFO - RabAI_AutoClick - ✓ 步骤 [1] 完成: 点击成功: (1057, 486) left (0.76秒)
2026-03-07 22:58:08,645 - INFO - RabAI_AutoClick - 执行步骤 [2]: click
2026-03-07 22:58:11,750 - INFO - RabAI_AutoClick - ✓ 步骤 [2] 完成: 点击成功: (840, 170) left (3.14秒)
2026-03-07 22:58:11,752 - INFO - RabAI_AutoClick - 执行步骤 [3]: click
2026-03-07 22:58:13,996 - INFO - RabAI_AutoClick - ✓ 步骤 [3] 完成: 点击成功: (211, 902) left (2.25秒)
2026-03-07 22:58:14,016 - INFO - RabAI_AutoClick - ✓ 工作流执行完成 | 总耗时: 6.2秒
2026-03-07 22:58:22,429 - INFO - RabAI_AutoClick - 循环设置: 2次, 间隔1.0秒
2026-03-07 22:58:27,605 - INFO - RabAI_AutoClick - 使用识别区域: (1539, 261, 393, 457)
2026-03-07 22:58:27,606 - INFO - RabAI_AutoClick - 执行第 1/2 次循环
2026-03-07 22:58:27,622 - INFO - RabAI_AutoClick - 执行步骤 [1]: click
2026-03-07 22:58:28,210 - INFO - RabAI_AutoClick - ✓ 步骤 [1] 完成: 点击成功: (1057, 486) left (0.59秒)
2026-03-07 22:58:28,212 - INFO - RabAI_AutoClick - 执行步骤 [2]: click
2026-03-07 22:58:31,349 - INFO - RabAI_AutoClick - ✓ 步骤 [2] 完成: 点击成功: (840, 170) left (3.14秒)
2026-03-07 22:58:31,350 - INFO - RabAI_AutoClick - 执行步骤 [3]: click
2026-03-07 22:58:33,591 - INFO - RabAI_AutoClick - ✓ 步骤 [3] 完成: 点击成功: (211, 902) left (2.24秒)
2026-03-07 22:58:33,594 - INFO - RabAI_AutoClick - 循环 1 完成，等待 1.0 秒后继续...
2026-03-07 22:58:34,595 - INFO - RabAI_AutoClick - 执行第 2/2 次循环
2026-03-07 22:58:34,610 - INFO - RabAI_AutoClick - 执行步骤 [1]: click
2026-03-07 22:58:35,209 - INFO - RabAI_AutoClick - ✓ 步骤 [1] 完成: 点击成功: (1057, 486) left (0.60秒)
2026-03-07 22:58:35,209 - INFO - RabAI_AutoClick - 执行步骤 [2]: click
2026-03-07 22:58:38,349 - INFO - RabAI_AutoClick - ✓ 步骤 [2] 完成: 点击成功: (840, 170) left (3.13秒)
2026-03-07 22:58:38,349 - INFO - RabAI_AutoClick - 执行步骤 [3]: click
2026-03-07 22:58:40,583 - INFO - RabAI_AutoClick - ✓ 步骤 [3] 完成: 点击成功: (211, 902) left (2.24秒)
2026-03-07 22:58:40,594 - INFO - RabAI_AutoClick - ✓ 工作流执行完成 (共2次循环) | 总耗时: 13.0秒 | 平均每循环: 6.0秒
2026-03-07 23:00:48,613 - INFO - RabAI_AutoClick - 按键显示: False
2026-03-07 23:00:49,548 - INFO - RabAI_AutoClick - 按键显示: True
